[ApkAdmin/server]2025-10-08 10:43:57.256	[34minfo[0m	/Volumes/workspace/GoProjects/ApkAdmin/initialize/gorm.go:78	register table success
[ApkAdmin/server]2025-10-08 10:43:57.258	[34minfo[0m	/Volumes/workspace/GoProjects/ApkAdmin/initialize/router.go:58	use middleware cors
[ApkAdmin/server]2025-10-08 10:43:57.259	[34minfo[0m	/Volumes/workspace/GoProjects/ApkAdmin/initialize/router.go:61	register swagger handler
[ApkAdmin/server]2025-10-08 10:49:25.246	[34minfo[0m	/Volumes/workspace/GoProjects/ApkAdmin/initialize/gorm.go:78	register table success
[ApkAdmin/server]2025-10-08 10:49:25.248	[34minfo[0m	/Volumes/workspace/GoProjects/ApkAdmin/initialize/router.go:58	use middleware cors
[ApkAdmin/server]2025-10-08 10:49:25.248	[34minfo[0m	/Volumes/workspace/GoProjects/ApkAdmin/initialize/router.go:61	register swagger handler
[ApkAdmin/server]2025-10-08 10:49:25.264	[34minfo[0m	/Volumes/workspace/GoProjects/ApkAdmin/initialize/router.go:121	router register success
[ApkAdmin/server]2025-10-08 10:54:59.855	[34minfo[0m	/Volumes/workspace/GoProjects/ApkAdmin/core/server_run.go:48	关闭WEB服务...
[ApkAdmin/server]2025-10-08 10:54:59.856	[34minfo[0m	/Volumes/workspace/GoProjects/ApkAdmin/core/server_run.go:59	WEB服务已关闭
[ApkAdmin/server]2025-10-08 10:55:10.709	[34minfo[0m	/Volumes/workspace/GoProjects/ApkAdmin/initialize/gorm.go:78	register table success
[ApkAdmin/server]2025-10-08 10:55:10.710	[34minfo[0m	/Volumes/workspace/GoProjects/ApkAdmin/initialize/router.go:58	use middleware cors
[ApkAdmin/server]2025-10-08 10:55:10.710	[34minfo[0m	/Volumes/workspace/GoProjects/ApkAdmin/initialize/router.go:61	register swagger handler
[ApkAdmin/server]2025-10-08 10:55:10.724	[34minfo[0m	/Volumes/workspace/GoProjects/ApkAdmin/initialize/router.go:121	router register success
[ApkAdmin/server]2025-10-08 11:21:14.594	[34minfo[0m	/Volumes/workspace/GoProjects/ApkAdmin/core/server_run.go:48	关闭WEB服务...
[ApkAdmin/server]2025-10-08 11:21:14.595	[34minfo[0m	/Volumes/workspace/GoProjects/ApkAdmin/core/server_run.go:59	WEB服务已关闭
[ApkAdmin/server]2025-10-08 11:21:27.939	[34minfo[0m	/Volumes/workspace/GoProjects/ApkAdmin/initialize/gorm.go:78	register table success
[ApkAdmin/server]2025-10-08 11:21:27.947	[34minfo[0m	/Volumes/workspace/GoProjects/ApkAdmin/initialize/router.go:58	use middleware cors
[ApkAdmin/server]2025-10-08 11:21:27.948	[34minfo[0m	/Volumes/workspace/GoProjects/ApkAdmin/initialize/router.go:61	register swagger handler
[ApkAdmin/server]2025-10-08 11:21:27.974	[34minfo[0m	/Volumes/workspace/GoProjects/ApkAdmin/initialize/router.go:121	router register success
[ApkAdmin/server]2025-10-08 11:32:21.087	[34minfo[0m	/Volumes/workspace/GoProjects/ApkAdmin/core/server_run.go:48	关闭WEB服务...
[ApkAdmin/server]2025-10-08 11:32:21.088	[34minfo[0m	/Volumes/workspace/GoProjects/ApkAdmin/core/server_run.go:59	WEB服务已关闭
[ApkAdmin/server]2025-10-08 11:32:34.397	[34minfo[0m	/Volumes/workspace/GoProjects/ApkAdmin/initialize/gorm.go:78	register table success
[ApkAdmin/server]2025-10-08 11:32:34.398	[34minfo[0m	/Volumes/workspace/GoProjects/ApkAdmin/initialize/router.go:58	use middleware cors
[ApkAdmin/server]2025-10-08 11:32:34.398	[34minfo[0m	/Volumes/workspace/GoProjects/ApkAdmin/initialize/router.go:61	register swagger handler
[ApkAdmin/server]2025-10-08 11:32:34.415	[34minfo[0m	/Volumes/workspace/GoProjects/ApkAdmin/initialize/router.go:121	router register success
[ApkAdmin/server]2025-10-08 11:43:55.621	[34minfo[0m	/Volumes/workspace/GoProjects/ApkAdmin/core/server_run.go:48	关闭WEB服务...
[ApkAdmin/server]2025-10-08 11:43:55.622	[34minfo[0m	/Volumes/workspace/GoProjects/ApkAdmin/core/server_run.go:59	WEB服务已关闭
[ApkAdmin/server]2025-10-08 11:44:04.336	[34minfo[0m	/Volumes/workspace/GoProjects/ApkAdmin/initialize/gorm.go:78	register table success
[ApkAdmin/server]2025-10-08 11:44:04.337	[34minfo[0m	/Volumes/workspace/GoProjects/ApkAdmin/initialize/router.go:58	use middleware cors
[ApkAdmin/server]2025-10-08 11:44:04.337	[34minfo[0m	/Volumes/workspace/GoProjects/ApkAdmin/initialize/router.go:61	register swagger handler
[ApkAdmin/server]2025-10-08 11:44:04.358	[34minfo[0m	/Volumes/workspace/GoProjects/ApkAdmin/initialize/router.go:121	router register success
