[ApkAdmin/server]2025-10-17 12:22:54.905	[34minfo[0m	/Volumes/workspace/GoProjects/ApkAdmin/initialize/gorm.go:71	register table success
[ApkAdmin/server]2025-10-17 12:22:54.910	[34minfo[0m	/Volumes/workspace/GoProjects/ApkAdmin/initialize/redis.go:35	redis connect ping response:	{"name": "", "pong": "PONG"}
[ApkAdmin/server]2025-10-17 12:22:54.911	[34minfo[0m	/Volumes/workspace/GoProjects/ApkAdmin/initialize/router.go:58	use middleware cors
[ApkAdmin/server]2025-10-17 12:22:54.911	[34minfo[0m	/Volumes/workspace/GoProjects/ApkAdmin/initialize/router.go:60	register swagger handler
[ApkAdmin/server]2025-10-17 12:22:54.931	[34minfo[0m	/Volumes/workspace/GoProjects/ApkAdmin/initialize/router.go:117	router register success
[ApkAdmin/server]2025-10-17 12:23:56.404	[34minfo[0m	/Volumes/workspace/GoProjects/ApkAdmin/service/project/userService.go:586	ç”¨æˆ·ç™»å½•æˆåŠŸ	{"phone": "13163707701", "ip": "127.0.0.1", "login_count": 9}
[ApkAdmin/server]2025-10-17 13:07:56.273	[34minfo[0m	/Volumes/workspace/GoProjects/ApkAdmin/core/server_run.go:48	å…³é—­WEBæœåŠ¡...
[ApkAdmin/server]2025-10-17 13:07:56.273	[34minfo[0m	/Volumes/workspace/GoProjects/ApkAdmin/core/server_run.go:59	WEBæœåŠ¡å·²å…³é—­
[ApkAdmin/server]2025-10-17 13:08:11.208	[34minfo[0m	/Volumes/workspace/GoProjects/ApkAdmin/initialize/gorm.go:71	register table success
[ApkAdmin/server]2025-10-17 13:08:11.210	[34minfo[0m	/Volumes/workspace/GoProjects/ApkAdmin/initialize/redis.go:35	redis connect ping response:	{"name": "", "pong": "PONG"}
[ApkAdmin/server]2025-10-17 13:08:11.210	[34minfo[0m	/Volumes/workspace/GoProjects/ApkAdmin/initialize/router.go:58	use middleware cors
[ApkAdmin/server]2025-10-17 13:08:11.211	[34minfo[0m	/Volumes/workspace/GoProjects/ApkAdmin/initialize/router.go:60	register swagger handler
[ApkAdmin/server]2025-10-17 13:08:11.223	[34minfo[0m	/Volumes/workspace/GoProjects/ApkAdmin/initialize/router.go:117	router register success
[ApkAdmin/server]2025-10-17 13:08:50.536	[34minfo[0m	/Volumes/workspace/GoProjects/ApkAdmin/core/server_run.go:48	å…³é—­WEBæœåŠ¡...
[ApkAdmin/server]2025-10-17 13:08:50.537	[34minfo[0m	/Volumes/workspace/GoProjects/ApkAdmin/core/server_run.go:59	WEBæœåŠ¡å·²å…³é—­
[ApkAdmin/server]2025-10-17 13:08:56.335	[34minfo[0m	/Volumes/workspace/GoProjects/ApkAdmin/initialize/gorm.go:71	register table success
[ApkAdmin/server]2025-10-17 13:08:56.337	[34minfo[0m	/Volumes/workspace/GoProjects/ApkAdmin/initialize/redis.go:35	redis connect ping response:	{"name": "", "pong": "PONG"}
[ApkAdmin/server]2025-10-17 13:08:56.337	[34minfo[0m	/Volumes/workspace/GoProjects/ApkAdmin/initialize/router.go:58	use middleware cors
[ApkAdmin/server]2025-10-17 13:08:56.338	[34minfo[0m	/Volumes/workspace/GoProjects/ApkAdmin/initialize/router.go:60	register swagger handler
[ApkAdmin/server]2025-10-17 13:08:56.352	[34minfo[0m	/Volumes/workspace/GoProjects/ApkAdmin/initialize/router.go:117	router register success
[ApkAdmin/server]2025-10-17 15:43:53.588	[34minfo[0m	/Volumes/workspace/GoProjects/ApkAdmin/service/project/userService.go:608	ç”¨æˆ·ç™»å½•æˆåŠŸ	{"phone": "13163707701", "ip": "127.0.0.1", "login_count": 10}
[ApkAdmin/server]2025-10-17 16:00:31.654	[34minfo[0m	/Volumes/workspace/GoProjects/ApkAdmin/core/server_run.go:48	å…³é—­WEBæœåŠ¡...
[ApkAdmin/server]2025-10-17 16:00:31.654	[34minfo[0m	/Volumes/workspace/GoProjects/ApkAdmin/core/server_run.go:59	WEBæœåŠ¡å·²å…³é—­
[ApkAdmin/server]2025-10-17 16:00:43.323	[34minfo[0m	/Volumes/workspace/GoProjects/ApkAdmin/initialize/gorm.go:71	register table success
[ApkAdmin/server]2025-10-17 16:00:43.325	[34minfo[0m	/Volumes/workspace/GoProjects/ApkAdmin/initialize/redis.go:35	redis connect ping response:	{"name": "", "pong": "PONG"}
[ApkAdmin/server]2025-10-17 16:00:43.326	[34minfo[0m	/Volumes/workspace/GoProjects/ApkAdmin/initialize/router.go:58	use middleware cors
[ApkAdmin/server]2025-10-17 16:00:43.326	[34minfo[0m	/Volumes/workspace/GoProjects/ApkAdmin/initialize/router.go:60	register swagger handler
[ApkAdmin/server]2025-10-17 16:00:43.341	[34minfo[0m	/Volumes/workspace/GoProjects/ApkAdmin/initialize/router.go:117	router register success
[ApkAdmin/server]2025-10-17 16:00:59.773	[34minfo[0m	/Volumes/workspace/GoProjects/ApkAdmin/service/project/userService.go:608	ç”¨æˆ·ç™»å½•æˆåŠŸ	{"phone": "13163707701", "ip": "127.0.0.1", "login_count": 11}
[ApkAdmin/server]2025-10-17 16:02:28.335	[34minfo[0m	/Volumes/workspace/GoProjects/ApkAdmin/service/project/userService.go:608	ç”¨æˆ·ç™»å½•æˆåŠŸ	{"phone": "13163707701", "ip": "127.0.0.1", "login_count": 12}
[ApkAdmin/server]2025-10-17 16:03:17.745	[34minfo[0m	/Volumes/workspace/GoProjects/ApkAdmin/service/project/userService.go:608	ç”¨æˆ·ç™»å½•æˆåŠŸ	{"phone": "13163707701", "ip": "127.0.0.1", "login_count": 13}
[ApkAdmin/server]2025-10-17 16:04:44.860	[34minfo[0m	/Volumes/workspace/GoProjects/ApkAdmin/service/project/userService.go:608	ç”¨æˆ·ç™»å½•æˆåŠŸ	{"phone": "13163707701", "ip": "127.0.0.1", "login_count": 14}
[ApkAdmin/server]2025-10-17 16:11:27.841	[34minfo[0m	/Volumes/workspace/GoProjects/ApkAdmin/service/project/userService.go:608	ç”¨æˆ·ç™»å½•æˆåŠŸ	{"phone": "13163707701", "ip": "127.0.0.1", "login_count": 15}
[ApkAdmin/server]2025-10-17 16:15:06.505	[34minfo[0m	/Volumes/workspace/GoProjects/ApkAdmin/service/project/userService.go:608	ç”¨æˆ·ç™»å½•æˆåŠŸ	{"phone": "13163707701", "ip": "127.0.0.1", "login_count": 16}
[ApkAdmin/server]2025-10-17 16:46:29.659	[34minfo[0m	/Volumes/workspace/GoProjects/ApkAdmin/core/server_run.go:48	å…³é—­WEBæœåŠ¡...
[ApkAdmin/server]2025-10-17 16:46:29.660	[34minfo[0m	/Volumes/workspace/GoProjects/ApkAdmin/core/server_run.go:59	WEBæœåŠ¡å·²å…³é—­
[ApkAdmin/server]2025-10-17 16:46:39.462	[34minfo[0m	/Volumes/workspace/GoProjects/ApkAdmin/initialize/gorm.go:71	register table success
[ApkAdmin/server]2025-10-17 16:46:39.464	[34minfo[0m	/Volumes/workspace/GoProjects/ApkAdmin/initialize/redis.go:35	redis connect ping response:	{"name": "", "pong": "PONG"}
[ApkAdmin/server]2025-10-17 16:46:39.465	[34minfo[0m	/Volumes/workspace/GoProjects/ApkAdmin/initialize/router.go:58	use middleware cors
[ApkAdmin/server]2025-10-17 16:46:39.465	[34minfo[0m	/Volumes/workspace/GoProjects/ApkAdmin/initialize/router.go:60	register swagger handler
[ApkAdmin/server]2025-10-17 16:46:39.477	[34minfo[0m	/Volumes/workspace/GoProjects/ApkAdmin/initialize/router.go:117	router register success
[ApkAdmin/server]2025-10-17 18:34:17.650	[34minfo[0m	/Volumes/workspace/GoProjects/ApkAdmin/core/server_run.go:48	å…³é—­WEBæœåŠ¡...
[ApkAdmin/server]2025-10-17 18:34:17.652	[34minfo[0m	/Volumes/workspace/GoProjects/ApkAdmin/core/server_run.go:59	WEBæœåŠ¡å·²å…³é—­
[ApkAdmin/server]2025-10-17 18:34:28.549	[34minfo[0m	/Volumes/workspace/GoProjects/ApkAdmin/initialize/gorm.go:71	register table success
[ApkAdmin/server]2025-10-17 18:34:28.550	[34minfo[0m	/Volumes/workspace/GoProjects/ApkAdmin/initialize/redis.go:35	redis connect ping response:	{"name": "", "pong": "PONG"}
[ApkAdmin/server]2025-10-17 18:34:28.551	[34minfo[0m	/Volumes/workspace/GoProjects/ApkAdmin/initialize/router.go:58	use middleware cors
[ApkAdmin/server]2025-10-17 18:34:28.551	[34minfo[0m	/Volumes/workspace/GoProjects/ApkAdmin/initialize/router.go:60	register swagger handler
[ApkAdmin/server]2025-10-17 18:34:28.563	[34minfo[0m	/Volumes/workspace/GoProjects/ApkAdmin/initialize/router.go:117	router register success
[ApkAdmin/server]2025-10-17 18:35:49.810	[34minfo[0m	/Volumes/workspace/GoProjects/ApkAdmin/core/server_run.go:48	å…³é—­WEBæœåŠ¡...
[ApkAdmin/server]2025-10-17 18:35:49.811	[34minfo[0m	/Volumes/workspace/GoProjects/ApkAdmin/core/server_run.go:59	WEBæœåŠ¡å·²å…³é—­
[ApkAdmin/server]2025-10-17 18:35:56.524	[34minfo[0m	/Volumes/workspace/GoProjects/ApkAdmin/initialize/gorm.go:71	register table success
[ApkAdmin/server]2025-10-17 18:35:56.525	[34minfo[0m	/Volumes/workspace/GoProjects/ApkAdmin/initialize/redis.go:35	redis connect ping response:	{"name": "", "pong": "PONG"}
[ApkAdmin/server]2025-10-17 18:35:56.526	[34minfo[0m	/Volumes/workspace/GoProjects/ApkAdmin/initialize/router.go:58	use middleware cors
[ApkAdmin/server]2025-10-17 18:35:56.526	[34minfo[0m	/Volumes/workspace/GoProjects/ApkAdmin/initialize/router.go:60	register swagger handler
[ApkAdmin/server]2025-10-17 18:35:56.540	[34minfo[0m	/Volumes/workspace/GoProjects/ApkAdmin/initialize/router.go:117	router register success
[ApkAdmin/server]2025-10-17 18:36:08.925	[34minfo[0m	/Volumes/workspace/GoProjects/ApkAdmin/core/server_run.go:48	å…³é—­WEBæœåŠ¡...
[ApkAdmin/server]2025-10-17 18:36:08.925	[34minfo[0m	/Volumes/workspace/GoProjects/ApkAdmin/core/server_run.go:59	WEBæœåŠ¡å·²å…³é—­
[ApkAdmin/server]2025-10-17 18:36:15.140	[34minfo[0m	/Volumes/workspace/GoProjects/ApkAdmin/initialize/gorm.go:71	register table success
[ApkAdmin/server]2025-10-17 18:36:15.142	[34minfo[0m	/Volumes/workspace/GoProjects/ApkAdmin/initialize/redis.go:35	redis connect ping response:	{"name": "", "pong": "PONG"}
[ApkAdmin/server]2025-10-17 18:36:15.143	[34minfo[0m	/Volumes/workspace/GoProjects/ApkAdmin/initialize/router.go:58	use middleware cors
[ApkAdmin/server]2025-10-17 18:36:15.143	[34minfo[0m	/Volumes/workspace/GoProjects/ApkAdmin/initialize/router.go:60	register swagger handler
[ApkAdmin/server]2025-10-17 18:36:15.159	[34minfo[0m	/Volumes/workspace/GoProjects/ApkAdmin/initialize/router.go:117	router register success
[ApkAdmin/server]2025-10-17 19:08:09.452	[34minfo[0m	/Volumes/workspace/GoProjects/ApkAdmin/core/server_run.go:48	å…³é—­WEBæœåŠ¡...
[ApkAdmin/server]2025-10-17 19:08:09.453	[34minfo[0m	/Volumes/workspace/GoProjects/ApkAdmin/core/server_run.go:59	WEBæœåŠ¡å·²å…³é—­
[ApkAdmin/server]2025-10-17 19:08:20.617	[34minfo[0m	/Volumes/workspace/GoProjects/ApkAdmin/initialize/gorm.go:71	register table success
[ApkAdmin/server]2025-10-17 19:08:20.619	[34minfo[0m	/Volumes/workspace/GoProjects/ApkAdmin/initialize/redis.go:35	redis connect ping response:	{"name": "", "pong": "PONG"}
[ApkAdmin/server]2025-10-17 19:08:20.620	[34minfo[0m	/Volumes/workspace/GoProjects/ApkAdmin/initialize/router.go:58	use middleware cors
[ApkAdmin/server]2025-10-17 19:08:20.620	[34minfo[0m	/Volumes/workspace/GoProjects/ApkAdmin/initialize/router.go:60	register swagger handler
[ApkAdmin/server]2025-10-17 19:08:20.634	[34minfo[0m	/Volumes/workspace/GoProjects/ApkAdmin/initialize/router.go:117	router register success
[ApkAdmin/server]2025-10-17 19:15:23.622	[34minfo[0m	/Volumes/workspace/GoProjects/ApkAdmin/core/server_run.go:48	å…³é—­WEBæœåŠ¡...
[ApkAdmin/server]2025-10-17 19:15:23.623	[34minfo[0m	/Volumes/workspace/GoProjects/ApkAdmin/core/server_run.go:59	WEBæœåŠ¡å·²å…³é—­
[ApkAdmin/server]2025-10-17 19:15:33.087	[34minfo[0m	/Volumes/workspace/GoProjects/ApkAdmin/initialize/gorm.go:71	register table success
[ApkAdmin/server]2025-10-17 19:15:33.088	[34minfo[0m	/Volumes/workspace/GoProjects/ApkAdmin/initialize/redis.go:35	redis connect ping response:	{"name": "", "pong": "PONG"}
[ApkAdmin/server]2025-10-17 19:15:33.089	[34minfo[0m	/Volumes/workspace/GoProjects/ApkAdmin/initialize/router.go:58	use middleware cors
[ApkAdmin/server]2025-10-17 19:15:33.089	[34minfo[0m	/Volumes/workspace/GoProjects/ApkAdmin/initialize/router.go:60	register swagger handler
[ApkAdmin/server]2025-10-17 19:15:33.103	[34minfo[0m	/Volumes/workspace/GoProjects/ApkAdmin/initialize/router.go:117	router register success
[ApkAdmin/server]2025-10-17 22:34:43.072	[34minfo[0m	/Volumes/workspace/GoProjects/ApkAdmin/core/server_run.go:48	å…³é—­WEBæœåŠ¡...
[ApkAdmin/server]2025-10-17 22:34:43.073	[34minfo[0m	/Volumes/workspace/GoProjects/ApkAdmin/core/server_run.go:59	WEBæœåŠ¡å·²å…³é—­
