[ApkAdmin/server]2025-09-22 09:38:29.837	[31merror[0m	/Volumes/workspace/GoProjects/ApkAdmin/api/v1/project/application.go:19	å‚æ•°é”™è¯¯!	{"error": "json: cannot unmarshal string into Go struct field ApplicationCreateRequest.subcategory_id of type int"}
[ApkAdmin/server]2025-09-22 09:40:22.052	[31merror[0m	/Volumes/workspace/GoProjects/ApkAdmin/api/v1/project/application.go:19	å‚æ•°é”™è¯¯!	{"error": "Key: 'ApplicationCreateRequest.DeveloperID' Error:Field validation for 'DeveloperID' failed on the 'required' tag\nKey: 'ApplicationCreateRequest.DeveloperName' Error:Field validation for 'DeveloperName' failed on the 'required' tag"}
[ApkAdmin/server]2025-09-22 09:45:50.293	[31merror[0m	/Volumes/workspace/GoProjects/ApkAdmin/service/project/application.go:254	è°ƒè¯•	{"applicationList": []}
[ApkAdmin/server]2025-09-22 09:46:04.532	[31merror[0m	/Volumes/workspace/GoProjects/ApkAdmin/service/project/application.go:254	è°ƒè¯•	{"applicationList": []}
[ApkAdmin/server]2025-09-22 09:46:41.484	[31merror[0m	/Volumes/workspace/GoProjects/ApkAdmin/service/project/application.go:254	è°ƒè¯•	{"applicationList": []}
[ApkAdmin/server]2025-09-22 10:05:04.986	[31merror[0m	/Volumes/workspace/GoProjects/ApkAdmin/api/v1/project/application.go:140	å‚æ•°é”™è¯¯!	{"error": "Key: 'ApplicationCloneRequest.SourceID' Error:Field validation for 'SourceID' failed on the 'required' tag\nKey: 'ApplicationCloneRequest.NewAppID' Error:Field validation for 'NewAppID' failed on the 'required' tag\nKey: 'ApplicationCloneRequest.NewAppName' Error:Field validation for 'NewAppName' failed on the 'required' tag"}
[ApkAdmin/server]2025-09-22 10:05:41.330	[31merror[0m	/Volumes/workspace/GoProjects/ApkAdmin/api/v1/project/application.go:140	å‚æ•°é”™è¯¯!	{"error": "Key: 'ApplicationCloneRequest.SourceID' Error:Field validation for 'SourceID' failed on the 'required' tag\nKey: 'ApplicationCloneRequest.NewAppID' Error:Field validation for 'NewAppID' failed on the 'required' tag\nKey: 'ApplicationCloneRequest.NewAppName' Error:Field validation for 'NewAppName' failed on the 'required' tag"}
[ApkAdmin/server]2025-09-22 10:10:05.573	[31merror[0m	/Volumes/workspace/GoProjects/ApkAdmin/api/v1/project/application.go:140	å‚æ•°é”™è¯¯!	{"error": "Key: 'ApplicationCloneRequest.NewAppID' Error:Field validation for 'NewAppID' failed on the 'required' tag\nKey: 'ApplicationCloneRequest.NewAppName' Error:Field validation for 'NewAppName' failed on the 'required' tag"}
[ApkAdmin/server]2025-09-22 10:19:51.197	[31merror[0m	/Volumes/workspace/GoProjects/ApkAdmin/api/v1/project/application.go:82	åˆ é™¤å¤±è´¥!	{"error": "Error 1054 (42S22): Unknown column 'app_id' in 'where clause'"}
[ApkAdmin/server]2025-09-22 10:21:25.818	[31merror[0m	/Volumes/workspace/GoProjects/ApkAdmin/api/v1/project/application.go:19	å‚æ•°é”™è¯¯!	{"error": "json: cannot unmarshal string into Go struct field ApplicationCreateRequest.category_id of type int"}
[ApkAdmin/server]2025-09-22 15:29:36.531	[31merror[0m	/Volumes/workspace/GoProjects/ApkAdmin/api/v1/project/app_package.go:76	åˆ›å»º/æ›´æ–°å¤±è´¥!	{"error": "Error 1054 (42S22): Unknown column 'country_code' in 'where clause'"}
[ApkAdmin/server]2025-09-22 15:36:25.071	[31merror[0m	/Volumes/workspace/GoProjects/ApkAdmin/api/v1/project/app_package.go:76	åˆ›å»º/æ›´æ–°å¤±è´¥!	{"error": "Error 1054 (42S22): Unknown column 'country_code' in 'where clause'"}
[ApkAdmin/server]2025-09-22 15:47:59.638	[31merror[0m	/Volumes/workspace/GoProjects/ApkAdmin/api/v1/project/app_package.go:52	è·å–å¤±è´¥!	{"error": "Error 1054 (42S22): Unknown column 'package_plan_relations.app_package_id' in 'where clause'"}
[ApkAdmin/server]2025-09-22 15:48:43.962	[31merror[0m	/Volumes/workspace/GoProjects/ApkAdmin/api/v1/project/app_package.go:52	è·å–å¤±è´¥!	{"error": "Error 1054 (42S22): Unknown column 'package_plan_relations.app_package_id' in 'where clause'"}
[ApkAdmin/server]2025-09-22 15:53:11.962	[31merror[0m	/Volumes/workspace/GoProjects/ApkAdmin/api/v1/project/app_package.go:52	è·å–å¤±è´¥!	{"error": "Error 1054 (42S22): Unknown column 'package_plan_relations.app_package_id' in 'where clause'"}
[ApkAdmin/server]2025-09-22 15:53:14.895	[31merror[0m	/Volumes/workspace/GoProjects/ApkAdmin/api/v1/project/app_package.go:52	è·å–å¤±è´¥!	{"error": "Error 1054 (42S22): Unknown column 'package_plan_relations.app_package_id' in 'where clause'"}
[ApkAdmin/server]2025-09-22 15:53:20.289	[31merror[0m	/Volumes/workspace/GoProjects/ApkAdmin/api/v1/project/app_package.go:52	è·å–å¤±è´¥!	{"error": "Error 1054 (42S22): Unknown column 'package_plan_relations.app_package_id' in 'where clause'"}
[ApkAdmin/server]2025-09-22 15:54:51.025	[31merror[0m	/Volumes/workspace/GoProjects/ApkAdmin/api/v1/project/app_package.go:52	è·å–å¤±è´¥!	{"error": "Error 1054 (42S22): Unknown column 'package_plan_relations.app_package_id' in 'where clause'"}
[ApkAdmin/server]2025-09-22 16:29:47.511	[31merror[0m	/Volumes/workspace/GoProjects/ApkAdmin/api/v1/project/app_package.go:31	è·å–å¤±è´¥!	{"error": "Error 1054 (42S22): Unknown column 'package_plan_relations.app_package_id' in 'where clause'"}
[ApkAdmin/server]2025-09-22 16:29:48.899	[31merror[0m	/Volumes/workspace/GoProjects/ApkAdmin/api/v1/project/app_package.go:31	è·å–å¤±è´¥!	{"error": "Error 1054 (42S22): Unknown column 'package_plan_relations.app_package_id' in 'where clause'"}
