[ApkAdmin/server]2025-10-16 03:26:15.887	[31merror[0m	/Volumes/workspace/GoProjects/ApkAdmin/api/v1/project/application.go:55	æ›´æ–°å¤±è´¥!	{"error": "åˆ†ç±»ä¸å­˜åœ¨"}
[ApkAdmin/server]2025-10-16 03:31:42.269	[31merror[0m	/Volumes/workspace/GoProjects/ApkAdmin/service/project/application.go:253	è°ƒè¯•	{"category": {"id":3,"parent_id":1,"category_code":"puzzle","category_name":"ç›Šæ™ºæ¸¸æˆ","emoji_icon":"Puzzle Games","icon":null,"description":null,"sort_order":2,"is_active":1,"account_status":1,"trending_tag":0,"is_banner":0,"banner_url":null,"created_at":"2025-09-16T09:26:00+08:00","updated_at":"2025-09-16T09:26:00+08:00","parent":{"id":3,"parent_id":1,"category_code":"puzzle","category_name":"ç›Šæ™ºæ¸¸æˆ","emoji_icon":"Puzzle Games","icon":null,"description":null,"sort_order":2,"is_active":1,"account_status":1,"trending_tag":0,"is_banner":0,"banner_url":null,"created_at":"2025-09-16T09:26:00+08:00","updated_at":"2025-09-16T09:26:00+08:00","app_count":0},"app_count":0}}
[ApkAdmin/server]2025-10-16 03:32:47.428	[31merror[0m	/Volumes/workspace/GoProjects/ApkAdmin/service/project/application.go:253	è°ƒè¯•	{"category": {"id":3,"parent_id":1,"category_code":"puzzle","category_name":"ç›Šæ™ºæ¸¸æˆ","emoji_icon":"Puzzle Games","icon":null,"description":null,"sort_order":2,"is_active":1,"account_status":1,"trending_tag":0,"is_banner":0,"banner_url":null,"created_at":"2025-09-16T09:26:00+08:00","updated_at":"2025-09-16T09:26:00+08:00","app_count":0}}
[ApkAdmin/server]2025-10-16 03:33:23.152	[31merror[0m	/Volumes/workspace/GoProjects/ApkAdmin/service/project/application.go:253	è°ƒè¯•	{"category": {"id":3,"parent_id":1,"category_code":"puzzle","category_name":"ç›Šæ™ºæ¸¸æˆ","emoji_icon":"Puzzle Games","icon":null,"description":null,"sort_order":2,"is_active":1,"account_status":1,"trending_tag":0,"is_banner":0,"banner_url":null,"created_at":"2025-09-16T09:26:00+08:00","updated_at":"2025-09-16T09:26:00+08:00","parent":{"id":1,"parent_id":0,"category_code":"games","category_name":"æ¸¸æˆ","emoji_icon":"Games","icon":"fire-o","description":null,"sort_order":1,"is_active":1,"account_status":1,"trending_tag":0,"is_banner":0,"banner_url":"uploads/file/18717636fa3cf6a911419ef8d563eee0_20251008113438.jpg","created_at":"2025-09-16T09:26:00+08:00","updated_at":"2025-10-09T17:05:08+08:00","app_count":0},"app_count":0}}
[ApkAdmin/server]2025-10-16 11:58:29.831	[31merror[0m	/Volumes/workspace/GoProjects/ApkAdmin/api/v1/system/sys_menu.go:175	åˆ é™¤å¤±è´¥!	{"error": "è®°å½•ä¸å­˜åœ¨"}
[ApkAdmin/server]2025-10-16 12:29:04.564	[31merror[0m	/Volumes/workspace/GoProjects/ApkAdmin/api/v1/project/app_account.go:67	æ·»åŠ åº”ç”¨è´¦å·å¤±è´¥!	{"error": "Error 3140 (22032): Invalid JSON text: \"The document is empty.\" at position 0 in value for column 'app_accounts.extra_info'."}
[ApkAdmin/server]2025-10-16 14:48:11.691	[31merror[0m	/Volumes/workspace/GoProjects/ApkAdmin/service/project/app_account.go:108	è°ƒè¯•	{"account": {"id":1,"app_id":"com.tiktok","account_detail":"è´¦å·georgdowbigginpksu4417@gmail.comå¯†ç Aa2501d å¯†ä¿ç­”æ¡ˆï¼šmm55----mm----mm77----1990å¹´1æœˆ1æ—¥","category_id":18,"account_no":"ACC20251016970750","extra_info":"\"{\\\"vip_level\\\":1,\\\"expire_time\\\":\\\"\\\",\\\"email\\\":\\\"\\\",\\\"phone\\\":\\\"\\\",\\\"feature_list\\\":[],\\\"remarks\\\":\\\"\\\"}\"","account_status":1,"created_at":"2025-10-16T12:32:40+08:00","updated_at":"2025-10-16T12:32:40+08:00","deleted_at":null,"created_by":1,"updated_by":null,"application":{"account_price":9.89,"id":1,"app_id":"com.tiktok","app_name":"Tiktok","country_code":"US","category_id":18,"subcategory_id":0,"app_icon":"uploads/file/60787054aedb886f9975110e667de86f_20250922093959.svg","description":"å¹´è½»äººèšé›†åœ°","is_hot":1,"is_recommend":1,"is_free":false,"rating":0,"sort_order":2,"status":"active","created_at":"2025-09-22T09:42:35+08:00","updated_at":"2025-10-15T23:40:16+08:00","created_by":1},"creator":{"ID":1,"CreatedAt":"2025-09-14T16:35:06.262+08:00","UpdatedAt":"2025-09-16T09:18:25.721+08:00","uuid":"772caab1-9038-490f-b3b7-757999fb7d79","userName":"admin","nickName":"admin","headerImg":"uploads/file/b1087bf9b9259b02c179ad0f42984a53_20250916091328.png","authorityId":888,"authority":{"CreatedAt":"0001-01-01T00:00:00Z","UpdatedAt":"0001-01-01T00:00:00Z","DeletedAt":null,"authorityId":0,"authorityName":"","parentId":null,"dataAuthorityId":null,"children":null,"menus":null,"defaultRouter":""},"authorities":null,"phone":"17611111111","email":"333333333@qq.com","enable":1,"originSetting":{"darkMode":"auto","grey":false,"layout_side_collapsed_width":80,"layout_side_item_height":48,"layout_side_width":256,"primaryColor":"#3b82f6","showTabs":true,"show_watermark":false,"side_mode":"normal","transition_type":"slide","weakness":false}}}}
[ApkAdmin/server]2025-10-16 14:49:24.397	[31merror[0m	/Volumes/workspace/GoProjects/ApkAdmin/service/project/app_account.go:108	è°ƒè¯•	{"account": {"id":1,"app_id":"com.tiktok","account_detail":"è´¦å·georgdowbigginpksu4417@gmail.comå¯†ç Aa2501d å¯†ä¿ç­”æ¡ˆï¼šmm55----mm----mm77----1990å¹´1æœˆ1æ—¥","category_id":18,"account_no":"ACC20251016970750","extra_info":"\"{\\\"vip_level\\\":1,\\\"expire_time\\\":\\\"\\\",\\\"email\\\":\\\"\\\",\\\"phone\\\":\\\"\\\",\\\"feature_list\\\":[],\\\"remarks\\\":\\\"\\\"}\"","account_status":1,"created_at":"2025-10-16T12:32:40+08:00","updated_at":"2025-10-16T12:32:40+08:00","deleted_at":null,"created_by":1,"updated_by":null,"application":{"account_price":9.89,"id":1,"app_id":"com.tiktok","app_name":"Tiktok","country_code":"US","category_id":18,"subcategory_id":0,"app_icon":"uploads/file/60787054aedb886f9975110e667de86f_20250922093959.svg","description":"å¹´è½»äººèšé›†åœ°","is_hot":1,"is_recommend":1,"is_free":false,"rating":0,"sort_order":2,"status":"active","created_at":"2025-09-22T09:42:35+08:00","updated_at":"2025-10-15T23:40:16+08:00","created_by":1},"creator":{"ID":1,"CreatedAt":"2025-09-14T16:35:06.262+08:00","UpdatedAt":"2025-09-16T09:18:25.721+08:00","uuid":"772caab1-9038-490f-b3b7-757999fb7d79","userName":"admin","nickName":"admin","headerImg":"uploads/file/b1087bf9b9259b02c179ad0f42984a53_20250916091328.png","authorityId":888,"authority":{"CreatedAt":"0001-01-01T00:00:00Z","UpdatedAt":"0001-01-01T00:00:00Z","DeletedAt":null,"authorityId":0,"authorityName":"","parentId":null,"dataAuthorityId":null,"children":null,"menus":null,"defaultRouter":""},"authorities":null,"phone":"17611111111","email":"333333333@qq.com","enable":1,"originSetting":{"darkMode":"auto","grey":false,"layout_side_collapsed_width":80,"layout_side_item_height":48,"layout_side_width":256,"primaryColor":"#3b82f6","showTabs":true,"show_watermark":false,"side_mode":"normal","transition_type":"slide","weakness":false}}}}
[ApkAdmin/server]2025-10-16 15:00:30.033	[31merror[0m	/Volumes/workspace/GoProjects/ApkAdmin/api/v1/project/app_account.go:30	è·å–åº”ç”¨è´¦å·å¤±è´¥!	{"error": "illegal base64 data at input byte 0"}
[ApkAdmin/server]2025-10-16 15:00:48.081	[31merror[0m	/Volumes/workspace/GoProjects/ApkAdmin/api/v1/project/app_account.go:50	è·å–åº”ç”¨è´¦å·è¯¦æƒ…å¤±è´¥!	{"error": "illegal base64 data at input byte 0"}
[ApkAdmin/server]2025-10-16 15:00:54.029	[31merror[0m	/Volumes/workspace/GoProjects/ApkAdmin/api/v1/project/app_account.go:50	è·å–åº”ç”¨è´¦å·è¯¦æƒ…å¤±è´¥!	{"error": "illegal base64 data at input byte 0"}
[ApkAdmin/server]2025-10-16 15:04:34.883	[31merror[0m	/Volumes/workspace/GoProjects/ApkAdmin/model/project/app_account.go:84	è§£å¯†æ•°æ®å¤±è´¥	{"error": "illegal base64 data at input byte 0"}
[ApkAdmin/server]2025-10-16 15:04:37.314	[31merror[0m	/Volumes/workspace/GoProjects/ApkAdmin/model/project/app_account.go:84	è§£å¯†æ•°æ®å¤±è´¥	{"error": "illegal base64 data at input byte 0"}
[ApkAdmin/server]2025-10-16 15:04:39.132	[31merror[0m	/Volumes/workspace/GoProjects/ApkAdmin/model/project/app_account.go:84	è§£å¯†æ•°æ®å¤±è´¥	{"error": "illegal base64 data at input byte 0"}
[ApkAdmin/server]2025-10-16 15:04:50.435	[31merror[0m	/Volumes/workspace/GoProjects/ApkAdmin/model/project/app_account.go:84	è§£å¯†æ•°æ®å¤±è´¥	{"error": "illegal base64 data at input byte 0"}
[ApkAdmin/server]2025-10-16 15:05:04.139	[31merror[0m	/Volumes/workspace/GoProjects/ApkAdmin/model/project/app_account.go:84	è§£å¯†æ•°æ®å¤±è´¥	{"error": "illegal base64 data at input byte 0"}
[ApkAdmin/server]2025-10-16 15:05:08.512	[31merror[0m	/Volumes/workspace/GoProjects/ApkAdmin/model/project/app_account.go:84	è§£å¯†æ•°æ®å¤±è´¥	{"error": "illegal base64 data at input byte 0"}
[ApkAdmin/server]2025-10-16 15:06:38.490	[31merror[0m	/Volumes/workspace/GoProjects/ApkAdmin/model/project/app_account.go:84	è§£å¯†æ•°æ®å¤±è´¥	{"error": "illegal base64 data at input byte 0"}
[ApkAdmin/server]2025-10-16 15:08:09.468	[31merror[0m	/Volumes/workspace/GoProjects/ApkAdmin/model/project/app_account.go:84	è§£å¯†æ•°æ®å¤±è´¥	{"error": "illegal base64 data at input byte 0"}
[ApkAdmin/server]2025-10-16 15:08:17.214	[31merror[0m	/Volumes/workspace/GoProjects/ApkAdmin/model/project/app_account.go:84	è§£å¯†æ•°æ®å¤±è´¥	{"error": "illegal base64 data at input byte 0"}
[ApkAdmin/server]2025-10-16 15:08:19.418	[31merror[0m	/Volumes/workspace/GoProjects/ApkAdmin/model/project/app_account.go:84	è§£å¯†æ•°æ®å¤±è´¥	{"error": "illegal base64 data at input byte 0"}
[ApkAdmin/server]2025-10-16 15:12:03.577	[31merror[0m	/Volumes/workspace/GoProjects/ApkAdmin/model/project/app_account.go:84	è§£å¯†æ•°æ®å¤±è´¥	{"error": "illegal base64 data at input byte 0"}
[ApkAdmin/server]2025-10-16 15:12:11.965	[31merror[0m	/Volumes/workspace/GoProjects/ApkAdmin/model/project/app_account.go:84	è§£å¯†æ•°æ®å¤±è´¥	{"error": "illegal base64 data at input byte 0"}
[ApkAdmin/server]2025-10-16 15:12:39.752	[31merror[0m	/Volumes/workspace/GoProjects/ApkAdmin/model/project/app_account.go:84	è§£å¯†æ•°æ®å¤±è´¥	{"error": "illegal base64 data at input byte 0"}
[ApkAdmin/server]2025-10-16 15:12:51.788	[31merror[0m	/Volumes/workspace/GoProjects/ApkAdmin/model/project/app_account.go:84	è§£å¯†æ•°æ®å¤±è´¥	{"error": "illegal base64 data at input byte 0"}
[ApkAdmin/server]2025-10-16 15:14:11.049	[31merror[0m	/Volumes/workspace/GoProjects/ApkAdmin/model/project/app_account.go:84	è§£å¯†æ•°æ®å¤±è´¥	{"error": "illegal base64 data at input byte 0"}
[ApkAdmin/server]2025-10-16 15:14:12.623	[31merror[0m	/Volumes/workspace/GoProjects/ApkAdmin/model/project/app_account.go:84	è§£å¯†æ•°æ®å¤±è´¥	{"error": "illegal base64 data at input byte 0"}
[ApkAdmin/server]2025-10-16 15:14:39.099	[31merror[0m	/Volumes/workspace/GoProjects/ApkAdmin/model/project/app_account.go:84	è§£å¯†æ•°æ®å¤±è´¥	{"error": "illegal base64 data at input byte 0"}
[ApkAdmin/server]2025-10-16 15:15:52.227	[31merror[0m	/Volumes/workspace/GoProjects/ApkAdmin/model/project/app_account.go:84	è§£å¯†æ•°æ®å¤±è´¥	{"error": "illegal base64 data at input byte 0"}
[ApkAdmin/server]2025-10-16 15:16:04.939	[31merror[0m	/Volumes/workspace/GoProjects/ApkAdmin/model/project/app_account.go:84	è§£å¯†æ•°æ®å¤±è´¥	{"error": "illegal base64 data at input byte 0"}
[ApkAdmin/server]2025-10-16 15:16:21.226	[31merror[0m	/Volumes/workspace/GoProjects/ApkAdmin/model/project/app_account.go:84	è§£å¯†æ•°æ®å¤±è´¥	{"error": "illegal base64 data at input byte 0"}
[ApkAdmin/server]2025-10-16 15:16:24.157	[31merror[0m	/Volumes/workspace/GoProjects/ApkAdmin/model/project/app_account.go:84	è§£å¯†æ•°æ®å¤±è´¥	{"error": "illegal base64 data at input byte 0"}
[ApkAdmin/server]2025-10-16 15:18:53.382	[31merror[0m	/Volumes/workspace/GoProjects/ApkAdmin/model/project/app_account.go:84	è§£å¯†æ•°æ®å¤±è´¥	{"error": "illegal base64 data at input byte 0"}
[ApkAdmin/server]2025-10-16 15:19:13.961	[31merror[0m	/Volumes/workspace/GoProjects/ApkAdmin/model/project/app_account.go:84	è§£å¯†æ•°æ®å¤±è´¥	{"error": "illegal base64 data at input byte 0"}
[ApkAdmin/server]2025-10-16 15:19:18.520	[31merror[0m	/Volumes/workspace/GoProjects/ApkAdmin/model/project/app_account.go:84	è§£å¯†æ•°æ®å¤±è´¥	{"error": "illegal base64 data at input byte 0"}
[ApkAdmin/server]2025-10-16 15:19:19.343	[31merror[0m	/Volumes/workspace/GoProjects/ApkAdmin/model/project/app_account.go:84	è§£å¯†æ•°æ®å¤±è´¥	{"error": "illegal base64 data at input byte 0"}
[ApkAdmin/server]2025-10-16 15:19:53.473	[31merror[0m	/Volumes/workspace/GoProjects/ApkAdmin/model/project/app_account.go:84	è§£å¯†æ•°æ®å¤±è´¥	{"error": "illegal base64 data at input byte 0"}
[ApkAdmin/server]2025-10-16 15:19:55.781	[31merror[0m	/Volumes/workspace/GoProjects/ApkAdmin/model/project/app_account.go:84	è§£å¯†æ•°æ®å¤±è´¥	{"error": "illegal base64 data at input byte 0"}
[ApkAdmin/server]2025-10-16 15:19:56.758	[31merror[0m	/Volumes/workspace/GoProjects/ApkAdmin/model/project/app_account.go:84	è§£å¯†æ•°æ®å¤±è´¥	{"error": "illegal base64 data at input byte 0"}
[ApkAdmin/server]2025-10-16 15:20:16.712	[31merror[0m	/Volumes/workspace/GoProjects/ApkAdmin/model/project/app_account.go:84	è§£å¯†æ•°æ®å¤±è´¥	{"error": "illegal base64 data at input byte 0"}
[ApkAdmin/server]2025-10-16 15:20:18.129	[31merror[0m	/Volumes/workspace/GoProjects/ApkAdmin/model/project/app_account.go:84	è§£å¯†æ•°æ®å¤±è´¥	{"error": "illegal base64 data at input byte 0"}
[ApkAdmin/server]2025-10-16 15:21:48.379	[31merror[0m	/Volumes/workspace/GoProjects/ApkAdmin/model/project/app_account.go:84	è§£å¯†æ•°æ®å¤±è´¥	{"error": "illegal base64 data at input byte 0"}
[ApkAdmin/server]2025-10-16 15:22:34.797	[31merror[0m	/Volumes/workspace/GoProjects/ApkAdmin/model/project/app_account.go:84	è§£å¯†æ•°æ®å¤±è´¥	{"error": "illegal base64 data at input byte 0"}
[ApkAdmin/server]2025-10-16 15:22:35.434	[31merror[0m	/Volumes/workspace/GoProjects/ApkAdmin/model/project/app_account.go:84	è§£å¯†æ•°æ®å¤±è´¥	{"error": "illegal base64 data at input byte 0"}
[ApkAdmin/server]2025-10-16 15:22:43.426	[31merror[0m	/Volumes/workspace/GoProjects/ApkAdmin/model/project/app_account.go:84	è§£å¯†æ•°æ®å¤±è´¥	{"error": "illegal base64 data at input byte 0"}
[ApkAdmin/server]2025-10-16 15:22:44.916	[31merror[0m	/Volumes/workspace/GoProjects/ApkAdmin/model/project/app_account.go:84	è§£å¯†æ•°æ®å¤±è´¥	{"error": "illegal base64 data at input byte 0"}
[ApkAdmin/server]2025-10-16 15:22:54.022	[31merror[0m	/Volumes/workspace/GoProjects/ApkAdmin/model/project/app_account.go:84	è§£å¯†æ•°æ®å¤±è´¥	{"error": "illegal base64 data at input byte 0"}
[ApkAdmin/server]2025-10-16 15:23:34.994	[31merror[0m	/Volumes/workspace/GoProjects/ApkAdmin/model/project/app_account.go:84	è§£å¯†æ•°æ®å¤±è´¥	{"error": "illegal base64 data at input byte 0"}
[ApkAdmin/server]2025-10-16 15:24:30.735	[31merror[0m	/Volumes/workspace/GoProjects/ApkAdmin/model/project/app_account.go:84	è§£å¯†æ•°æ®å¤±è´¥	{"error": "illegal base64 data at input byte 0"}
[ApkAdmin/server]2025-10-16 15:24:54.723	[31merror[0m	/Volumes/workspace/GoProjects/ApkAdmin/model/project/app_account.go:84	è§£å¯†æ•°æ®å¤±è´¥	{"error": "illegal base64 data at input byte 0"}
[ApkAdmin/server]2025-10-16 15:26:59.882	[31merror[0m	/Volumes/workspace/GoProjects/ApkAdmin/model/project/app_account.go:84	è§£å¯†æ•°æ®å¤±è´¥	{"error": "illegal base64 data at input byte 0"}
[ApkAdmin/server]2025-10-16 15:27:01.241	[31merror[0m	/Volumes/workspace/GoProjects/ApkAdmin/model/project/app_account.go:84	è§£å¯†æ•°æ®å¤±è´¥	{"error": "illegal base64 data at input byte 0"}
[ApkAdmin/server]2025-10-16 15:30:49.467	[31merror[0m	/Volumes/workspace/GoProjects/ApkAdmin/model/project/app_account.go:84	è§£å¯†æ•°æ®å¤±è´¥	{"error": "illegal base64 data at input byte 0"}
[ApkAdmin/server]2025-10-16 15:30:50.834	[31merror[0m	/Volumes/workspace/GoProjects/ApkAdmin/model/project/app_account.go:84	è§£å¯†æ•°æ®å¤±è´¥	{"error": "illegal base64 data at input byte 0"}
[ApkAdmin/server]2025-10-16 15:30:57.974	[31merror[0m	/Volumes/workspace/GoProjects/ApkAdmin/model/project/app_account.go:84	è§£å¯†æ•°æ®å¤±è´¥	{"error": "illegal base64 data at input byte 0"}
[ApkAdmin/server]2025-10-16 15:31:02.918	[31merror[0m	/Volumes/workspace/GoProjects/ApkAdmin/model/project/app_account.go:84	è§£å¯†æ•°æ®å¤±è´¥	{"error": "illegal base64 data at input byte 0"}
[ApkAdmin/server]2025-10-16 15:31:04.767	[31merror[0m	/Volumes/workspace/GoProjects/ApkAdmin/model/project/app_account.go:84	è§£å¯†æ•°æ®å¤±è´¥	{"error": "illegal base64 data at input byte 0"}
[ApkAdmin/server]2025-10-16 15:31:11.663	[31merror[0m	/Volumes/workspace/GoProjects/ApkAdmin/model/project/app_account.go:84	è§£å¯†æ•°æ®å¤±è´¥	{"error": "illegal base64 data at input byte 0"}
[ApkAdmin/server]2025-10-16 15:31:13.901	[31merror[0m	/Volumes/workspace/GoProjects/ApkAdmin/model/project/app_account.go:84	è§£å¯†æ•°æ®å¤±è´¥	{"error": "illegal base64 data at input byte 0"}
[ApkAdmin/server]2025-10-16 15:31:21.239	[31merror[0m	/Volumes/workspace/GoProjects/ApkAdmin/model/project/app_account.go:84	è§£å¯†æ•°æ®å¤±è´¥	{"error": "illegal base64 data at input byte 0"}
[ApkAdmin/server]2025-10-16 15:33:14.970	[31merror[0m	/Volumes/workspace/GoProjects/ApkAdmin/model/project/app_account.go:84	è§£å¯†æ•°æ®å¤±è´¥	{"error": "illegal base64 data at input byte 0"}
[ApkAdmin/server]2025-10-16 15:34:08.761	[31merror[0m	/Volumes/workspace/GoProjects/ApkAdmin/model/project/app_account.go:84	è§£å¯†æ•°æ®å¤±è´¥	{"error": "illegal base64 data at input byte 0"}
[ApkAdmin/server]2025-10-16 15:57:38.340	[31merror[0m	/Volumes/workspace/GoProjects/ApkAdmin/model/project/app_account.go:84	è§£å¯†æ•°æ®å¤±è´¥	{"error": "illegal base64 data at input byte 0"}
[ApkAdmin/server]2025-10-16 15:57:45.617	[31merror[0m	/Volumes/workspace/GoProjects/ApkAdmin/model/project/app_account.go:84	è§£å¯†æ•°æ®å¤±è´¥	{"error": "illegal base64 data at input byte 0"}
[ApkAdmin/server]2025-10-16 15:59:57.508	[31merror[0m	/Volumes/workspace/GoProjects/ApkAdmin/model/project/app_account.go:84	è§£å¯†æ•°æ®å¤±è´¥	{"error": "illegal base64 data at input byte 0"}
[ApkAdmin/server]2025-10-16 15:59:59.022	[31merror[0m	/Volumes/workspace/GoProjects/ApkAdmin/model/project/app_account.go:84	è§£å¯†æ•°æ®å¤±è´¥	{"error": "illegal base64 data at input byte 0"}
[ApkAdmin/server]2025-10-16 16:00:07.763	[31merror[0m	/Volumes/workspace/GoProjects/ApkAdmin/model/project/app_account.go:84	è§£å¯†æ•°æ®å¤±è´¥	{"error": "illegal base64 data at input byte 0"}
[ApkAdmin/server]2025-10-16 16:03:45.570	[31merror[0m	/Volumes/workspace/GoProjects/ApkAdmin/model/project/app_account.go:84	è§£å¯†æ•°æ®å¤±è´¥	{"error": "illegal base64 data at input byte 0"}
[ApkAdmin/server]2025-10-16 16:04:29.075	[31merror[0m	/Volumes/workspace/GoProjects/ApkAdmin/model/project/app_account.go:84	è§£å¯†æ•°æ®å¤±è´¥	{"error": "illegal base64 data at input byte 0"}
[ApkAdmin/server]2025-10-16 16:05:04.242	[31merror[0m	/Volumes/workspace/GoProjects/ApkAdmin/model/project/app_account.go:84	è§£å¯†æ•°æ®å¤±è´¥	{"error": "illegal base64 data at input byte 0"}
[ApkAdmin/server]2025-10-16 16:16:25.374	[31merror[0m	/Volumes/workspace/GoProjects/ApkAdmin/model/project/app_account.go:84	è§£å¯†æ•°æ®å¤±è´¥	{"error": "illegal base64 data at input byte 0"}
[ApkAdmin/server]2025-10-16 16:20:51.709	[31merror[0m	/Volumes/workspace/GoProjects/ApkAdmin/model/project/app_account.go:84	è§£å¯†æ•°æ®å¤±è´¥	{"error": "illegal base64 data at input byte 0"}
[ApkAdmin/server]2025-10-16 16:21:09.529	[31merror[0m	/Volumes/workspace/GoProjects/ApkAdmin/model/project/app_account.go:84	è§£å¯†æ•°æ®å¤±è´¥	{"error": "illegal base64 data at input byte 0"}
[ApkAdmin/server]2025-10-16 16:22:13.155	[31merror[0m	/Volumes/workspace/GoProjects/ApkAdmin/model/project/app_account.go:84	è§£å¯†æ•°æ®å¤±è´¥	{"error": "illegal base64 data at input byte 0"}
[ApkAdmin/server]2025-10-16 16:22:15.738	[31merror[0m	/Volumes/workspace/GoProjects/ApkAdmin/model/project/app_account.go:84	è§£å¯†æ•°æ®å¤±è´¥	{"error": "illegal base64 data at input byte 0"}
[ApkAdmin/server]2025-10-16 16:23:58.859	[31merror[0m	/Volumes/workspace/GoProjects/ApkAdmin/model/project/app_account.go:84	è§£å¯†æ•°æ®å¤±è´¥	{"error": "illegal base64 data at input byte 0"}
[ApkAdmin/server]2025-10-16 16:25:08.690	[31merror[0m	/Volumes/workspace/GoProjects/ApkAdmin/model/project/app_account.go:84	è§£å¯†æ•°æ®å¤±è´¥	{"error": "illegal base64 data at input byte 0"}
[ApkAdmin/server]2025-10-16 16:25:10.619	[31merror[0m	/Volumes/workspace/GoProjects/ApkAdmin/model/project/app_account.go:84	è§£å¯†æ•°æ®å¤±è´¥	{"error": "illegal base64 data at input byte 0"}
[ApkAdmin/server]2025-10-16 16:26:47.479	[31merror[0m	/Volumes/workspace/GoProjects/ApkAdmin/model/project/app_account.go:84	è§£å¯†æ•°æ®å¤±è´¥	{"error": "illegal base64 data at input byte 0"}
[ApkAdmin/server]2025-10-16 16:26:48.554	[31merror[0m	/Volumes/workspace/GoProjects/ApkAdmin/model/project/app_account.go:84	è§£å¯†æ•°æ®å¤±è´¥	{"error": "illegal base64 data at input byte 0"}
[ApkAdmin/server]2025-10-16 16:26:52.940	[31merror[0m	/Volumes/workspace/GoProjects/ApkAdmin/model/project/app_account.go:84	è§£å¯†æ•°æ®å¤±è´¥	{"error": "illegal base64 data at input byte 0"}
[ApkAdmin/server]2025-10-16 16:38:26.370	[31merror[0m	/Volumes/workspace/GoProjects/ApkAdmin/model/project/app_account.go:84	è§£å¯†æ•°æ®å¤±è´¥	{"error": "illegal base64 data at input byte 0"}
[ApkAdmin/server]2025-10-16 16:40:06.468	[31merror[0m	/Volumes/workspace/GoProjects/ApkAdmin/model/project/app_account.go:84	è§£å¯†æ•°æ®å¤±è´¥	{"error": "illegal base64 data at input byte 0"}
[ApkAdmin/server]2025-10-16 16:40:09.233	[31merror[0m	/Volumes/workspace/GoProjects/ApkAdmin/model/project/app_account.go:84	è§£å¯†æ•°æ®å¤±è´¥	{"error": "illegal base64 data at input byte 0"}
[ApkAdmin/server]2025-10-16 16:40:29.039	[31merror[0m	/Volumes/workspace/GoProjects/ApkAdmin/model/project/app_account.go:84	è§£å¯†æ•°æ®å¤±è´¥	{"error": "illegal base64 data at input byte 0"}
[ApkAdmin/server]2025-10-16 16:40:50.810	[31merror[0m	/Volumes/workspace/GoProjects/ApkAdmin/model/project/app_account.go:84	è§£å¯†æ•°æ®å¤±è´¥	{"error": "illegal base64 data at input byte 0"}
[ApkAdmin/server]2025-10-16 16:41:03.430	[31merror[0m	/Volumes/workspace/GoProjects/ApkAdmin/model/project/app_account.go:84	è§£å¯†æ•°æ®å¤±è´¥	{"error": "illegal base64 data at input byte 0"}
[ApkAdmin/server]2025-10-16 16:41:43.674	[31merror[0m	/Volumes/workspace/GoProjects/ApkAdmin/model/project/app_account.go:84	è§£å¯†æ•°æ®å¤±è´¥	{"error": "illegal base64 data at input byte 0"}
[ApkAdmin/server]2025-10-16 16:42:12.544	[31merror[0m	/Volumes/workspace/GoProjects/ApkAdmin/model/project/app_account.go:84	è§£å¯†æ•°æ®å¤±è´¥	{"error": "illegal base64 data at input byte 0"}
[ApkAdmin/server]2025-10-16 16:42:42.492	[31merror[0m	/Volumes/workspace/GoProjects/ApkAdmin/model/project/app_account.go:84	è§£å¯†æ•°æ®å¤±è´¥	{"error": "illegal base64 data at input byte 0"}
[ApkAdmin/server]2025-10-16 16:42:52.250	[31merror[0m	/Volumes/workspace/GoProjects/ApkAdmin/model/project/app_account.go:84	è§£å¯†æ•°æ®å¤±è´¥	{"error": "illegal base64 data at input byte 0"}
[ApkAdmin/server]2025-10-16 16:43:48.734	[31merror[0m	/Volumes/workspace/GoProjects/ApkAdmin/model/project/app_account.go:84	è§£å¯†æ•°æ®å¤±è´¥	{"error": "illegal base64 data at input byte 0"}
[ApkAdmin/server]2025-10-16 16:44:49.909	[31merror[0m	/Volumes/workspace/GoProjects/ApkAdmin/model/project/app_account.go:84	è§£å¯†æ•°æ®å¤±è´¥	{"error": "illegal base64 data at input byte 0"}
[ApkAdmin/server]2025-10-16 16:45:06.736	[31merror[0m	/Volumes/workspace/GoProjects/ApkAdmin/model/project/app_account.go:84	è§£å¯†æ•°æ®å¤±è´¥	{"error": "illegal base64 data at input byte 0"}
[ApkAdmin/server]2025-10-16 16:45:26.397	[31merror[0m	/Volumes/workspace/GoProjects/ApkAdmin/model/project/app_account.go:84	è§£å¯†æ•°æ®å¤±è´¥	{"error": "illegal base64 data at input byte 0"}
[ApkAdmin/server]2025-10-16 16:46:23.163	[31merror[0m	/Volumes/workspace/GoProjects/ApkAdmin/model/project/app_account.go:84	è§£å¯†æ•°æ®å¤±è´¥	{"error": "illegal base64 data at input byte 0"}
[ApkAdmin/server]2025-10-16 16:50:01.883	[31merror[0m	/Volumes/workspace/GoProjects/ApkAdmin/model/project/app_account.go:84	è§£å¯†æ•°æ®å¤±è´¥	{"error": "illegal base64 data at input byte 0"}
[ApkAdmin/server]2025-10-16 16:50:38.753	[31merror[0m	/Volumes/workspace/GoProjects/ApkAdmin/model/project/app_account.go:84	è§£å¯†æ•°æ®å¤±è´¥	{"error": "illegal base64 data at input byte 0"}
[ApkAdmin/server]2025-10-16 16:54:41.705	[31merror[0m	/Volumes/workspace/GoProjects/ApkAdmin/model/project/app_account.go:84	è§£å¯†æ•°æ®å¤±è´¥	{"error": "illegal base64 data at input byte 0"}
[ApkAdmin/server]2025-10-16 16:55:26.506	[31merror[0m	/Volumes/workspace/GoProjects/ApkAdmin/model/project/app_account.go:84	è§£å¯†æ•°æ®å¤±è´¥	{"error": "illegal base64 data at input byte 0"}
[ApkAdmin/server]2025-10-16 16:56:12.722	[31merror[0m	/Volumes/workspace/GoProjects/ApkAdmin/model/project/app_account.go:84	è§£å¯†æ•°æ®å¤±è´¥	{"error": "illegal base64 data at input byte 0"}
[ApkAdmin/server]2025-10-16 16:56:20.701	[31merror[0m	/Volumes/workspace/GoProjects/ApkAdmin/model/project/app_account.go:84	è§£å¯†æ•°æ®å¤±è´¥	{"error": "illegal base64 data at input byte 0"}
[ApkAdmin/server]2025-10-16 16:56:27.600	[31merror[0m	/Volumes/workspace/GoProjects/ApkAdmin/model/project/app_account.go:84	è§£å¯†æ•°æ®å¤±è´¥	{"error": "illegal base64 data at input byte 0"}
[ApkAdmin/server]2025-10-16 16:56:59.470	[31merror[0m	/Volumes/workspace/GoProjects/ApkAdmin/model/project/app_account.go:84	è§£å¯†æ•°æ®å¤±è´¥	{"error": "illegal base64 data at input byte 0"}
[ApkAdmin/server]2025-10-16 16:58:56.854	[31merror[0m	/Volumes/workspace/GoProjects/ApkAdmin/model/project/app_account.go:84	è§£å¯†æ•°æ®å¤±è´¥	{"error": "illegal base64 data at input byte 0"}
[ApkAdmin/server]2025-10-16 16:59:54.707	[31merror[0m	/Volumes/workspace/GoProjects/ApkAdmin/model/project/app_account.go:84	è§£å¯†æ•°æ®å¤±è´¥	{"error": "illegal base64 data at input byte 0"}
[ApkAdmin/server]2025-10-16 17:00:08.839	[31merror[0m	/Volumes/workspace/GoProjects/ApkAdmin/model/project/app_account.go:84	è§£å¯†æ•°æ®å¤±è´¥	{"error": "illegal base64 data at input byte 0"}
[ApkAdmin/server]2025-10-16 17:00:11.325	[31merror[0m	/Volumes/workspace/GoProjects/ApkAdmin/model/project/app_account.go:84	è§£å¯†æ•°æ®å¤±è´¥	{"error": "illegal base64 data at input byte 0"}
[ApkAdmin/server]2025-10-16 17:01:12.526	[31merror[0m	/Volumes/workspace/GoProjects/ApkAdmin/model/project/app_account.go:84	è§£å¯†æ•°æ®å¤±è´¥	{"error": "illegal base64 data at input byte 0"}
[ApkAdmin/server]2025-10-16 17:01:26.233	[31merror[0m	/Volumes/workspace/GoProjects/ApkAdmin/model/project/app_account.go:84	è§£å¯†æ•°æ®å¤±è´¥	{"error": "illegal base64 data at input byte 0"}
[ApkAdmin/server]2025-10-16 17:01:35.089	[31merror[0m	/Volumes/workspace/GoProjects/ApkAdmin/model/project/app_account.go:84	è§£å¯†æ•°æ®å¤±è´¥	{"error": "illegal base64 data at input byte 0"}
[ApkAdmin/server]2025-10-16 17:02:00.009	[31merror[0m	/Volumes/workspace/GoProjects/ApkAdmin/model/project/app_account.go:84	è§£å¯†æ•°æ®å¤±è´¥	{"error": "illegal base64 data at input byte 0"}
[ApkAdmin/server]2025-10-16 17:02:04.131	[31merror[0m	/Volumes/workspace/GoProjects/ApkAdmin/model/project/app_account.go:84	è§£å¯†æ•°æ®å¤±è´¥	{"error": "illegal base64 data at input byte 0"}
[ApkAdmin/server]2025-10-16 17:02:12.799	[31merror[0m	/Volumes/workspace/GoProjects/ApkAdmin/model/project/app_account.go:84	è§£å¯†æ•°æ®å¤±è´¥	{"error": "illegal base64 data at input byte 0"}
[ApkAdmin/server]2025-10-16 17:02:27.421	[31merror[0m	/Volumes/workspace/GoProjects/ApkAdmin/model/project/app_account.go:84	è§£å¯†æ•°æ®å¤±è´¥	{"error": "illegal base64 data at input byte 0"}
[ApkAdmin/server]2025-10-16 17:02:28.126	[31merror[0m	/Volumes/workspace/GoProjects/ApkAdmin/model/project/app_account.go:84	è§£å¯†æ•°æ®å¤±è´¥	{"error": "illegal base64 data at input byte 0"}
[ApkAdmin/server]2025-10-16 17:03:35.770	[31merror[0m	/Volumes/workspace/GoProjects/ApkAdmin/model/project/app_account.go:84	è§£å¯†æ•°æ®å¤±è´¥	{"error": "illegal base64 data at input byte 0"}
[ApkAdmin/server]2025-10-16 17:03:45.725	[31merror[0m	/Volumes/workspace/GoProjects/ApkAdmin/model/project/app_account.go:84	è§£å¯†æ•°æ®å¤±è´¥	{"error": "illegal base64 data at input byte 0"}
[ApkAdmin/server]2025-10-16 17:04:19.234	[31merror[0m	/Volumes/workspace/GoProjects/ApkAdmin/model/project/app_account.go:84	è§£å¯†æ•°æ®å¤±è´¥	{"error": "illegal base64 data at input byte 0"}
[ApkAdmin/server]2025-10-16 17:05:22.108	[31merror[0m	/Volumes/workspace/GoProjects/ApkAdmin/model/project/app_account.go:84	è§£å¯†æ•°æ®å¤±è´¥	{"error": "illegal base64 data at input byte 0"}
[ApkAdmin/server]2025-10-16 17:05:24.628	[31merror[0m	/Volumes/workspace/GoProjects/ApkAdmin/model/project/app_account.go:84	è§£å¯†æ•°æ®å¤±è´¥	{"error": "illegal base64 data at input byte 0"}
[ApkAdmin/server]2025-10-16 17:23:25.523	[31merror[0m	/Volumes/workspace/GoProjects/ApkAdmin/model/project/app_account.go:84	è§£å¯†æ•°æ®å¤±è´¥	{"error": "illegal base64 data at input byte 0"}
[ApkAdmin/server]2025-10-16 17:27:08.566	[31merror[0m	/Volumes/workspace/GoProjects/ApkAdmin/model/project/app_account.go:84	è§£å¯†æ•°æ®å¤±è´¥	{"error": "illegal base64 data at input byte 0"}
[ApkAdmin/server]2025-10-16 17:33:38.242	[31merror[0m	/Volumes/workspace/GoProjects/ApkAdmin/model/project/app_account.go:84	è§£å¯†æ•°æ®å¤±è´¥	{"error": "illegal base64 data at input byte 0"}
[ApkAdmin/server]2025-10-16 17:33:52.635	[31merror[0m	/Volumes/workspace/GoProjects/ApkAdmin/model/project/app_account.go:84	è§£å¯†æ•°æ®å¤±è´¥	{"error": "illegal base64 data at input byte 0"}
[ApkAdmin/server]2025-10-16 17:33:55.171	[31merror[0m	/Volumes/workspace/GoProjects/ApkAdmin/model/project/app_account.go:84	è§£å¯†æ•°æ®å¤±è´¥	{"error": "illegal base64 data at input byte 0"}
[ApkAdmin/server]2025-10-16 17:34:07.593	[31merror[0m	/Volumes/workspace/GoProjects/ApkAdmin/model/project/app_account.go:84	è§£å¯†æ•°æ®å¤±è´¥	{"error": "illegal base64 data at input byte 0"}
[ApkAdmin/server]2025-10-16 17:34:12.344	[31merror[0m	/Volumes/workspace/GoProjects/ApkAdmin/model/project/app_account.go:84	è§£å¯†æ•°æ®å¤±è´¥	{"error": "illegal base64 data at input byte 0"}
[ApkAdmin/server]2025-10-16 17:34:14.345	[31merror[0m	/Volumes/workspace/GoProjects/ApkAdmin/model/project/app_account.go:84	è§£å¯†æ•°æ®å¤±è´¥	{"error": "illegal base64 data at input byte 0"}
[ApkAdmin/server]2025-10-16 17:36:35.080	[31merror[0m	/Volumes/workspace/GoProjects/ApkAdmin/model/project/app_account.go:84	è§£å¯†æ•°æ®å¤±è´¥	{"error": "illegal base64 data at input byte 0"}
[ApkAdmin/server]2025-10-16 17:36:36.363	[31merror[0m	/Volumes/workspace/GoProjects/ApkAdmin/model/project/app_account.go:84	è§£å¯†æ•°æ®å¤±è´¥	{"error": "illegal base64 data at input byte 0"}
[ApkAdmin/server]2025-10-16 17:36:39.781	[31merror[0m	/Volumes/workspace/GoProjects/ApkAdmin/model/project/app_account.go:84	è§£å¯†æ•°æ®å¤±è´¥	{"error": "illegal base64 data at input byte 0"}
[ApkAdmin/server]2025-10-16 18:13:28.031	[31merror[0m	/Volumes/workspace/GoProjects/ApkAdmin/model/project/app_account.go:84	è§£å¯†æ•°æ®å¤±è´¥	{"error": "illegal base64 data at input byte 0"}
[ApkAdmin/server]2025-10-16 18:19:02.945	[31merror[0m	/Volumes/workspace/GoProjects/ApkAdmin/model/project/app_account.go:84	è§£å¯†æ•°æ®å¤±è´¥	{"error": "illegal base64 data at input byte 0"}
[ApkAdmin/server]2025-10-16 18:19:03.971	[31merror[0m	/Volumes/workspace/GoProjects/ApkAdmin/model/project/app_account.go:84	è§£å¯†æ•°æ®å¤±è´¥	{"error": "illegal base64 data at input byte 0"}
[ApkAdmin/server]2025-10-16 18:20:00.458	[31merror[0m	/Volumes/workspace/GoProjects/ApkAdmin/model/project/app_account.go:84	è§£å¯†æ•°æ®å¤±è´¥	{"error": "illegal base64 data at input byte 0"}
[ApkAdmin/server]2025-10-16 18:20:02.189	[31merror[0m	/Volumes/workspace/GoProjects/ApkAdmin/model/project/app_account.go:84	è§£å¯†æ•°æ®å¤±è´¥	{"error": "illegal base64 data at input byte 0"}
[ApkAdmin/server]2025-10-16 18:24:32.025	[31merror[0m	/Volumes/workspace/GoProjects/ApkAdmin/model/project/app_account.go:84	è§£å¯†æ•°æ®å¤±è´¥	{"error": "illegal base64 data at input byte 0"}
[ApkAdmin/server]2025-10-16 18:24:36.320	[31merror[0m	/Volumes/workspace/GoProjects/ApkAdmin/model/project/app_account.go:84	è§£å¯†æ•°æ®å¤±è´¥	{"error": "illegal base64 data at input byte 0"}
[ApkAdmin/server]2025-10-16 18:30:16.493	[31merror[0m	/Volumes/workspace/GoProjects/ApkAdmin/api/v1/web/app.go:58	è·å–è´¦å·åº”ç”¨åˆ—è¡¨å¤±è´¥!	{"error": "Key: 'FilterAccountAppRequest.CategoryId' Error:Field validation for 'CategoryId' failed on the 'required' tag"}
[ApkAdmin/server]2025-10-16 18:42:41.873	[31merror[0m	/Volumes/workspace/GoProjects/ApkAdmin/api/v1/web/app.go:69	è·å–è´¦å·åº”ç”¨åˆ—è¡¨å¤±è´¥!	{"error": "Error 1054 (42S22): Unknown column 'price' in 'order clause'"}
[ApkAdmin/server]2025-10-16 18:42:56.647	[31merror[0m	/Volumes/workspace/GoProjects/ApkAdmin/api/v1/web/app.go:69	è·å–è´¦å·åº”ç”¨åˆ—è¡¨å¤±è´¥!	{"error": "Error 1054 (42S22): Unknown column 'sales_count' in 'order clause'"}
[ApkAdmin/server]2025-10-16 18:44:12.828	[31merror[0m	/Volumes/workspace/GoProjects/ApkAdmin/api/v1/web/app.go:69	è·å–è´¦å·åº”ç”¨åˆ—è¡¨å¤±è´¥!	{"error": "Error 1054 (42S22): Unknown column 'price' in 'order clause'"}
[ApkAdmin/server]2025-10-16 22:26:58.794	[31merror[0m	/Volumes/workspace/GoProjects/ApkAdmin/service/project/application.go:135	è°ƒè¯•	{"applicationList": [{"account_price":9.89,"id":1,"app_id":"com.tiktok","app_name":"Tiktok","country_code":"US","category_id":18,"subcategory_id":0,"app_icon":"uploads/file/60787054aedb886f9975110e667de86f_20250922093959.svg","description":"å¹´è½»äººèšé›†åœ°","is_hot":1,"is_recommend":1,"is_free":false,"rating":4.5,"sort_order":2,"status":"active","created_at":"2025-09-22T09:42:35+08:00","updated_at":"2025-10-16T19:11:47+08:00","created_by":1,"accounts":[{"id":1,"app_id":"com.tiktok","account_detail":"è´¦å·georgdowbigginpksu4417@gmail.comå¯†ç Aa2501d å¯†ä¿ç­”æ¡ˆï¼šmm55----mm----mm77----1990å¹´1æœˆ1æ—¥","category_id":18,"account_no":"ACC20251016970750","extra_info":"{\"email\": \"csasads\", \"phone\": \"11111\", \"remarks\": \"111158888\", \"vip_level\": 5, \"expire_time\": \"2025-10-16 00:00:00\", \"feature_list\": [\"hd_play\", \"offline_download\"]}","account_status":1,"created_at":"2025-10-16T12:32:40+08:00","updated_at":"2025-10-16T18:24:36+08:00","deleted_at":null,"created_by":1,"updated_by":1}]},{"account_price":8.99,"id":6,"app_id":"5387a095-fdb1-4cd5-b85e-437ce035c59e","app_name":"Youtube","country_code":"US","category_id":6,"subcategory_id":null,"app_icon":"uploads/file/b63d76a9df0c598bb302b891ba5e7f33_20251015234326.jpg","description":"ä¸‹è½½é€‚ç”¨äº Android æ‰‹æœºå’Œå¹³æ¿ç”µè„‘çš„ YouTube å®˜æ–¹åº”ç”¨ã€‚çœ‹ä¸–ç•Œä¹‹æ‰€çœ‹ï¼Œäº«ä¸–ç•Œä¹‹æ‰€äº« - ä»æœ€çƒ­é—¨çš„éŸ³ä¹è§†é¢‘ï¼Œåˆ°æ—¶ä¸‹æµè¡Œçš„æ¸¸æˆã€æ—¶å°šã€ç¾å®¹ã€æ–°é—»å’Œå­¦ä¹ ç­‰ç±»å‹çš„å†…å®¹ï¼Œå…¨éƒ¨å°½æ½çœ¼åº•ã€‚æ‚¨å¯ä»¥è®¢é˜…å–œçˆ±çš„é¢‘é“ã€åˆ›ä½œè‡ªå·±çš„å†…å®¹ã€ä¸æœ‹å‹åˆ†äº«ç²¾å½©å†…å®¹ï¼Œè¿˜å¯ä»¥åœ¨ä»»æ„è®¾å¤‡ä¸Šè§‚çœ‹è§†é¢‘ã€‚\n","is_hot":1,"is_recommend":1,"is_free":false,"rating":4,"sort_order":1,"status":"active","created_at":"2025-10-15T23:44:53+08:00","updated_at":"2025-10-15T23:45:05+08:00","created_by":1},{"account_price":0.01,"id":7,"app_id":"52e7cb50-946f-4f8d-9faf-6f74469414f4","app_name":"sss","country_code":"GB","category_id":1,"subcategory_id":2,"app_icon":"uploads/file/d077f244def8a70e5ea758bd8352fcd8_20251016030018.jpeg","description":"aaa","is_hot":0,"is_recommend":0,"is_free":false,"rating":4,"sort_order":0,"status":"active","created_at":"2025-10-16T03:00:25+08:00","updated_at":"2025-10-16T03:49:24+08:00","created_by":1},{"account_price":4,"id":5,"app_id":"com.telegram","app_name":"Telegram","country_code":"RU","category_id":5,"subcategory_id":null,"app_icon":"uploads/file/a80fce0c5e8742de51e992cc0dd90bff_20251010210428.jpg","description":"è¿™æ˜¯ä¸€ä¸ªåŠŸèƒ½å¼ºå¤§çš„åº”ç”¨ï¼Œæä¾›äº†ä¸°å¯Œçš„åŠŸèƒ½å’Œä¼˜ç§€çš„ç”¨æˆ·ä½“éªŒã€‚æ”¯æŒå¤šç§åœºæ™¯ä½¿ç”¨ï¼Œç•Œé¢ç®€æ´ç¾è§‚ï¼Œæ“ä½œæµç•…ä¾¿æ·ã€‚è¿™æ˜¯ä¸€ä¸ªåŠŸèƒ½å¼ºå¤§çš„åº”ç”¨ï¼Œæä¾›äº†ä¸°å¯Œçš„åŠŸèƒ½å’Œä¼˜ç§€çš„ç”¨æˆ·ä½“éªŒã€‚æ”¯æŒå¤šç§åœºæ™¯ä½¿ç”¨ï¼Œç•Œé¢ç®€æ´ç¾è§‚ï¼Œæ“ä½œæµç•…ä¾¿æ·ã€‚è¿™æ˜¯ä¸€ä¸ªåŠŸèƒ½å¼ºå¤§çš„åº”ç”¨ï¼Œæä¾›äº†ä¸°å¯Œçš„åŠŸèƒ½å’Œä¼˜ç§€çš„ç”¨æˆ·ä½“éªŒã€‚æ”¯æŒå¤šç§åœºæ™¯ä½¿ç”¨ï¼Œç•Œé¢ç®€æ´ç¾è§‚ï¼Œæ“ä½œæµç•…ä¾¿æ·ã€‚","is_hot":1,"is_recommend":0,"is_free":false,"rating":3.5,"sort_order":0,"status":"active","created_at":"2025-10-10T21:04:36+08:00","updated_at":"2025-10-16T19:11:44+08:00","created_by":1}]}
[ApkAdmin/server]2025-10-16 22:30:28.405	[31merror[0m	/Volumes/workspace/GoProjects/ApkAdmin/service/project/application.go:135	è°ƒè¯•	{"applicationList": [{"account_price":9.89,"id":1,"app_id":"com.tiktok","app_name":"Tiktok","country_code":"US","category_id":18,"subcategory_id":0,"app_icon":"uploads/file/60787054aedb886f9975110e667de86f_20250922093959.svg","description":"å¹´è½»äººèšé›†åœ°","is_hot":1,"is_recommend":1,"is_free":false,"rating":4.5,"sort_order":2,"status":"active","created_at":"2025-09-22T09:42:35+08:00","updated_at":"2025-10-16T19:11:47+08:00","created_by":1,"accounts":[{"id":1,"app_id":"com.tiktok","account_detail":"è´¦å·georgdowbigginpksu4417@gmail.comå¯†ç Aa2501d å¯†ä¿ç­”æ¡ˆï¼šmm55----mm----mm77----1990å¹´1æœˆ1æ—¥","category_id":18,"account_no":"ACC20251016970750","extra_info":"{\"email\": \"csasads\", \"phone\": \"11111\", \"remarks\": \"111158888\", \"vip_level\": 5, \"expire_time\": \"2025-10-16 00:00:00\", \"feature_list\": [\"hd_play\", \"offline_download\"]}","account_status":1,"created_at":"2025-10-16T12:32:40+08:00","updated_at":"2025-10-16T18:24:36+08:00","deleted_at":null,"created_by":1,"updated_by":1}]},{"account_price":8.99,"id":6,"app_id":"5387a095-fdb1-4cd5-b85e-437ce035c59e","app_name":"Youtube","country_code":"US","category_id":6,"subcategory_id":null,"app_icon":"uploads/file/b63d76a9df0c598bb302b891ba5e7f33_20251015234326.jpg","description":"ä¸‹è½½é€‚ç”¨äº Android æ‰‹æœºå’Œå¹³æ¿ç”µè„‘çš„ YouTube å®˜æ–¹åº”ç”¨ã€‚çœ‹ä¸–ç•Œä¹‹æ‰€çœ‹ï¼Œäº«ä¸–ç•Œä¹‹æ‰€äº« - ä»æœ€çƒ­é—¨çš„éŸ³ä¹è§†é¢‘ï¼Œåˆ°æ—¶ä¸‹æµè¡Œçš„æ¸¸æˆã€æ—¶å°šã€ç¾å®¹ã€æ–°é—»å’Œå­¦ä¹ ç­‰ç±»å‹çš„å†…å®¹ï¼Œå…¨éƒ¨å°½æ½çœ¼åº•ã€‚æ‚¨å¯ä»¥è®¢é˜…å–œçˆ±çš„é¢‘é“ã€åˆ›ä½œè‡ªå·±çš„å†…å®¹ã€ä¸æœ‹å‹åˆ†äº«ç²¾å½©å†…å®¹ï¼Œè¿˜å¯ä»¥åœ¨ä»»æ„è®¾å¤‡ä¸Šè§‚çœ‹è§†é¢‘ã€‚\n","is_hot":1,"is_recommend":1,"is_free":false,"rating":4,"sort_order":1,"status":"active","created_at":"2025-10-15T23:44:53+08:00","updated_at":"2025-10-15T23:45:05+08:00","created_by":1},{"account_price":0.01,"id":7,"app_id":"52e7cb50-946f-4f8d-9faf-6f74469414f4","app_name":"sss","country_code":"GB","category_id":1,"subcategory_id":2,"app_icon":"uploads/file/d077f244def8a70e5ea758bd8352fcd8_20251016030018.jpeg","description":"aaa","is_hot":0,"is_recommend":0,"is_free":false,"rating":4,"sort_order":0,"status":"active","created_at":"2025-10-16T03:00:25+08:00","updated_at":"2025-10-16T03:49:24+08:00","created_by":1},{"account_price":4,"id":5,"app_id":"com.telegram","app_name":"Telegram","country_code":"RU","category_id":5,"subcategory_id":null,"app_icon":"uploads/file/a80fce0c5e8742de51e992cc0dd90bff_20251010210428.jpg","description":"è¿™æ˜¯ä¸€ä¸ªåŠŸèƒ½å¼ºå¤§çš„åº”ç”¨ï¼Œæä¾›äº†ä¸°å¯Œçš„åŠŸèƒ½å’Œä¼˜ç§€çš„ç”¨æˆ·ä½“éªŒã€‚æ”¯æŒå¤šç§åœºæ™¯ä½¿ç”¨ï¼Œç•Œé¢ç®€æ´ç¾è§‚ï¼Œæ“ä½œæµç•…ä¾¿æ·ã€‚è¿™æ˜¯ä¸€ä¸ªåŠŸèƒ½å¼ºå¤§çš„åº”ç”¨ï¼Œæä¾›äº†ä¸°å¯Œçš„åŠŸèƒ½å’Œä¼˜ç§€çš„ç”¨æˆ·ä½“éªŒã€‚æ”¯æŒå¤šç§åœºæ™¯ä½¿ç”¨ï¼Œç•Œé¢ç®€æ´ç¾è§‚ï¼Œæ“ä½œæµç•…ä¾¿æ·ã€‚è¿™æ˜¯ä¸€ä¸ªåŠŸèƒ½å¼ºå¤§çš„åº”ç”¨ï¼Œæä¾›äº†ä¸°å¯Œçš„åŠŸèƒ½å’Œä¼˜ç§€çš„ç”¨æˆ·ä½“éªŒã€‚æ”¯æŒå¤šç§åœºæ™¯ä½¿ç”¨ï¼Œç•Œé¢ç®€æ´ç¾è§‚ï¼Œæ“ä½œæµç•…ä¾¿æ·ã€‚","is_hot":1,"is_recommend":0,"is_free":false,"rating":3.5,"sort_order":0,"status":"active","created_at":"2025-10-10T21:04:36+08:00","updated_at":"2025-10-16T19:11:44+08:00","created_by":1}]}
[ApkAdmin/server]2025-10-16 22:40:10.012	[31merror[0m	/Volumes/workspace/GoProjects/ApkAdmin/service/project/application.go:135	è°ƒè¯•	{"applicationList": [{"account_price":9.89,"id":1,"app_id":"com.tiktok","app_name":"Tiktok","country_code":"US","category_id":18,"subcategory_id":0,"app_icon":"uploads/file/60787054aedb886f9975110e667de86f_20250922093959.svg","description":"å¹´è½»äººèšé›†åœ°","is_hot":1,"is_recommend":1,"is_free":false,"rating":4.5,"download_count":0,"sales_count":0,"apk_sales_count":0,"account_sales_account":0,"sort_order":2,"status":"active","created_at":"2025-09-22T09:42:35+08:00","updated_at":"2025-10-16T19:11:47+08:00","created_by":1,"accounts":[{"id":1,"app_id":"com.tiktok","account_detail":"è´¦å·georgdowbigginpksu4417@gmail.comå¯†ç Aa2501d å¯†ä¿ç­”æ¡ˆï¼šmm55----mm----mm77----1990å¹´1æœˆ1æ—¥","category_id":18,"account_no":"ACC20251016970750","extra_info":"{\"email\": \"csasads\", \"phone\": \"11111\", \"remarks\": \"111158888\", \"vip_level\": 5, \"expire_time\": \"2025-10-16 00:00:00\", \"feature_list\": [\"hd_play\", \"offline_download\"]}","account_status":1,"created_at":"2025-10-16T12:32:40+08:00","updated_at":"2025-10-16T18:24:36+08:00","deleted_at":null,"created_by":1,"updated_by":1}]},{"account_price":8.99,"id":6,"app_id":"5387a095-fdb1-4cd5-b85e-437ce035c59e","app_name":"Youtube","country_code":"US","category_id":6,"subcategory_id":null,"app_icon":"uploads/file/b63d76a9df0c598bb302b891ba5e7f33_20251015234326.jpg","description":"ä¸‹è½½é€‚ç”¨äº Android æ‰‹æœºå’Œå¹³æ¿ç”µè„‘çš„ YouTube å®˜æ–¹åº”ç”¨ã€‚çœ‹ä¸–ç•Œä¹‹æ‰€çœ‹ï¼Œäº«ä¸–ç•Œä¹‹æ‰€äº« - ä»æœ€çƒ­é—¨çš„éŸ³ä¹è§†é¢‘ï¼Œåˆ°æ—¶ä¸‹æµè¡Œçš„æ¸¸æˆã€æ—¶å°šã€ç¾å®¹ã€æ–°é—»å’Œå­¦ä¹ ç­‰ç±»å‹çš„å†…å®¹ï¼Œå…¨éƒ¨å°½æ½çœ¼åº•ã€‚æ‚¨å¯ä»¥è®¢é˜…å–œçˆ±çš„é¢‘é“ã€åˆ›ä½œè‡ªå·±çš„å†…å®¹ã€ä¸æœ‹å‹åˆ†äº«ç²¾å½©å†…å®¹ï¼Œè¿˜å¯ä»¥åœ¨ä»»æ„è®¾å¤‡ä¸Šè§‚çœ‹è§†é¢‘ã€‚\n","is_hot":1,"is_recommend":1,"is_free":false,"rating":4,"download_count":0,"sales_count":0,"apk_sales_count":0,"account_sales_account":0,"sort_order":1,"status":"active","created_at":"2025-10-15T23:44:53+08:00","updated_at":"2025-10-15T23:45:05+08:00","created_by":1},{"account_price":0.01,"id":7,"app_id":"52e7cb50-946f-4f8d-9faf-6f74469414f4","app_name":"sss","country_code":"GB","category_id":1,"subcategory_id":2,"app_icon":"uploads/file/d077f244def8a70e5ea758bd8352fcd8_20251016030018.jpeg","description":"aaa","is_hot":0,"is_recommend":0,"is_free":false,"rating":4,"download_count":0,"sales_count":0,"apk_sales_count":0,"account_sales_account":0,"sort_order":0,"status":"active","created_at":"2025-10-16T03:00:25+08:00","updated_at":"2025-10-16T03:49:24+08:00","created_by":1},{"account_price":4,"id":5,"app_id":"com.telegram","app_name":"Telegram","country_code":"RU","category_id":5,"subcategory_id":null,"app_icon":"uploads/file/a80fce0c5e8742de51e992cc0dd90bff_20251010210428.jpg","description":"è¿™æ˜¯ä¸€ä¸ªåŠŸèƒ½å¼ºå¤§çš„åº”ç”¨ï¼Œæä¾›äº†ä¸°å¯Œçš„åŠŸèƒ½å’Œä¼˜ç§€çš„ç”¨æˆ·ä½“éªŒã€‚æ”¯æŒå¤šç§åœºæ™¯ä½¿ç”¨ï¼Œç•Œé¢ç®€æ´ç¾è§‚ï¼Œæ“ä½œæµç•…ä¾¿æ·ã€‚è¿™æ˜¯ä¸€ä¸ªåŠŸèƒ½å¼ºå¤§çš„åº”ç”¨ï¼Œæä¾›äº†ä¸°å¯Œçš„åŠŸèƒ½å’Œä¼˜ç§€çš„ç”¨æˆ·ä½“éªŒã€‚æ”¯æŒå¤šç§åœºæ™¯ä½¿ç”¨ï¼Œç•Œé¢ç®€æ´ç¾è§‚ï¼Œæ“ä½œæµç•…ä¾¿æ·ã€‚è¿™æ˜¯ä¸€ä¸ªåŠŸèƒ½å¼ºå¤§çš„åº”ç”¨ï¼Œæä¾›äº†ä¸°å¯Œçš„åŠŸèƒ½å’Œä¼˜ç§€çš„ç”¨æˆ·ä½“éªŒã€‚æ”¯æŒå¤šç§åœºæ™¯ä½¿ç”¨ï¼Œç•Œé¢ç®€æ´ç¾è§‚ï¼Œæ“ä½œæµç•…ä¾¿æ·ã€‚","is_hot":1,"is_recommend":0,"is_free":false,"rating":3.5,"download_count":0,"sales_count":0,"apk_sales_count":0,"account_sales_account":0,"sort_order":0,"status":"active","created_at":"2025-10-10T21:04:36+08:00","updated_at":"2025-10-16T19:11:44+08:00","created_by":1}]}
[ApkAdmin/server]2025-10-16 22:41:18.336	[31merror[0m	/Volumes/workspace/GoProjects/ApkAdmin/service/project/application.go:135	è°ƒè¯•	{"applicationList": [{"account_price":9.89,"id":1,"app_id":"com.tiktok","app_name":"Tiktok","country_code":"US","category_id":18,"subcategory_id":0,"app_icon":"uploads/file/60787054aedb886f9975110e667de86f_20250922093959.svg","description":"å¹´è½»äººèšé›†åœ°","is_hot":1,"is_recommend":1,"is_free":false,"rating":4.5,"download_count":0,"sales_count":0,"apk_sales_count":0,"account_sales_account":0,"sort_order":2,"status":"active","created_at":"2025-09-22T09:42:35+08:00","updated_at":"2025-10-16T19:11:47+08:00","created_by":1,"accounts":[{"id":1,"app_id":"com.tiktok","account_detail":"è´¦å·georgdowbigginpksu4417@gmail.comå¯†ç Aa2501d å¯†ä¿ç­”æ¡ˆï¼šmm55----mm----mm77----1990å¹´1æœˆ1æ—¥","category_id":18,"account_no":"ACC20251016970750","extra_info":"{\"email\": \"csasads\", \"phone\": \"11111\", \"remarks\": \"111158888\", \"vip_level\": 5, \"expire_time\": \"2025-10-16 00:00:00\", \"feature_list\": [\"hd_play\", \"offline_download\"]}","account_status":1,"created_at":"2025-10-16T12:32:40+08:00","updated_at":"2025-10-16T18:24:36+08:00","deleted_at":null,"created_by":1,"updated_by":1}]},{"account_price":8.99,"id":6,"app_id":"5387a095-fdb1-4cd5-b85e-437ce035c59e","app_name":"Youtube","country_code":"US","category_id":6,"subcategory_id":null,"app_icon":"uploads/file/b63d76a9df0c598bb302b891ba5e7f33_20251015234326.jpg","description":"ä¸‹è½½é€‚ç”¨äº Android æ‰‹æœºå’Œå¹³æ¿ç”µè„‘çš„ YouTube å®˜æ–¹åº”ç”¨ã€‚çœ‹ä¸–ç•Œä¹‹æ‰€çœ‹ï¼Œäº«ä¸–ç•Œä¹‹æ‰€äº« - ä»æœ€çƒ­é—¨çš„éŸ³ä¹è§†é¢‘ï¼Œåˆ°æ—¶ä¸‹æµè¡Œçš„æ¸¸æˆã€æ—¶å°šã€ç¾å®¹ã€æ–°é—»å’Œå­¦ä¹ ç­‰ç±»å‹çš„å†…å®¹ï¼Œå…¨éƒ¨å°½æ½çœ¼åº•ã€‚æ‚¨å¯ä»¥è®¢é˜…å–œçˆ±çš„é¢‘é“ã€åˆ›ä½œè‡ªå·±çš„å†…å®¹ã€ä¸æœ‹å‹åˆ†äº«ç²¾å½©å†…å®¹ï¼Œè¿˜å¯ä»¥åœ¨ä»»æ„è®¾å¤‡ä¸Šè§‚çœ‹è§†é¢‘ã€‚\n","is_hot":1,"is_recommend":1,"is_free":false,"rating":4,"download_count":0,"sales_count":0,"apk_sales_count":0,"account_sales_account":0,"sort_order":1,"status":"active","created_at":"2025-10-15T23:44:53+08:00","updated_at":"2025-10-15T23:45:05+08:00","created_by":1},{"account_price":0.01,"id":7,"app_id":"52e7cb50-946f-4f8d-9faf-6f74469414f4","app_name":"sss","country_code":"GB","category_id":1,"subcategory_id":2,"app_icon":"uploads/file/d077f244def8a70e5ea758bd8352fcd8_20251016030018.jpeg","description":"aaa","is_hot":0,"is_recommend":0,"is_free":false,"rating":4,"download_count":0,"sales_count":0,"apk_sales_count":0,"account_sales_account":0,"sort_order":0,"status":"active","created_at":"2025-10-16T03:00:25+08:00","updated_at":"2025-10-16T03:49:24+08:00","created_by":1},{"account_price":4,"id":5,"app_id":"com.telegram","app_name":"Telegram","country_code":"RU","category_id":5,"subcategory_id":null,"app_icon":"uploads/file/a80fce0c5e8742de51e992cc0dd90bff_20251010210428.jpg","description":"è¿™æ˜¯ä¸€ä¸ªåŠŸèƒ½å¼ºå¤§çš„åº”ç”¨ï¼Œæä¾›äº†ä¸°å¯Œçš„åŠŸèƒ½å’Œä¼˜ç§€çš„ç”¨æˆ·ä½“éªŒã€‚æ”¯æŒå¤šç§åœºæ™¯ä½¿ç”¨ï¼Œç•Œé¢ç®€æ´ç¾è§‚ï¼Œæ“ä½œæµç•…ä¾¿æ·ã€‚è¿™æ˜¯ä¸€ä¸ªåŠŸèƒ½å¼ºå¤§çš„åº”ç”¨ï¼Œæä¾›äº†ä¸°å¯Œçš„åŠŸèƒ½å’Œä¼˜ç§€çš„ç”¨æˆ·ä½“éªŒã€‚æ”¯æŒå¤šç§åœºæ™¯ä½¿ç”¨ï¼Œç•Œé¢ç®€æ´ç¾è§‚ï¼Œæ“ä½œæµç•…ä¾¿æ·ã€‚è¿™æ˜¯ä¸€ä¸ªåŠŸèƒ½å¼ºå¤§çš„åº”ç”¨ï¼Œæä¾›äº†ä¸°å¯Œçš„åŠŸèƒ½å’Œä¼˜ç§€çš„ç”¨æˆ·ä½“éªŒã€‚æ”¯æŒå¤šç§åœºæ™¯ä½¿ç”¨ï¼Œç•Œé¢ç®€æ´ç¾è§‚ï¼Œæ“ä½œæµç•…ä¾¿æ·ã€‚","is_hot":1,"is_recommend":0,"is_free":false,"rating":3.5,"download_count":0,"sales_count":0,"apk_sales_count":0,"account_sales_account":0,"sort_order":0,"status":"active","created_at":"2025-10-10T21:04:36+08:00","updated_at":"2025-10-16T19:11:44+08:00","created_by":1}]}
[ApkAdmin/server]2025-10-16 22:41:18.337	[31merror[0m	/Volumes/workspace/GoProjects/ApkAdmin/service/project/application.go:136	æ•°é‡	{"app_num": 4}
[ApkAdmin/server]2025-10-16 22:42:54.128	[31merror[0m	/Volumes/workspace/GoProjects/ApkAdmin/service/project/application.go:135	è°ƒè¯•	{"applicationList": [{"account_price":9.89,"id":1,"app_id":"com.tiktok","app_name":"Tiktok","country_code":"US","category_id":18,"subcategory_id":0,"app_icon":"uploads/file/60787054aedb886f9975110e667de86f_20250922093959.svg","description":"å¹´è½»äººèšé›†åœ°","is_hot":1,"is_recommend":1,"is_free":false,"rating":4.5,"download_count":0,"sales_count":0,"apk_sales_count":0,"account_sales_account":0,"sort_order":2,"status":"active","created_at":"2025-09-22T09:42:35+08:00","updated_at":"2025-10-16T19:11:47+08:00","created_by":1,"accounts":[{"id":1,"app_id":"com.tiktok","account_detail":"è´¦å·georgdowbigginpksu4417@gmail.comå¯†ç Aa2501d å¯†ä¿ç­”æ¡ˆï¼šmm55----mm----mm77----1990å¹´1æœˆ1æ—¥","category_id":18,"account_no":"ACC20251016970750","extra_info":"{\"email\": \"csasads\", \"phone\": \"11111\", \"remarks\": \"111158888\", \"vip_level\": 5, \"expire_time\": \"2025-10-16 00:00:00\", \"feature_list\": [\"hd_play\", \"offline_download\"]}","account_status":1,"created_at":"2025-10-16T12:32:40+08:00","updated_at":"2025-10-16T18:24:36+08:00","deleted_at":null,"created_by":1,"updated_by":1}]},{"account_price":8.99,"id":6,"app_id":"5387a095-fdb1-4cd5-b85e-437ce035c59e","app_name":"Youtube","country_code":"US","category_id":6,"subcategory_id":null,"app_icon":"uploads/file/b63d76a9df0c598bb302b891ba5e7f33_20251015234326.jpg","description":"ä¸‹è½½é€‚ç”¨äº Android æ‰‹æœºå’Œå¹³æ¿ç”µè„‘çš„ YouTube å®˜æ–¹åº”ç”¨ã€‚çœ‹ä¸–ç•Œä¹‹æ‰€çœ‹ï¼Œäº«ä¸–ç•Œä¹‹æ‰€äº« - ä»æœ€çƒ­é—¨çš„éŸ³ä¹è§†é¢‘ï¼Œåˆ°æ—¶ä¸‹æµè¡Œçš„æ¸¸æˆã€æ—¶å°šã€ç¾å®¹ã€æ–°é—»å’Œå­¦ä¹ ç­‰ç±»å‹çš„å†…å®¹ï¼Œå…¨éƒ¨å°½æ½çœ¼åº•ã€‚æ‚¨å¯ä»¥è®¢é˜…å–œçˆ±çš„é¢‘é“ã€åˆ›ä½œè‡ªå·±çš„å†…å®¹ã€ä¸æœ‹å‹åˆ†äº«ç²¾å½©å†…å®¹ï¼Œè¿˜å¯ä»¥åœ¨ä»»æ„è®¾å¤‡ä¸Šè§‚çœ‹è§†é¢‘ã€‚\n","is_hot":1,"is_recommend":1,"is_free":false,"rating":4,"download_count":0,"sales_count":0,"apk_sales_count":0,"account_sales_account":0,"sort_order":1,"status":"active","created_at":"2025-10-15T23:44:53+08:00","updated_at":"2025-10-15T23:45:05+08:00","created_by":1},{"account_price":0.01,"id":7,"app_id":"52e7cb50-946f-4f8d-9faf-6f74469414f4","app_name":"sss","country_code":"GB","category_id":1,"subcategory_id":2,"app_icon":"uploads/file/d077f244def8a70e5ea758bd8352fcd8_20251016030018.jpeg","description":"aaa","is_hot":0,"is_recommend":0,"is_free":false,"rating":4,"download_count":0,"sales_count":0,"apk_sales_count":0,"account_sales_account":0,"sort_order":0,"status":"active","created_at":"2025-10-16T03:00:25+08:00","updated_at":"2025-10-16T03:49:24+08:00","created_by":1},{"account_price":4,"id":5,"app_id":"com.telegram","app_name":"Telegram","country_code":"RU","category_id":5,"subcategory_id":null,"app_icon":"uploads/file/a80fce0c5e8742de51e992cc0dd90bff_20251010210428.jpg","description":"è¿™æ˜¯ä¸€ä¸ªåŠŸèƒ½å¼ºå¤§çš„åº”ç”¨ï¼Œæä¾›äº†ä¸°å¯Œçš„åŠŸèƒ½å’Œä¼˜ç§€çš„ç”¨æˆ·ä½“éªŒã€‚æ”¯æŒå¤šç§åœºæ™¯ä½¿ç”¨ï¼Œç•Œé¢ç®€æ´ç¾è§‚ï¼Œæ“ä½œæµç•…ä¾¿æ·ã€‚è¿™æ˜¯ä¸€ä¸ªåŠŸèƒ½å¼ºå¤§çš„åº”ç”¨ï¼Œæä¾›äº†ä¸°å¯Œçš„åŠŸèƒ½å’Œä¼˜ç§€çš„ç”¨æˆ·ä½“éªŒã€‚æ”¯æŒå¤šç§åœºæ™¯ä½¿ç”¨ï¼Œç•Œé¢ç®€æ´ç¾è§‚ï¼Œæ“ä½œæµç•…ä¾¿æ·ã€‚è¿™æ˜¯ä¸€ä¸ªåŠŸèƒ½å¼ºå¤§çš„åº”ç”¨ï¼Œæä¾›äº†ä¸°å¯Œçš„åŠŸèƒ½å’Œä¼˜ç§€çš„ç”¨æˆ·ä½“éªŒã€‚æ”¯æŒå¤šç§åœºæ™¯ä½¿ç”¨ï¼Œç•Œé¢ç®€æ´ç¾è§‚ï¼Œæ“ä½œæµç•…ä¾¿æ·ã€‚","is_hot":1,"is_recommend":0,"is_free":false,"rating":3.5,"download_count":0,"sales_count":0,"apk_sales_count":0,"account_sales_account":0,"sort_order":0,"status":"active","created_at":"2025-10-10T21:04:36+08:00","updated_at":"2025-10-16T19:11:44+08:00","created_by":1}]}
[ApkAdmin/server]2025-10-16 22:42:54.129	[31merror[0m	/Volumes/workspace/GoProjects/ApkAdmin/service/project/application.go:138	è°ƒè¯•11111	{"app": {"account_price":9.89,"id":1,"app_id":"com.tiktok","app_name":"Tiktok","country_code":"US","category_id":18,"subcategory_id":0,"app_icon":"uploads/file/60787054aedb886f9975110e667de86f_20250922093959.svg","description":"å¹´è½»äººèšé›†åœ°","is_hot":1,"is_recommend":1,"is_free":false,"rating":4.5,"download_count":0,"sales_count":0,"apk_sales_count":0,"account_sales_account":0,"sort_order":2,"status":"active","created_at":"2025-09-22T09:42:35+08:00","updated_at":"2025-10-16T19:11:47+08:00","created_by":1,"accounts":[{"id":1,"app_id":"com.tiktok","account_detail":"è´¦å·georgdowbigginpksu4417@gmail.comå¯†ç Aa2501d å¯†ä¿ç­”æ¡ˆï¼šmm55----mm----mm77----1990å¹´1æœˆ1æ—¥","category_id":18,"account_no":"ACC20251016970750","extra_info":"{\"email\": \"csasads\", \"phone\": \"11111\", \"remarks\": \"111158888\", \"vip_level\": 5, \"expire_time\": \"2025-10-16 00:00:00\", \"feature_list\": [\"hd_play\", \"offline_download\"]}","account_status":1,"created_at":"2025-10-16T12:32:40+08:00","updated_at":"2025-10-16T18:24:36+08:00","deleted_at":null,"created_by":1,"updated_by":1}]}}
[ApkAdmin/server]2025-10-16 22:42:54.129	[31merror[0m	/Volumes/workspace/GoProjects/ApkAdmin/service/project/application.go:138	è°ƒè¯•11111	{"app": {"account_price":8.99,"id":6,"app_id":"5387a095-fdb1-4cd5-b85e-437ce035c59e","app_name":"Youtube","country_code":"US","category_id":6,"subcategory_id":null,"app_icon":"uploads/file/b63d76a9df0c598bb302b891ba5e7f33_20251015234326.jpg","description":"ä¸‹è½½é€‚ç”¨äº Android æ‰‹æœºå’Œå¹³æ¿ç”µè„‘çš„ YouTube å®˜æ–¹åº”ç”¨ã€‚çœ‹ä¸–ç•Œä¹‹æ‰€çœ‹ï¼Œäº«ä¸–ç•Œä¹‹æ‰€äº« - ä»æœ€çƒ­é—¨çš„éŸ³ä¹è§†é¢‘ï¼Œåˆ°æ—¶ä¸‹æµè¡Œçš„æ¸¸æˆã€æ—¶å°šã€ç¾å®¹ã€æ–°é—»å’Œå­¦ä¹ ç­‰ç±»å‹çš„å†…å®¹ï¼Œå…¨éƒ¨å°½æ½çœ¼åº•ã€‚æ‚¨å¯ä»¥è®¢é˜…å–œçˆ±çš„é¢‘é“ã€åˆ›ä½œè‡ªå·±çš„å†…å®¹ã€ä¸æœ‹å‹åˆ†äº«ç²¾å½©å†…å®¹ï¼Œè¿˜å¯ä»¥åœ¨ä»»æ„è®¾å¤‡ä¸Šè§‚çœ‹è§†é¢‘ã€‚\n","is_hot":1,"is_recommend":1,"is_free":false,"rating":4,"download_count":0,"sales_count":0,"apk_sales_count":0,"account_sales_account":0,"sort_order":1,"status":"active","created_at":"2025-10-15T23:44:53+08:00","updated_at":"2025-10-15T23:45:05+08:00","created_by":1}}
[ApkAdmin/server]2025-10-16 22:42:54.129	[31merror[0m	/Volumes/workspace/GoProjects/ApkAdmin/service/project/application.go:138	è°ƒè¯•11111	{"app": {"account_price":0.01,"id":7,"app_id":"52e7cb50-946f-4f8d-9faf-6f74469414f4","app_name":"sss","country_code":"GB","category_id":1,"subcategory_id":2,"app_icon":"uploads/file/d077f244def8a70e5ea758bd8352fcd8_20251016030018.jpeg","description":"aaa","is_hot":0,"is_recommend":0,"is_free":false,"rating":4,"download_count":0,"sales_count":0,"apk_sales_count":0,"account_sales_account":0,"sort_order":0,"status":"active","created_at":"2025-10-16T03:00:25+08:00","updated_at":"2025-10-16T03:49:24+08:00","created_by":1}}
[ApkAdmin/server]2025-10-16 22:42:54.130	[31merror[0m	/Volumes/workspace/GoProjects/ApkAdmin/service/project/application.go:138	è°ƒè¯•11111	{"app": {"account_price":4,"id":5,"app_id":"com.telegram","app_name":"Telegram","country_code":"RU","category_id":5,"subcategory_id":null,"app_icon":"uploads/file/a80fce0c5e8742de51e992cc0dd90bff_20251010210428.jpg","description":"è¿™æ˜¯ä¸€ä¸ªåŠŸèƒ½å¼ºå¤§çš„åº”ç”¨ï¼Œæä¾›äº†ä¸°å¯Œçš„åŠŸèƒ½å’Œä¼˜ç§€çš„ç”¨æˆ·ä½“éªŒã€‚æ”¯æŒå¤šç§åœºæ™¯ä½¿ç”¨ï¼Œç•Œé¢ç®€æ´ç¾è§‚ï¼Œæ“ä½œæµç•…ä¾¿æ·ã€‚è¿™æ˜¯ä¸€ä¸ªåŠŸèƒ½å¼ºå¤§çš„åº”ç”¨ï¼Œæä¾›äº†ä¸°å¯Œçš„åŠŸèƒ½å’Œä¼˜ç§€çš„ç”¨æˆ·ä½“éªŒã€‚æ”¯æŒå¤šç§åœºæ™¯ä½¿ç”¨ï¼Œç•Œé¢ç®€æ´ç¾è§‚ï¼Œæ“ä½œæµç•…ä¾¿æ·ã€‚è¿™æ˜¯ä¸€ä¸ªåŠŸèƒ½å¼ºå¤§çš„åº”ç”¨ï¼Œæä¾›äº†ä¸°å¯Œçš„åŠŸèƒ½å’Œä¼˜ç§€çš„ç”¨æˆ·ä½“éªŒã€‚æ”¯æŒå¤šç§åœºæ™¯ä½¿ç”¨ï¼Œç•Œé¢ç®€æ´ç¾è§‚ï¼Œæ“ä½œæµç•…ä¾¿æ·ã€‚","is_hot":1,"is_recommend":0,"is_free":false,"rating":3.5,"download_count":0,"sales_count":0,"apk_sales_count":0,"account_sales_account":0,"sort_order":0,"status":"active","created_at":"2025-10-10T21:04:36+08:00","updated_at":"2025-10-16T19:11:44+08:00","created_by":1}}
[ApkAdmin/server]2025-10-16 22:44:37.952	[31merror[0m	/Volumes/workspace/GoProjects/ApkAdmin/service/project/application.go:135	è°ƒè¯•	{"applicationList": [{"account_price":9.89,"id":1,"app_id":"com.tiktok","app_name":"Tiktok","country_code":"US","category_id":18,"subcategory_id":0,"app_icon":"uploads/file/60787054aedb886f9975110e667de86f_20250922093959.svg","description":"å¹´è½»äººèšé›†åœ°","is_hot":1,"is_recommend":1,"is_free":false,"rating":4.5,"download_count":0,"sales_count":0,"apk_sales_count":0,"account_sales_account":0,"sort_order":2,"status":"active","created_at":"2025-09-22T09:42:35+08:00","updated_at":"2025-10-16T19:11:47+08:00","created_by":1,"accounts":[{"id":1,"app_id":"com.tiktok","account_detail":"è´¦å·georgdowbigginpksu4417@gmail.comå¯†ç Aa2501d å¯†ä¿ç­”æ¡ˆï¼šmm55----mm----mm77----1990å¹´1æœˆ1æ—¥","category_id":18,"account_no":"ACC20251016970750","extra_info":"{\"email\": \"csasads\", \"phone\": \"11111\", \"remarks\": \"111158888\", \"vip_level\": 5, \"expire_time\": \"2025-10-16 00:00:00\", \"feature_list\": [\"hd_play\", \"offline_download\"]}","account_status":1,"created_at":"2025-10-16T12:32:40+08:00","updated_at":"2025-10-16T18:24:36+08:00","deleted_at":null,"created_by":1,"updated_by":1}]},{"account_price":8.99,"id":6,"app_id":"5387a095-fdb1-4cd5-b85e-437ce035c59e","app_name":"Youtube","country_code":"US","category_id":6,"subcategory_id":null,"app_icon":"uploads/file/b63d76a9df0c598bb302b891ba5e7f33_20251015234326.jpg","description":"ä¸‹è½½é€‚ç”¨äº Android æ‰‹æœºå’Œå¹³æ¿ç”µè„‘çš„ YouTube å®˜æ–¹åº”ç”¨ã€‚çœ‹ä¸–ç•Œä¹‹æ‰€çœ‹ï¼Œäº«ä¸–ç•Œä¹‹æ‰€äº« - ä»æœ€çƒ­é—¨çš„éŸ³ä¹è§†é¢‘ï¼Œåˆ°æ—¶ä¸‹æµè¡Œçš„æ¸¸æˆã€æ—¶å°šã€ç¾å®¹ã€æ–°é—»å’Œå­¦ä¹ ç­‰ç±»å‹çš„å†…å®¹ï¼Œå…¨éƒ¨å°½æ½çœ¼åº•ã€‚æ‚¨å¯ä»¥è®¢é˜…å–œçˆ±çš„é¢‘é“ã€åˆ›ä½œè‡ªå·±çš„å†…å®¹ã€ä¸æœ‹å‹åˆ†äº«ç²¾å½©å†…å®¹ï¼Œè¿˜å¯ä»¥åœ¨ä»»æ„è®¾å¤‡ä¸Šè§‚çœ‹è§†é¢‘ã€‚\n","is_hot":1,"is_recommend":1,"is_free":false,"rating":4,"download_count":0,"sales_count":0,"apk_sales_count":0,"account_sales_account":0,"sort_order":1,"status":"active","created_at":"2025-10-15T23:44:53+08:00","updated_at":"2025-10-15T23:45:05+08:00","created_by":1},{"account_price":0.01,"id":7,"app_id":"52e7cb50-946f-4f8d-9faf-6f74469414f4","app_name":"sss","country_code":"GB","category_id":1,"subcategory_id":2,"app_icon":"uploads/file/d077f244def8a70e5ea758bd8352fcd8_20251016030018.jpeg","description":"aaa","is_hot":0,"is_recommend":0,"is_free":false,"rating":4,"download_count":0,"sales_count":0,"apk_sales_count":0,"account_sales_account":0,"sort_order":0,"status":"active","created_at":"2025-10-16T03:00:25+08:00","updated_at":"2025-10-16T03:49:24+08:00","created_by":1},{"account_price":4,"id":5,"app_id":"com.telegram","app_name":"Telegram","country_code":"RU","category_id":5,"subcategory_id":null,"app_icon":"uploads/file/a80fce0c5e8742de51e992cc0dd90bff_20251010210428.jpg","description":"è¿™æ˜¯ä¸€ä¸ªåŠŸèƒ½å¼ºå¤§çš„åº”ç”¨ï¼Œæä¾›äº†ä¸°å¯Œçš„åŠŸèƒ½å’Œä¼˜ç§€çš„ç”¨æˆ·ä½“éªŒã€‚æ”¯æŒå¤šç§åœºæ™¯ä½¿ç”¨ï¼Œç•Œé¢ç®€æ´ç¾è§‚ï¼Œæ“ä½œæµç•…ä¾¿æ·ã€‚è¿™æ˜¯ä¸€ä¸ªåŠŸèƒ½å¼ºå¤§çš„åº”ç”¨ï¼Œæä¾›äº†ä¸°å¯Œçš„åŠŸèƒ½å’Œä¼˜ç§€çš„ç”¨æˆ·ä½“éªŒã€‚æ”¯æŒå¤šç§åœºæ™¯ä½¿ç”¨ï¼Œç•Œé¢ç®€æ´ç¾è§‚ï¼Œæ“ä½œæµç•…ä¾¿æ·ã€‚è¿™æ˜¯ä¸€ä¸ªåŠŸèƒ½å¼ºå¤§çš„åº”ç”¨ï¼Œæä¾›äº†ä¸°å¯Œçš„åŠŸèƒ½å’Œä¼˜ç§€çš„ç”¨æˆ·ä½“éªŒã€‚æ”¯æŒå¤šç§åœºæ™¯ä½¿ç”¨ï¼Œç•Œé¢ç®€æ´ç¾è§‚ï¼Œæ“ä½œæµç•…ä¾¿æ·ã€‚","is_hot":1,"is_recommend":0,"is_free":false,"rating":3.5,"download_count":0,"sales_count":0,"apk_sales_count":0,"account_sales_account":0,"sort_order":0,"status":"active","created_at":"2025-10-10T21:04:36+08:00","updated_at":"2025-10-16T19:11:44+08:00","created_by":1}]}
[ApkAdmin/server]2025-10-16 22:44:37.953	[31merror[0m	/Volumes/workspace/GoProjects/ApkAdmin/service/project/application.go:138	è°ƒè¯•11111	{"app": {"account_price":9.89,"id":1,"app_id":"com.tiktok","app_name":"Tiktok","country_code":"US","category_id":18,"subcategory_id":0,"app_icon":"uploads/file/60787054aedb886f9975110e667de86f_20250922093959.svg","description":"å¹´è½»äººèšé›†åœ°","is_hot":1,"is_recommend":1,"is_free":false,"rating":4.5,"download_count":0,"sales_count":0,"apk_sales_count":0,"account_sales_account":0,"sort_order":2,"status":"active","created_at":"2025-09-22T09:42:35+08:00","updated_at":"2025-10-16T19:11:47+08:00","created_by":1,"accounts":[{"id":1,"app_id":"com.tiktok","account_detail":"è´¦å·georgdowbigginpksu4417@gmail.comå¯†ç Aa2501d å¯†ä¿ç­”æ¡ˆï¼šmm55----mm----mm77----1990å¹´1æœˆ1æ—¥","category_id":18,"account_no":"ACC20251016970750","extra_info":"{\"email\": \"csasads\", \"phone\": \"11111\", \"remarks\": \"111158888\", \"vip_level\": 5, \"expire_time\": \"2025-10-16 00:00:00\", \"feature_list\": [\"hd_play\", \"offline_download\"]}","account_status":1,"created_at":"2025-10-16T12:32:40+08:00","updated_at":"2025-10-16T18:24:36+08:00","deleted_at":null,"created_by":1,"updated_by":1}]}}
[ApkAdmin/server]2025-10-16 22:44:37.954	[31merror[0m	/Volumes/workspace/GoProjects/ApkAdmin/service/project/application.go:138	è°ƒè¯•11111	{"app": {"account_price":8.99,"id":6,"app_id":"5387a095-fdb1-4cd5-b85e-437ce035c59e","app_name":"Youtube","country_code":"US","category_id":6,"subcategory_id":null,"app_icon":"uploads/file/b63d76a9df0c598bb302b891ba5e7f33_20251015234326.jpg","description":"ä¸‹è½½é€‚ç”¨äº Android æ‰‹æœºå’Œå¹³æ¿ç”µè„‘çš„ YouTube å®˜æ–¹åº”ç”¨ã€‚çœ‹ä¸–ç•Œä¹‹æ‰€çœ‹ï¼Œäº«ä¸–ç•Œä¹‹æ‰€äº« - ä»æœ€çƒ­é—¨çš„éŸ³ä¹è§†é¢‘ï¼Œåˆ°æ—¶ä¸‹æµè¡Œçš„æ¸¸æˆã€æ—¶å°šã€ç¾å®¹ã€æ–°é—»å’Œå­¦ä¹ ç­‰ç±»å‹çš„å†…å®¹ï¼Œå…¨éƒ¨å°½æ½çœ¼åº•ã€‚æ‚¨å¯ä»¥è®¢é˜…å–œçˆ±çš„é¢‘é“ã€åˆ›ä½œè‡ªå·±çš„å†…å®¹ã€ä¸æœ‹å‹åˆ†äº«ç²¾å½©å†…å®¹ï¼Œè¿˜å¯ä»¥åœ¨ä»»æ„è®¾å¤‡ä¸Šè§‚çœ‹è§†é¢‘ã€‚\n","is_hot":1,"is_recommend":1,"is_free":false,"rating":4,"download_count":0,"sales_count":0,"apk_sales_count":0,"account_sales_account":0,"sort_order":1,"status":"active","created_at":"2025-10-15T23:44:53+08:00","updated_at":"2025-10-15T23:45:05+08:00","created_by":1}}
[ApkAdmin/server]2025-10-16 22:44:37.954	[31merror[0m	/Volumes/workspace/GoProjects/ApkAdmin/service/project/application.go:138	è°ƒè¯•11111	{"app": {"account_price":0.01,"id":7,"app_id":"52e7cb50-946f-4f8d-9faf-6f74469414f4","app_name":"sss","country_code":"GB","category_id":1,"subcategory_id":2,"app_icon":"uploads/file/d077f244def8a70e5ea758bd8352fcd8_20251016030018.jpeg","description":"aaa","is_hot":0,"is_recommend":0,"is_free":false,"rating":4,"download_count":0,"sales_count":0,"apk_sales_count":0,"account_sales_account":0,"sort_order":0,"status":"active","created_at":"2025-10-16T03:00:25+08:00","updated_at":"2025-10-16T03:49:24+08:00","created_by":1}}
[ApkAdmin/server]2025-10-16 22:44:37.954	[31merror[0m	/Volumes/workspace/GoProjects/ApkAdmin/service/project/application.go:138	è°ƒè¯•11111	{"app": {"account_price":4,"id":5,"app_id":"com.telegram","app_name":"Telegram","country_code":"RU","category_id":5,"subcategory_id":null,"app_icon":"uploads/file/a80fce0c5e8742de51e992cc0dd90bff_20251010210428.jpg","description":"è¿™æ˜¯ä¸€ä¸ªåŠŸèƒ½å¼ºå¤§çš„åº”ç”¨ï¼Œæä¾›äº†ä¸°å¯Œçš„åŠŸèƒ½å’Œä¼˜ç§€çš„ç”¨æˆ·ä½“éªŒã€‚æ”¯æŒå¤šç§åœºæ™¯ä½¿ç”¨ï¼Œç•Œé¢ç®€æ´ç¾è§‚ï¼Œæ“ä½œæµç•…ä¾¿æ·ã€‚è¿™æ˜¯ä¸€ä¸ªåŠŸèƒ½å¼ºå¤§çš„åº”ç”¨ï¼Œæä¾›äº†ä¸°å¯Œçš„åŠŸèƒ½å’Œä¼˜ç§€çš„ç”¨æˆ·ä½“éªŒã€‚æ”¯æŒå¤šç§åœºæ™¯ä½¿ç”¨ï¼Œç•Œé¢ç®€æ´ç¾è§‚ï¼Œæ“ä½œæµç•…ä¾¿æ·ã€‚è¿™æ˜¯ä¸€ä¸ªåŠŸèƒ½å¼ºå¤§çš„åº”ç”¨ï¼Œæä¾›äº†ä¸°å¯Œçš„åŠŸèƒ½å’Œä¼˜ç§€çš„ç”¨æˆ·ä½“éªŒã€‚æ”¯æŒå¤šç§åœºæ™¯ä½¿ç”¨ï¼Œç•Œé¢ç®€æ´ç¾è§‚ï¼Œæ“ä½œæµç•…ä¾¿æ·ã€‚","is_hot":1,"is_recommend":0,"is_free":false,"rating":3.5,"download_count":0,"sales_count":0,"apk_sales_count":0,"account_sales_account":0,"sort_order":0,"status":"active","created_at":"2025-10-10T21:04:36+08:00","updated_at":"2025-10-16T19:11:44+08:00","created_by":1}}
[ApkAdmin/server]2025-10-16 22:45:45.920	[31merror[0m	/Volumes/workspace/GoProjects/ApkAdmin/api/v1/web/app.go:73	è°ƒè¯•11111!	{"list": [{"id":0,"app_id":"","app_name":"","category_id":null,"category_name":"","account_price":"0","rating":null,"stock":0,"sales_count":0},{"id":0,"app_id":"","app_name":"","category_id":null,"category_name":"","account_price":"0","rating":null,"stock":0,"sales_count":0},{"id":0,"app_id":"","app_name":"","category_id":null,"category_name":"","account_price":"0","rating":null,"stock":0,"sales_count":0},{"id":0,"app_id":"","app_name":"","category_id":null,"category_name":"","account_price":"0","rating":null,"stock":0,"sales_count":0},{"id":1,"app_id":"com.tiktok","app_name":"Tiktok","category_id":18,"category_name":"","account_price":"9.89","rating":4.5,"stock":1,"sales_count":0},{"id":6,"app_id":"5387a095-fdb1-4cd5-b85e-437ce035c59e","app_name":"Youtube","category_id":6,"category_name":"","account_price":"8.99","rating":4,"stock":0,"sales_count":0},{"id":7,"app_id":"52e7cb50-946f-4f8d-9faf-6f74469414f4","app_name":"sss","category_id":1,"category_name":"","account_price":"0.01","rating":4,"stock":0,"sales_count":0},{"id":5,"app_id":"com.telegram","app_name":"Telegram","category_id":5,"category_name":"","account_price":"4","rating":3.5,"stock":0,"sales_count":0}]}
[ApkAdmin/server]2025-10-16 22:47:31.747	[31merror[0m	/Volumes/workspace/GoProjects/ApkAdmin/service/project/application.go:136	è°ƒè¯•2222	{"app_num": 4}
[ApkAdmin/server]2025-10-16 22:48:10.770	[31merror[0m	/Volumes/workspace/GoProjects/ApkAdmin/service/project/application.go:136	è°ƒè¯•2222	{"app_num": 4}
[ApkAdmin/server]2025-10-16 22:48:10.771	[31merror[0m	/Volumes/workspace/GoProjects/ApkAdmin/service/project/application.go:149	è°ƒè¯•33333	{"result": 8}
[ApkAdmin/server]2025-10-16 23:08:26.885	[31merror[0m	/Volumes/workspace/GoProjects/ApkAdmin/api/v1/web/app.go:37	è·å–åˆ†ç±»åˆ—è¡¨åº”ç”¨å¤±è´¥!	{"error": "Key: 'FilterAppRequest.CategoryId' Error:Field validation for 'CategoryId' failed on the 'required' tag"}
[ApkAdmin/server]2025-10-16 23:08:34.782	[31merror[0m	/Volumes/workspace/GoProjects/ApkAdmin/api/v1/web/app.go:37	è·å–åˆ†ç±»åˆ—è¡¨åº”ç”¨å¤±è´¥!	{"error": "Key: 'FilterAppRequest.CategoryId' Error:Field validation for 'CategoryId' failed on the 'required' tag"}
[ApkAdmin/server]2025-10-16 23:10:23.870	[31merror[0m	/Volumes/workspace/GoProjects/ApkAdmin/api/v1/web/app.go:37	è·å–åˆ†ç±»åˆ—è¡¨åº”ç”¨å¤±è´¥!	{"error": "Key: 'FilterAppRequest.CategoryId' Error:Field validation for 'CategoryId' failed on the 'required' tag"}
