[ApkAdmin/server]2025-10-10 15:57:48.894	[34minfo[0m	/Volumes/workspace/GoProjects/ApkAdmin/core/server_run.go:48	关闭WEB服务...
[ApkAdmin/server]2025-10-10 15:57:48.896	[34minfo[0m	/Volumes/workspace/GoProjects/ApkAdmin/core/server_run.go:59	WEB服务已关闭
[ApkAdmin/server]2025-10-10 15:58:03.558	[34minfo[0m	/Volumes/workspace/GoProjects/ApkAdmin/initialize/gorm.go:78	register table success
[ApkAdmin/server]2025-10-10 15:58:03.559	[34minfo[0m	/Volumes/workspace/GoProjects/ApkAdmin/initialize/router.go:58	use middleware cors
[ApkAdmin/server]2025-10-10 15:58:03.559	[34minfo[0m	/Volumes/workspace/GoProjects/ApkAdmin/initialize/router.go:61	register swagger handler
[ApkAdmin/server]2025-10-10 15:58:03.582	[34minfo[0m	/Volumes/workspace/GoProjects/ApkAdmin/initialize/router.go:121	router register success
[ApkAdmin/server]2025-10-10 16:22:19.609	[34minfo[0m	/Volumes/workspace/GoProjects/ApkAdmin/core/server_run.go:48	关闭WEB服务...
[ApkAdmin/server]2025-10-10 16:22:19.611	[34minfo[0m	/Volumes/workspace/GoProjects/ApkAdmin/core/server_run.go:59	WEB服务已关闭
[ApkAdmin/server]2025-10-10 16:22:33.275	[34minfo[0m	/Volumes/workspace/GoProjects/ApkAdmin/initialize/gorm.go:78	register table success
[ApkAdmin/server]2025-10-10 16:22:33.277	[34minfo[0m	/Volumes/workspace/GoProjects/ApkAdmin/initialize/router.go:58	use middleware cors
[ApkAdmin/server]2025-10-10 16:22:33.277	[34minfo[0m	/Volumes/workspace/GoProjects/ApkAdmin/initialize/router.go:61	register swagger handler
[ApkAdmin/server]2025-10-10 16:22:33.308	[34minfo[0m	/Volumes/workspace/GoProjects/ApkAdmin/initialize/router.go:121	router register success
[ApkAdmin/server]2025-10-10 16:24:21.548	[34minfo[0m	/Volumes/workspace/GoProjects/ApkAdmin/core/server_run.go:48	关闭WEB服务...
[ApkAdmin/server]2025-10-10 16:24:21.549	[34minfo[0m	/Volumes/workspace/GoProjects/ApkAdmin/core/server_run.go:59	WEB服务已关闭
[ApkAdmin/server]2025-10-10 16:24:33.984	[34minfo[0m	/Volumes/workspace/GoProjects/ApkAdmin/initialize/gorm.go:78	register table success
[ApkAdmin/server]2025-10-10 16:24:33.986	[34minfo[0m	/Volumes/workspace/GoProjects/ApkAdmin/initialize/router.go:58	use middleware cors
[ApkAdmin/server]2025-10-10 16:24:33.987	[34minfo[0m	/Volumes/workspace/GoProjects/ApkAdmin/initialize/router.go:61	register swagger handler
[ApkAdmin/server]2025-10-10 16:24:34.028	[34minfo[0m	/Volumes/workspace/GoProjects/ApkAdmin/initialize/router.go:121	router register success
[ApkAdmin/server]2025-10-10 16:46:40.806	[34minfo[0m	/Volumes/workspace/GoProjects/ApkAdmin/core/server_run.go:48	关闭WEB服务...
[ApkAdmin/server]2025-10-10 16:46:40.807	[34minfo[0m	/Volumes/workspace/GoProjects/ApkAdmin/core/server_run.go:59	WEB服务已关闭
[ApkAdmin/server]2025-10-10 16:46:56.569	[34minfo[0m	/Volumes/workspace/GoProjects/ApkAdmin/initialize/gorm.go:78	register table success
[ApkAdmin/server]2025-10-10 16:46:56.570	[34minfo[0m	/Volumes/workspace/GoProjects/ApkAdmin/initialize/router.go:58	use middleware cors
[ApkAdmin/server]2025-10-10 16:46:56.570	[34minfo[0m	/Volumes/workspace/GoProjects/ApkAdmin/initialize/router.go:61	register swagger handler
[ApkAdmin/server]2025-10-10 16:46:56.594	[34minfo[0m	/Volumes/workspace/GoProjects/ApkAdmin/initialize/router.go:121	router register success
[ApkAdmin/server]2025-10-10 16:48:21.840	[34minfo[0m	/Volumes/workspace/GoProjects/ApkAdmin/core/server_run.go:48	关闭WEB服务...
[ApkAdmin/server]2025-10-10 16:48:21.841	[34minfo[0m	/Volumes/workspace/GoProjects/ApkAdmin/core/server_run.go:59	WEB服务已关闭
[ApkAdmin/server]2025-10-10 16:49:02.850	[34minfo[0m	/Volumes/workspace/GoProjects/ApkAdmin/initialize/gorm.go:78	register table success
[ApkAdmin/server]2025-10-10 16:49:02.852	[34minfo[0m	/Volumes/workspace/GoProjects/ApkAdmin/initialize/router.go:58	use middleware cors
[ApkAdmin/server]2025-10-10 16:49:02.853	[34minfo[0m	/Volumes/workspace/GoProjects/ApkAdmin/initialize/router.go:61	register swagger handler
[ApkAdmin/server]2025-10-10 16:49:02.875	[34minfo[0m	/Volumes/workspace/GoProjects/ApkAdmin/initialize/router.go:121	router register success
[ApkAdmin/server]2025-10-10 16:49:50.516	[34minfo[0m	/Volumes/workspace/GoProjects/ApkAdmin/core/server_run.go:48	关闭WEB服务...
[ApkAdmin/server]2025-10-10 16:49:50.517	[34minfo[0m	/Volumes/workspace/GoProjects/ApkAdmin/core/server_run.go:59	WEB服务已关闭
[ApkAdmin/server]2025-10-10 16:49:58.773	[34minfo[0m	/Volumes/workspace/GoProjects/ApkAdmin/initialize/gorm.go:78	register table success
[ApkAdmin/server]2025-10-10 16:49:58.775	[34minfo[0m	/Volumes/workspace/GoProjects/ApkAdmin/initialize/router.go:58	use middleware cors
[ApkAdmin/server]2025-10-10 16:49:58.775	[34minfo[0m	/Volumes/workspace/GoProjects/ApkAdmin/initialize/router.go:61	register swagger handler
[ApkAdmin/server]2025-10-10 16:49:58.799	[34minfo[0m	/Volumes/workspace/GoProjects/ApkAdmin/initialize/router.go:121	router register success
[ApkAdmin/server]2025-10-10 16:52:38.130	[34minfo[0m	/Volumes/workspace/GoProjects/ApkAdmin/core/server_run.go:48	关闭WEB服务...
[ApkAdmin/server]2025-10-10 16:52:38.131	[34minfo[0m	/Volumes/workspace/GoProjects/ApkAdmin/core/server_run.go:59	WEB服务已关闭
[ApkAdmin/server]2025-10-10 16:52:49.099	[34minfo[0m	/Volumes/workspace/GoProjects/ApkAdmin/initialize/gorm.go:78	register table success
[ApkAdmin/server]2025-10-10 16:52:49.100	[34minfo[0m	/Volumes/workspace/GoProjects/ApkAdmin/initialize/router.go:58	use middleware cors
[ApkAdmin/server]2025-10-10 16:52:49.101	[34minfo[0m	/Volumes/workspace/GoProjects/ApkAdmin/initialize/router.go:61	register swagger handler
[ApkAdmin/server]2025-10-10 16:52:49.133	[34minfo[0m	/Volumes/workspace/GoProjects/ApkAdmin/initialize/router.go:121	router register success
[ApkAdmin/server]2025-10-10 16:56:07.453	[34minfo[0m	/Volumes/workspace/GoProjects/ApkAdmin/core/server_run.go:48	关闭WEB服务...
[ApkAdmin/server]2025-10-10 16:56:07.453	[34minfo[0m	/Volumes/workspace/GoProjects/ApkAdmin/core/server_run.go:59	WEB服务已关闭
[ApkAdmin/server]2025-10-10 16:56:16.877	[34minfo[0m	/Volumes/workspace/GoProjects/ApkAdmin/initialize/gorm.go:78	register table success
[ApkAdmin/server]2025-10-10 16:56:16.879	[34minfo[0m	/Volumes/workspace/GoProjects/ApkAdmin/initialize/router.go:58	use middleware cors
[ApkAdmin/server]2025-10-10 16:56:16.880	[34minfo[0m	/Volumes/workspace/GoProjects/ApkAdmin/initialize/router.go:61	register swagger handler
[ApkAdmin/server]2025-10-10 16:56:16.931	[34minfo[0m	/Volumes/workspace/GoProjects/ApkAdmin/initialize/router.go:121	router register success
[ApkAdmin/server]2025-10-10 16:57:45.384	[34minfo[0m	/Volumes/workspace/GoProjects/ApkAdmin/core/server_run.go:48	关闭WEB服务...
[ApkAdmin/server]2025-10-10 16:57:45.385	[34minfo[0m	/Volumes/workspace/GoProjects/ApkAdmin/core/server_run.go:59	WEB服务已关闭
[ApkAdmin/server]2025-10-10 16:57:56.142	[34minfo[0m	/Volumes/workspace/GoProjects/ApkAdmin/initialize/gorm.go:78	register table success
[ApkAdmin/server]2025-10-10 16:57:56.143	[34minfo[0m	/Volumes/workspace/GoProjects/ApkAdmin/initialize/router.go:58	use middleware cors
[ApkAdmin/server]2025-10-10 16:57:56.143	[34minfo[0m	/Volumes/workspace/GoProjects/ApkAdmin/initialize/router.go:61	register swagger handler
[ApkAdmin/server]2025-10-10 16:57:56.169	[34minfo[0m	/Volumes/workspace/GoProjects/ApkAdmin/initialize/router.go:121	router register success
[ApkAdmin/server]2025-10-10 17:12:31.258	[34minfo[0m	/Volumes/workspace/GoProjects/ApkAdmin/core/server_run.go:48	关闭WEB服务...
[ApkAdmin/server]2025-10-10 17:12:31.258	[34minfo[0m	/Volumes/workspace/GoProjects/ApkAdmin/core/server_run.go:59	WEB服务已关闭
[ApkAdmin/server]2025-10-10 17:12:45.224	[34minfo[0m	/Volumes/workspace/GoProjects/ApkAdmin/initialize/gorm.go:78	register table success
[ApkAdmin/server]2025-10-10 17:12:45.225	[34minfo[0m	/Volumes/workspace/GoProjects/ApkAdmin/initialize/router.go:58	use middleware cors
[ApkAdmin/server]2025-10-10 17:12:45.226	[34minfo[0m	/Volumes/workspace/GoProjects/ApkAdmin/initialize/router.go:61	register swagger handler
[ApkAdmin/server]2025-10-10 17:12:45.270	[34minfo[0m	/Volumes/workspace/GoProjects/ApkAdmin/initialize/router.go:121	router register success
[ApkAdmin/server]2025-10-10 17:45:03.551	[34minfo[0m	/Volumes/workspace/GoProjects/ApkAdmin/core/server_run.go:48	关闭WEB服务...
[ApkAdmin/server]2025-10-10 17:45:03.553	[34minfo[0m	/Volumes/workspace/GoProjects/ApkAdmin/core/server_run.go:59	WEB服务已关闭
[ApkAdmin/server]2025-10-10 17:49:10.328	[34minfo[0m	/Volumes/workspace/GoProjects/ApkAdmin/initialize/gorm.go:78	register table success
[ApkAdmin/server]2025-10-10 17:49:10.330	[34minfo[0m	/Volumes/workspace/GoProjects/ApkAdmin/initialize/router.go:58	use middleware cors
[ApkAdmin/server]2025-10-10 17:49:10.330	[34minfo[0m	/Volumes/workspace/GoProjects/ApkAdmin/initialize/router.go:61	register swagger handler
[ApkAdmin/server]2025-10-10 17:49:10.351	[34minfo[0m	/Volumes/workspace/GoProjects/ApkAdmin/initialize/router.go:121	router register success
[ApkAdmin/server]2025-10-10 17:51:42.575	[34minfo[0m	/Volumes/workspace/GoProjects/ApkAdmin/core/server_run.go:48	关闭WEB服务...
[ApkAdmin/server]2025-10-10 17:51:42.576	[34minfo[0m	/Volumes/workspace/GoProjects/ApkAdmin/core/server_run.go:59	WEB服务已关闭
[ApkAdmin/server]2025-10-10 17:51:53.069	[34minfo[0m	/Volumes/workspace/GoProjects/ApkAdmin/initialize/gorm.go:78	register table success
[ApkAdmin/server]2025-10-10 17:51:53.070	[34minfo[0m	/Volumes/workspace/GoProjects/ApkAdmin/initialize/router.go:58	use middleware cors
[ApkAdmin/server]2025-10-10 17:51:53.070	[34minfo[0m	/Volumes/workspace/GoProjects/ApkAdmin/initialize/router.go:61	register swagger handler
[ApkAdmin/server]2025-10-10 17:51:53.102	[34minfo[0m	/Volumes/workspace/GoProjects/ApkAdmin/initialize/router.go:121	router register success
[ApkAdmin/server]2025-10-10 17:52:51.897	[34minfo[0m	/Volumes/workspace/GoProjects/ApkAdmin/core/server_run.go:48	关闭WEB服务...
[ApkAdmin/server]2025-10-10 17:52:51.898	[34minfo[0m	/Volumes/workspace/GoProjects/ApkAdmin/core/server_run.go:59	WEB服务已关闭
[ApkAdmin/server]2025-10-10 17:52:59.720	[34minfo[0m	/Volumes/workspace/GoProjects/ApkAdmin/initialize/gorm.go:78	register table success
[ApkAdmin/server]2025-10-10 17:52:59.721	[34minfo[0m	/Volumes/workspace/GoProjects/ApkAdmin/initialize/router.go:58	use middleware cors
[ApkAdmin/server]2025-10-10 17:52:59.721	[34minfo[0m	/Volumes/workspace/GoProjects/ApkAdmin/initialize/router.go:61	register swagger handler
[ApkAdmin/server]2025-10-10 17:52:59.741	[34minfo[0m	/Volumes/workspace/GoProjects/ApkAdmin/initialize/router.go:121	router register success
[ApkAdmin/server]2025-10-10 18:13:10.656	[34minfo[0m	/Volumes/workspace/GoProjects/ApkAdmin/core/server_run.go:48	关闭WEB服务...
[ApkAdmin/server]2025-10-10 18:13:10.657	[34minfo[0m	/Volumes/workspace/GoProjects/ApkAdmin/core/server_run.go:59	WEB服务已关闭
[ApkAdmin/server]2025-10-10 18:13:24.962	[34minfo[0m	/Volumes/workspace/GoProjects/ApkAdmin/initialize/gorm.go:78	register table success
[ApkAdmin/server]2025-10-10 18:13:24.964	[34minfo[0m	/Volumes/workspace/GoProjects/ApkAdmin/initialize/router.go:58	use middleware cors
[ApkAdmin/server]2025-10-10 18:13:24.964	[34minfo[0m	/Volumes/workspace/GoProjects/ApkAdmin/initialize/router.go:61	register swagger handler
[ApkAdmin/server]2025-10-10 18:13:24.987	[34minfo[0m	/Volumes/workspace/GoProjects/ApkAdmin/initialize/router.go:121	router register success
[ApkAdmin/server]2025-10-10 18:14:00.081	[34minfo[0m	/Volumes/workspace/GoProjects/ApkAdmin/core/server_run.go:48	关闭WEB服务...
[ApkAdmin/server]2025-10-10 18:14:00.081	[34minfo[0m	/Volumes/workspace/GoProjects/ApkAdmin/core/server_run.go:59	WEB服务已关闭
[ApkAdmin/server]2025-10-10 18:14:09.578	[34minfo[0m	/Volumes/workspace/GoProjects/ApkAdmin/initialize/gorm.go:78	register table success
[ApkAdmin/server]2025-10-10 18:14:09.615	[34minfo[0m	/Volumes/workspace/GoProjects/ApkAdmin/initialize/router.go:58	use middleware cors
[ApkAdmin/server]2025-10-10 18:14:09.616	[34minfo[0m	/Volumes/workspace/GoProjects/ApkAdmin/initialize/router.go:61	register swagger handler
[ApkAdmin/server]2025-10-10 18:14:09.670	[34minfo[0m	/Volumes/workspace/GoProjects/ApkAdmin/initialize/router.go:121	router register success
[ApkAdmin/server]2025-10-10 18:18:13.052	[34minfo[0m	/Volumes/workspace/GoProjects/ApkAdmin/core/server_run.go:48	关闭WEB服务...
[ApkAdmin/server]2025-10-10 18:18:13.053	[34minfo[0m	/Volumes/workspace/GoProjects/ApkAdmin/core/server_run.go:59	WEB服务已关闭
[ApkAdmin/server]2025-10-10 18:18:23.982	[34minfo[0m	/Volumes/workspace/GoProjects/ApkAdmin/initialize/gorm.go:78	register table success
[ApkAdmin/server]2025-10-10 18:18:23.984	[34minfo[0m	/Volumes/workspace/GoProjects/ApkAdmin/initialize/router.go:58	use middleware cors
[ApkAdmin/server]2025-10-10 18:18:23.984	[34minfo[0m	/Volumes/workspace/GoProjects/ApkAdmin/initialize/router.go:61	register swagger handler
[ApkAdmin/server]2025-10-10 18:18:24.017	[34minfo[0m	/Volumes/workspace/GoProjects/ApkAdmin/initialize/router.go:121	router register success
[ApkAdmin/server]2025-10-10 21:52:57.339	[34minfo[0m	/Volumes/workspace/GoProjects/ApkAdmin/core/server_run.go:48	关闭WEB服务...
[ApkAdmin/server]2025-10-10 21:52:57.342	[34minfo[0m	/Volumes/workspace/GoProjects/ApkAdmin/core/server_run.go:59	WEB服务已关闭
[ApkAdmin/server]2025-10-10 21:53:12.411	[34minfo[0m	/Volumes/workspace/GoProjects/ApkAdmin/initialize/gorm.go:78	register table success
[ApkAdmin/server]2025-10-10 21:53:12.413	[34minfo[0m	/Volumes/workspace/GoProjects/ApkAdmin/initialize/router.go:58	use middleware cors
[ApkAdmin/server]2025-10-10 21:53:12.413	[34minfo[0m	/Volumes/workspace/GoProjects/ApkAdmin/initialize/router.go:61	register swagger handler
[ApkAdmin/server]2025-10-10 21:53:12.443	[34minfo[0m	/Volumes/workspace/GoProjects/ApkAdmin/initialize/router.go:121	router register success
[ApkAdmin/server]2025-10-10 22:01:34.644	[34minfo[0m	/Volumes/workspace/GoProjects/ApkAdmin/core/server_run.go:48	关闭WEB服务...
[ApkAdmin/server]2025-10-10 22:01:34.645	[34minfo[0m	/Volumes/workspace/GoProjects/ApkAdmin/core/server_run.go:59	WEB服务已关闭
[ApkAdmin/server]2025-10-10 22:02:26.025	[34minfo[0m	/Volumes/workspace/GoProjects/ApkAdmin/initialize/gorm.go:78	register table success
[ApkAdmin/server]2025-10-10 22:02:26.027	[34minfo[0m	/Volumes/workspace/GoProjects/ApkAdmin/initialize/router.go:59	use middleware cors
[ApkAdmin/server]2025-10-10 22:02:26.027	[34minfo[0m	/Volumes/workspace/GoProjects/ApkAdmin/initialize/router.go:62	register swagger handler
[ApkAdmin/server]2025-10-10 22:05:26.320	[34minfo[0m	/Volumes/workspace/GoProjects/ApkAdmin/initialize/gorm.go:78	register table success
[ApkAdmin/server]2025-10-10 22:05:26.322	[34minfo[0m	/Volumes/workspace/GoProjects/ApkAdmin/initialize/router.go:59	use middleware cors
[ApkAdmin/server]2025-10-10 22:05:26.323	[34minfo[0m	/Volumes/workspace/GoProjects/ApkAdmin/initialize/router.go:62	register swagger handler
[ApkAdmin/server]2025-10-10 22:05:26.349	[34minfo[0m	/Volumes/workspace/GoProjects/ApkAdmin/initialize/router.go:122	router register success
[ApkAdmin/server]2025-10-10 22:07:02.637	[34minfo[0m	/Volumes/workspace/GoProjects/ApkAdmin/core/server_run.go:48	关闭WEB服务...
[ApkAdmin/server]2025-10-10 22:07:02.638	[34minfo[0m	/Volumes/workspace/GoProjects/ApkAdmin/core/server_run.go:59	WEB服务已关闭
[ApkAdmin/server]2025-10-10 22:07:10.762	[34minfo[0m	/Volumes/workspace/GoProjects/ApkAdmin/initialize/gorm.go:78	register table success
[ApkAdmin/server]2025-10-10 22:07:10.763	[34minfo[0m	/Volumes/workspace/GoProjects/ApkAdmin/initialize/router.go:59	use middleware cors
[ApkAdmin/server]2025-10-10 22:07:10.763	[34minfo[0m	/Volumes/workspace/GoProjects/ApkAdmin/initialize/router.go:62	register swagger handler
[ApkAdmin/server]2025-10-10 22:11:01.509	[34minfo[0m	/Volumes/workspace/GoProjects/ApkAdmin/initialize/gorm.go:78	register table success
[ApkAdmin/server]2025-10-10 22:11:01.511	[34minfo[0m	/Volumes/workspace/GoProjects/ApkAdmin/initialize/router.go:59	use middleware cors
[ApkAdmin/server]2025-10-10 22:11:01.511	[34minfo[0m	/Volumes/workspace/GoProjects/ApkAdmin/initialize/router.go:62	register swagger handler
[ApkAdmin/server]2025-10-10 22:11:01.543	[34minfo[0m	/Volumes/workspace/GoProjects/ApkAdmin/initialize/router_biz.go:24	StorePath:uploads/file
[ApkAdmin/server]2025-10-10 22:11:01.543	[34minfo[0m	/Volumes/workspace/GoProjects/ApkAdmin/initialize/router_biz.go:25	Path:uploads/file
[ApkAdmin/server]2025-10-10 22:11:01.543	[34minfo[0m	/Volumes/workspace/GoProjects/ApkAdmin/initialize/router.go:122	router register success
[ApkAdmin/server]2025-10-10 22:11:31.288	[34minfo[0m	/Volumes/workspace/GoProjects/ApkAdmin/core/server_run.go:48	关闭WEB服务...
[ApkAdmin/server]2025-10-10 22:11:31.288	[34minfo[0m	/Volumes/workspace/GoProjects/ApkAdmin/core/server_run.go:59	WEB服务已关闭
[ApkAdmin/server]2025-10-10 22:11:40.048	[34minfo[0m	/Volumes/workspace/GoProjects/ApkAdmin/initialize/gorm.go:78	register table success
[ApkAdmin/server]2025-10-10 22:11:40.049	[34minfo[0m	/Volumes/workspace/GoProjects/ApkAdmin/initialize/router.go:59	use middleware cors
[ApkAdmin/server]2025-10-10 22:11:40.050	[34minfo[0m	/Volumes/workspace/GoProjects/ApkAdmin/initialize/router.go:62	register swagger handler
[ApkAdmin/server]2025-10-10 22:11:40.078	[34minfo[0m	/Volumes/workspace/GoProjects/ApkAdmin/initialize/router.go:122	router register success
[ApkAdmin/server]2025-10-10 22:15:59.322	[34minfo[0m	/Volumes/workspace/GoProjects/ApkAdmin/core/server_run.go:48	关闭WEB服务...
[ApkAdmin/server]2025-10-10 22:15:59.323	[34minfo[0m	/Volumes/workspace/GoProjects/ApkAdmin/core/server_run.go:59	WEB服务已关闭
[ApkAdmin/server]2025-10-10 22:16:07.583	[34minfo[0m	/Volumes/workspace/GoProjects/ApkAdmin/initialize/gorm.go:78	register table success
[ApkAdmin/server]2025-10-10 22:16:07.584	[34minfo[0m	/Volumes/workspace/GoProjects/ApkAdmin/initialize/router.go:59	use middleware cors
[ApkAdmin/server]2025-10-10 22:16:07.584	[34minfo[0m	/Volumes/workspace/GoProjects/ApkAdmin/initialize/router.go:62	register swagger handler
[ApkAdmin/server]2025-10-10 22:16:07.609	[34minfo[0m	/Volumes/workspace/GoProjects/ApkAdmin/initialize/router.go:122	router register success
