[ApkAdmin/server]2025-10-19 11:16:24.437	[34minfo[0m	/Volumes/workspace/GoProjects/ApkAdmin/core/server_run.go:48	关闭WEB服务...
[ApkAdmin/server]2025-10-19 11:16:24.438	[34minfo[0m	/Volumes/workspace/GoProjects/ApkAdmin/core/server_run.go:59	WEB服务已关闭
[ApkAdmin/server]2025-10-19 11:16:35.900	[34minfo[0m	/Volumes/workspace/GoProjects/ApkAdmin/initialize/gorm.go:70	register table success
[ApkAdmin/server]2025-10-19 11:16:35.902	[34minfo[0m	/Volumes/workspace/GoProjects/ApkAdmin/initialize/redis.go:35	redis connect ping response:	{"name": "", "pong": "PONG"}
[ApkAdmin/server]2025-10-19 11:16:35.903	[34minfo[0m	/Volumes/workspace/GoProjects/ApkAdmin/initialize/router.go:58	use middleware cors
[ApkAdmin/server]2025-10-19 11:16:35.903	[34minfo[0m	/Volumes/workspace/GoProjects/ApkAdmin/initialize/router.go:60	register swagger handler
[ApkAdmin/server]2025-10-19 11:16:35.916	[34minfo[0m	/Volumes/workspace/GoProjects/ApkAdmin/initialize/router.go:117	router register success
[ApkAdmin/server]2025-10-19 11:19:21.288	[34minfo[0m	/Volumes/workspace/GoProjects/ApkAdmin/service/project/userService.go:608	用户登录成功	{"phone": "13163707701", "ip": "127.0.0.1", "login_count": 17}
[ApkAdmin/server]2025-10-19 11:34:13.957	[34minfo[0m	/Volumes/workspace/GoProjects/ApkAdmin/service/project/userService.go:608	用户登录成功	{"phone": "13163707701", "ip": "127.0.0.1", "login_count": 18}
[ApkAdmin/server]2025-10-19 11:49:46.113	[34minfo[0m	/Volumes/workspace/GoProjects/ApkAdmin/core/server_run.go:48	关闭WEB服务...
[ApkAdmin/server]2025-10-19 11:49:46.113	[34minfo[0m	/Volumes/workspace/GoProjects/ApkAdmin/core/server_run.go:59	WEB服务已关闭
[ApkAdmin/server]2025-10-19 11:49:54.083	[34minfo[0m	/Volumes/workspace/GoProjects/ApkAdmin/initialize/gorm.go:70	register table success
[ApkAdmin/server]2025-10-19 11:49:54.085	[34minfo[0m	/Volumes/workspace/GoProjects/ApkAdmin/initialize/redis.go:35	redis connect ping response:	{"name": "", "pong": "PONG"}
[ApkAdmin/server]2025-10-19 11:49:54.086	[34minfo[0m	/Volumes/workspace/GoProjects/ApkAdmin/initialize/router.go:58	use middleware cors
[ApkAdmin/server]2025-10-19 11:49:54.086	[34minfo[0m	/Volumes/workspace/GoProjects/ApkAdmin/initialize/router.go:60	register swagger handler
[ApkAdmin/server]2025-10-19 11:49:54.105	[34minfo[0m	/Volumes/workspace/GoProjects/ApkAdmin/initialize/router.go:117	router register success
[ApkAdmin/server]2025-10-19 11:50:15.264	[34minfo[0m	/Volumes/workspace/GoProjects/ApkAdmin/service/project/userService.go:609	用户登录成功	{"phone": "13163707701", "ip": "127.0.0.1", "login_count": 19}
[ApkAdmin/server]2025-10-19 14:11:58.336	[34minfo[0m	/Volumes/workspace/GoProjects/ApkAdmin/core/server_run.go:48	关闭WEB服务...
[ApkAdmin/server]2025-10-19 14:11:58.338	[34minfo[0m	/Volumes/workspace/GoProjects/ApkAdmin/core/server_run.go:59	WEB服务已关闭
[ApkAdmin/server]2025-10-19 14:12:10.003	[34minfo[0m	/Volumes/workspace/GoProjects/ApkAdmin/initialize/gorm.go:70	register table success
[ApkAdmin/server]2025-10-19 14:12:10.007	[34minfo[0m	/Volumes/workspace/GoProjects/ApkAdmin/initialize/redis.go:35	redis connect ping response:	{"name": "", "pong": "PONG"}
[ApkAdmin/server]2025-10-19 14:12:10.009	[34minfo[0m	/Volumes/workspace/GoProjects/ApkAdmin/initialize/router.go:58	use middleware cors
[ApkAdmin/server]2025-10-19 14:12:10.009	[34minfo[0m	/Volumes/workspace/GoProjects/ApkAdmin/initialize/router.go:60	register swagger handler
[ApkAdmin/server]2025-10-19 14:12:10.043	[34minfo[0m	/Volumes/workspace/GoProjects/ApkAdmin/initialize/router.go:117	router register success
[ApkAdmin/server]2025-10-19 14:13:34.926	[34minfo[0m	/Volumes/workspace/GoProjects/ApkAdmin/core/server_run.go:48	关闭WEB服务...
[ApkAdmin/server]2025-10-19 14:13:34.927	[34minfo[0m	/Volumes/workspace/GoProjects/ApkAdmin/core/server_run.go:59	WEB服务已关闭
[ApkAdmin/server]2025-10-19 14:13:41.571	[34minfo[0m	/Volumes/workspace/GoProjects/ApkAdmin/initialize/gorm.go:70	register table success
[ApkAdmin/server]2025-10-19 14:13:41.573	[34minfo[0m	/Volumes/workspace/GoProjects/ApkAdmin/initialize/redis.go:35	redis connect ping response:	{"name": "", "pong": "PONG"}
[ApkAdmin/server]2025-10-19 14:13:41.573	[34minfo[0m	/Volumes/workspace/GoProjects/ApkAdmin/initialize/router.go:58	use middleware cors
[ApkAdmin/server]2025-10-19 14:13:41.574	[34minfo[0m	/Volumes/workspace/GoProjects/ApkAdmin/initialize/router.go:60	register swagger handler
[ApkAdmin/server]2025-10-19 14:13:41.587	[34minfo[0m	/Volumes/workspace/GoProjects/ApkAdmin/initialize/router.go:117	router register success
[ApkAdmin/server]2025-10-19 14:17:17.107	[34minfo[0m	/Volumes/workspace/GoProjects/ApkAdmin/core/server_run.go:48	关闭WEB服务...
[ApkAdmin/server]2025-10-19 14:17:17.108	[34minfo[0m	/Volumes/workspace/GoProjects/ApkAdmin/core/server_run.go:59	WEB服务已关闭
[ApkAdmin/server]2025-10-19 14:17:25.065	[34minfo[0m	/Volumes/workspace/GoProjects/ApkAdmin/initialize/gorm.go:70	register table success
[ApkAdmin/server]2025-10-19 14:17:25.067	[34minfo[0m	/Volumes/workspace/GoProjects/ApkAdmin/initialize/redis.go:35	redis connect ping response:	{"name": "", "pong": "PONG"}
[ApkAdmin/server]2025-10-19 14:17:25.068	[34minfo[0m	/Volumes/workspace/GoProjects/ApkAdmin/initialize/router.go:58	use middleware cors
[ApkAdmin/server]2025-10-19 14:17:25.068	[34minfo[0m	/Volumes/workspace/GoProjects/ApkAdmin/initialize/router.go:60	register swagger handler
[ApkAdmin/server]2025-10-19 14:17:25.086	[34minfo[0m	/Volumes/workspace/GoProjects/ApkAdmin/initialize/router.go:117	router register success
[ApkAdmin/server]2025-10-19 14:17:46.379	[34minfo[0m	/Volumes/workspace/GoProjects/ApkAdmin/core/server_run.go:48	关闭WEB服务...
[ApkAdmin/server]2025-10-19 14:17:46.380	[34minfo[0m	/Volumes/workspace/GoProjects/ApkAdmin/core/server_run.go:59	WEB服务已关闭
[ApkAdmin/server]2025-10-19 14:17:52.723	[34minfo[0m	/Volumes/workspace/GoProjects/ApkAdmin/initialize/gorm.go:70	register table success
[ApkAdmin/server]2025-10-19 14:17:52.725	[34minfo[0m	/Volumes/workspace/GoProjects/ApkAdmin/initialize/redis.go:35	redis connect ping response:	{"name": "", "pong": "PONG"}
[ApkAdmin/server]2025-10-19 14:17:52.725	[34minfo[0m	/Volumes/workspace/GoProjects/ApkAdmin/initialize/router.go:58	use middleware cors
[ApkAdmin/server]2025-10-19 14:17:52.725	[34minfo[0m	/Volumes/workspace/GoProjects/ApkAdmin/initialize/router.go:60	register swagger handler
[ApkAdmin/server]2025-10-19 14:17:52.739	[34minfo[0m	/Volumes/workspace/GoProjects/ApkAdmin/initialize/router.go:117	router register success
[ApkAdmin/server]2025-10-19 14:18:17.570	[34minfo[0m	/Volumes/workspace/GoProjects/ApkAdmin/core/server_run.go:48	关闭WEB服务...
[ApkAdmin/server]2025-10-19 14:18:17.571	[34minfo[0m	/Volumes/workspace/GoProjects/ApkAdmin/core/server_run.go:59	WEB服务已关闭
[ApkAdmin/server]2025-10-19 14:18:23.493	[34minfo[0m	/Volumes/workspace/GoProjects/ApkAdmin/initialize/gorm.go:70	register table success
[ApkAdmin/server]2025-10-19 14:18:23.494	[34minfo[0m	/Volumes/workspace/GoProjects/ApkAdmin/initialize/redis.go:35	redis connect ping response:	{"name": "", "pong": "PONG"}
[ApkAdmin/server]2025-10-19 14:18:23.495	[34minfo[0m	/Volumes/workspace/GoProjects/ApkAdmin/initialize/router.go:58	use middleware cors
[ApkAdmin/server]2025-10-19 14:18:23.495	[34minfo[0m	/Volumes/workspace/GoProjects/ApkAdmin/initialize/router.go:60	register swagger handler
[ApkAdmin/server]2025-10-19 14:18:23.509	[34minfo[0m	/Volumes/workspace/GoProjects/ApkAdmin/initialize/router.go:117	router register success
[ApkAdmin/server]2025-10-19 14:23:51.508	[34minfo[0m	/Volumes/workspace/GoProjects/ApkAdmin/core/server_run.go:48	关闭WEB服务...
[ApkAdmin/server]2025-10-19 14:23:51.508	[34minfo[0m	/Volumes/workspace/GoProjects/ApkAdmin/core/server_run.go:59	WEB服务已关闭
[ApkAdmin/server]2025-10-19 14:23:59.162	[34minfo[0m	/Volumes/workspace/GoProjects/ApkAdmin/initialize/gorm.go:70	register table success
[ApkAdmin/server]2025-10-19 14:23:59.165	[34minfo[0m	/Volumes/workspace/GoProjects/ApkAdmin/initialize/redis.go:35	redis connect ping response:	{"name": "", "pong": "PONG"}
[ApkAdmin/server]2025-10-19 14:23:59.167	[34minfo[0m	/Volumes/workspace/GoProjects/ApkAdmin/initialize/router.go:58	use middleware cors
[ApkAdmin/server]2025-10-19 14:23:59.167	[34minfo[0m	/Volumes/workspace/GoProjects/ApkAdmin/initialize/router.go:60	register swagger handler
[ApkAdmin/server]2025-10-19 14:23:59.215	[34minfo[0m	/Volumes/workspace/GoProjects/ApkAdmin/initialize/router.go:117	router register success
[ApkAdmin/server]2025-10-19 14:29:07.302	[34minfo[0m	/Volumes/workspace/GoProjects/ApkAdmin/core/server_run.go:48	关闭WEB服务...
[ApkAdmin/server]2025-10-19 14:29:07.302	[34minfo[0m	/Volumes/workspace/GoProjects/ApkAdmin/core/server_run.go:59	WEB服务已关闭
[ApkAdmin/server]2025-10-19 14:29:45.153	[34minfo[0m	/Volumes/workspace/GoProjects/ApkAdmin/initialize/gorm.go:70	register table success
[ApkAdmin/server]2025-10-19 14:29:45.155	[34minfo[0m	/Volumes/workspace/GoProjects/ApkAdmin/initialize/redis.go:35	redis connect ping response:	{"name": "", "pong": "PONG"}
[ApkAdmin/server]2025-10-19 14:29:45.156	[34minfo[0m	/Volumes/workspace/GoProjects/ApkAdmin/initialize/router.go:58	use middleware cors
[ApkAdmin/server]2025-10-19 14:29:45.156	[34minfo[0m	/Volumes/workspace/GoProjects/ApkAdmin/initialize/router.go:60	register swagger handler
[ApkAdmin/server]2025-10-19 14:29:45.169	[34minfo[0m	/Volumes/workspace/GoProjects/ApkAdmin/initialize/router.go:117	router register success
[ApkAdmin/server]2025-10-19 14:31:25.781	[34minfo[0m	/Volumes/workspace/GoProjects/ApkAdmin/core/server_run.go:48	关闭WEB服务...
[ApkAdmin/server]2025-10-19 14:31:25.781	[34minfo[0m	/Volumes/workspace/GoProjects/ApkAdmin/core/server_run.go:59	WEB服务已关闭
[ApkAdmin/server]2025-10-19 14:31:32.360	[34minfo[0m	/Volumes/workspace/GoProjects/ApkAdmin/initialize/gorm.go:70	register table success
[ApkAdmin/server]2025-10-19 14:31:32.362	[34minfo[0m	/Volumes/workspace/GoProjects/ApkAdmin/initialize/redis.go:35	redis connect ping response:	{"name": "", "pong": "PONG"}
[ApkAdmin/server]2025-10-19 14:31:32.362	[34minfo[0m	/Volumes/workspace/GoProjects/ApkAdmin/initialize/router.go:58	use middleware cors
[ApkAdmin/server]2025-10-19 14:31:32.363	[34minfo[0m	/Volumes/workspace/GoProjects/ApkAdmin/initialize/router.go:60	register swagger handler
[ApkAdmin/server]2025-10-19 14:31:32.375	[34minfo[0m	/Volumes/workspace/GoProjects/ApkAdmin/initialize/router.go:117	router register success
[ApkAdmin/server]2025-10-19 14:45:19.196	[34minfo[0m	/Volumes/workspace/GoProjects/ApkAdmin/core/server_run.go:48	关闭WEB服务...
[ApkAdmin/server]2025-10-19 14:45:19.197	[34minfo[0m	/Volumes/workspace/GoProjects/ApkAdmin/core/server_run.go:59	WEB服务已关闭
[ApkAdmin/server]2025-10-19 14:45:26.614	[34minfo[0m	/Volumes/workspace/GoProjects/ApkAdmin/initialize/gorm.go:70	register table success
[ApkAdmin/server]2025-10-19 14:45:26.616	[34minfo[0m	/Volumes/workspace/GoProjects/ApkAdmin/initialize/redis.go:35	redis connect ping response:	{"name": "", "pong": "PONG"}
[ApkAdmin/server]2025-10-19 14:45:26.616	[34minfo[0m	/Volumes/workspace/GoProjects/ApkAdmin/initialize/router.go:58	use middleware cors
[ApkAdmin/server]2025-10-19 14:45:26.617	[34minfo[0m	/Volumes/workspace/GoProjects/ApkAdmin/initialize/router.go:60	register swagger handler
[ApkAdmin/server]2025-10-19 14:45:26.631	[34minfo[0m	/Volumes/workspace/GoProjects/ApkAdmin/initialize/router.go:117	router register success
[ApkAdmin/server]2025-10-19 14:45:58.290	[34minfo[0m	/Volumes/workspace/GoProjects/ApkAdmin/core/server_run.go:48	关闭WEB服务...
[ApkAdmin/server]2025-10-19 14:45:58.291	[34minfo[0m	/Volumes/workspace/GoProjects/ApkAdmin/core/server_run.go:59	WEB服务已关闭
[ApkAdmin/server]2025-10-19 14:46:04.793	[34minfo[0m	/Volumes/workspace/GoProjects/ApkAdmin/initialize/gorm.go:70	register table success
[ApkAdmin/server]2025-10-19 14:46:04.794	[34minfo[0m	/Volumes/workspace/GoProjects/ApkAdmin/initialize/redis.go:35	redis connect ping response:	{"name": "", "pong": "PONG"}
[ApkAdmin/server]2025-10-19 14:46:04.795	[34minfo[0m	/Volumes/workspace/GoProjects/ApkAdmin/initialize/router.go:58	use middleware cors
[ApkAdmin/server]2025-10-19 14:46:04.795	[34minfo[0m	/Volumes/workspace/GoProjects/ApkAdmin/initialize/router.go:60	register swagger handler
[ApkAdmin/server]2025-10-19 14:46:04.808	[34minfo[0m	/Volumes/workspace/GoProjects/ApkAdmin/initialize/router.go:117	router register success
[ApkAdmin/server]2025-10-19 14:50:28.701	[34minfo[0m	/Volumes/workspace/GoProjects/ApkAdmin/core/server_run.go:48	关闭WEB服务...
[ApkAdmin/server]2025-10-19 14:50:28.701	[34minfo[0m	/Volumes/workspace/GoProjects/ApkAdmin/core/server_run.go:59	WEB服务已关闭
[ApkAdmin/server]2025-10-19 14:50:35.544	[34minfo[0m	/Volumes/workspace/GoProjects/ApkAdmin/initialize/gorm.go:70	register table success
[ApkAdmin/server]2025-10-19 14:50:35.545	[34minfo[0m	/Volumes/workspace/GoProjects/ApkAdmin/initialize/redis.go:35	redis connect ping response:	{"name": "", "pong": "PONG"}
[ApkAdmin/server]2025-10-19 14:50:35.546	[34minfo[0m	/Volumes/workspace/GoProjects/ApkAdmin/initialize/router.go:58	use middleware cors
[ApkAdmin/server]2025-10-19 14:50:35.547	[34minfo[0m	/Volumes/workspace/GoProjects/ApkAdmin/initialize/router.go:60	register swagger handler
[ApkAdmin/server]2025-10-19 14:50:35.560	[34minfo[0m	/Volumes/workspace/GoProjects/ApkAdmin/initialize/router.go:117	router register success
[ApkAdmin/server]2025-10-19 14:53:58.358	[34minfo[0m	/Volumes/workspace/GoProjects/ApkAdmin/core/server_run.go:48	关闭WEB服务...
[ApkAdmin/server]2025-10-19 14:53:58.359	[34minfo[0m	/Volumes/workspace/GoProjects/ApkAdmin/core/server_run.go:59	WEB服务已关闭
[ApkAdmin/server]2025-10-19 14:54:05.800	[34minfo[0m	/Volumes/workspace/GoProjects/ApkAdmin/initialize/gorm.go:70	register table success
[ApkAdmin/server]2025-10-19 14:54:05.802	[34minfo[0m	/Volumes/workspace/GoProjects/ApkAdmin/initialize/redis.go:35	redis connect ping response:	{"name": "", "pong": "PONG"}
[ApkAdmin/server]2025-10-19 14:54:05.803	[34minfo[0m	/Volumes/workspace/GoProjects/ApkAdmin/initialize/router.go:58	use middleware cors
[ApkAdmin/server]2025-10-19 14:54:05.803	[34minfo[0m	/Volumes/workspace/GoProjects/ApkAdmin/initialize/router.go:60	register swagger handler
[ApkAdmin/server]2025-10-19 14:54:05.817	[34minfo[0m	/Volumes/workspace/GoProjects/ApkAdmin/initialize/router.go:117	router register success
[ApkAdmin/server]2025-10-19 14:55:48.142	[34minfo[0m	/Volumes/workspace/GoProjects/ApkAdmin/core/server_run.go:48	关闭WEB服务...
[ApkAdmin/server]2025-10-19 14:55:48.143	[34minfo[0m	/Volumes/workspace/GoProjects/ApkAdmin/core/server_run.go:59	WEB服务已关闭
