[ApkAdmin/server]2025-09-26 16:00:08.102	[34minfo[0m	/Volumes/workspace/GoProjects/ApkAdmin/core/server_run.go:48	å…³é—­WEBæœåŠ¡...
[ApkAdmin/server]2025-09-26 16:00:08.104	[34minfo[0m	/Volumes/workspace/GoProjects/ApkAdmin/core/server_run.go:59	WEBæœåŠ¡å·²å…³é—­
[ApkAdmin/server]2025-09-26 16:11:44.177	[34minfo[0m	/Volumes/workspace/GoProjects/ApkAdmin/initialize/gorm.go:78	register table success
[ApkAdmin/server]2025-09-26 16:11:44.179	[34minfo[0m	/Volumes/workspace/GoProjects/ApkAdmin/initialize/router.go:61	register swagger handler
[ApkAdmin/server]2025-09-26 16:11:44.205	[34minfo[0m	/Volumes/workspace/GoProjects/ApkAdmin/initialize/router.go:123	router register success
[ApkAdmin/server]2025-09-26 16:18:39.317	[34minfo[0m	/Volumes/workspace/GoProjects/ApkAdmin/core/server_run.go:48	å…³é—­WEBæœåŠ¡...
[ApkAdmin/server]2025-09-26 16:18:39.318	[34minfo[0m	/Volumes/workspace/GoProjects/ApkAdmin/core/server_run.go:59	WEBæœåŠ¡å·²å…³é—­
[ApkAdmin/server]2025-09-26 16:18:59.345	[34minfo[0m	/Volumes/workspace/GoProjects/ApkAdmin/initialize/gorm.go:78	register table success
[ApkAdmin/server]2025-09-26 16:18:59.347	[34minfo[0m	/Volumes/workspace/GoProjects/ApkAdmin/initialize/router.go:61	register swagger handler
[ApkAdmin/server]2025-09-26 16:18:59.376	[34minfo[0m	/Volumes/workspace/GoProjects/ApkAdmin/initialize/router.go:123	router register success
[ApkAdmin/server]2025-09-26 16:21:32.324	[34minfo[0m	/Volumes/workspace/GoProjects/ApkAdmin/core/server_run.go:48	å…³é—­WEBæœåŠ¡...
[ApkAdmin/server]2025-09-26 16:21:32.325	[34minfo[0m	/Volumes/workspace/GoProjects/ApkAdmin/core/server_run.go:59	WEBæœåŠ¡å·²å…³é—­
[ApkAdmin/server]2025-09-26 16:21:47.054	[34minfo[0m	/Volumes/workspace/GoProjects/ApkAdmin/initialize/gorm.go:78	register table success
[ApkAdmin/server]2025-09-26 16:21:47.055	[34minfo[0m	/Volumes/workspace/GoProjects/ApkAdmin/initialize/router.go:61	register swagger handler
[ApkAdmin/server]2025-09-26 16:21:47.073	[34minfo[0m	/Volumes/workspace/GoProjects/ApkAdmin/initialize/router.go:123	router register success
[ApkAdmin/server]2025-09-26 16:22:39.992	[34minfo[0m	/Volumes/workspace/GoProjects/ApkAdmin/core/server_run.go:48	å…³é—­WEBæœåŠ¡...
[ApkAdmin/server]2025-09-26 16:22:40.008	[34minfo[0m	/Volumes/workspace/GoProjects/ApkAdmin/core/server_run.go:59	WEBæœåŠ¡å·²å…³é—­
[ApkAdmin/server]2025-09-26 16:22:50.067	[34minfo[0m	/Volumes/workspace/GoProjects/ApkAdmin/initialize/gorm.go:78	register table success
[ApkAdmin/server]2025-09-26 16:22:50.069	[34minfo[0m	/Volumes/workspace/GoProjects/ApkAdmin/initialize/router.go:61	register swagger handler
[ApkAdmin/server]2025-09-26 16:22:50.097	[34minfo[0m	/Volumes/workspace/GoProjects/ApkAdmin/initialize/router.go:123	router register success
[ApkAdmin/server]2025-09-26 16:23:15.678	[34minfo[0m	/Volumes/workspace/GoProjects/ApkAdmin/core/server_run.go:48	å…³é—­WEBæœåŠ¡...
[ApkAdmin/server]2025-09-26 16:23:15.678	[34minfo[0m	/Volumes/workspace/GoProjects/ApkAdmin/core/server_run.go:59	WEBæœåŠ¡å·²å…³é—­
[ApkAdmin/server]2025-09-26 16:23:28.134	[34minfo[0m	/Volumes/workspace/GoProjects/ApkAdmin/initialize/gorm.go:78	register table success
[ApkAdmin/server]2025-09-26 16:23:28.136	[34minfo[0m	/Volumes/workspace/GoProjects/ApkAdmin/initialize/router.go:61	register swagger handler
[ApkAdmin/server]2025-09-26 16:23:28.159	[34minfo[0m	/Volumes/workspace/GoProjects/ApkAdmin/initialize/router.go:123	router register success
[ApkAdmin/server]2025-09-26 16:23:54.382	[34minfo[0m	/Volumes/workspace/GoProjects/ApkAdmin/core/server_run.go:48	å…³é—­WEBæœåŠ¡...
[ApkAdmin/server]2025-09-26 16:23:54.383	[34minfo[0m	/Volumes/workspace/GoProjects/ApkAdmin/core/server_run.go:59	WEBæœåŠ¡å·²å…³é—­
[ApkAdmin/server]2025-09-26 16:24:06.554	[34minfo[0m	/Volumes/workspace/GoProjects/ApkAdmin/initialize/gorm.go:78	register table success
[ApkAdmin/server]2025-09-26 16:24:06.555	[34minfo[0m	/Volumes/workspace/GoProjects/ApkAdmin/initialize/router.go:61	register swagger handler
[ApkAdmin/server]2025-09-26 16:24:06.577	[34minfo[0m	/Volumes/workspace/GoProjects/ApkAdmin/initialize/router.go:123	router register success
[ApkAdmin/server]2025-09-26 16:24:33.980	[34minfo[0m	/Volumes/workspace/GoProjects/ApkAdmin/core/server_run.go:48	å…³é—­WEBæœåŠ¡...
[ApkAdmin/server]2025-09-26 16:24:33.980	[34minfo[0m	/Volumes/workspace/GoProjects/ApkAdmin/core/server_run.go:59	WEBæœåŠ¡å·²å…³é—­
[ApkAdmin/server]2025-09-26 16:24:43.010	[34minfo[0m	/Volumes/workspace/GoProjects/ApkAdmin/initialize/gorm.go:78	register table success
[ApkAdmin/server]2025-09-26 16:24:43.011	[34minfo[0m	/Volumes/workspace/GoProjects/ApkAdmin/initialize/router.go:61	register swagger handler
[ApkAdmin/server]2025-09-26 16:24:43.037	[34minfo[0m	/Volumes/workspace/GoProjects/ApkAdmin/initialize/router.go:123	router register success
[ApkAdmin/server]2025-09-26 16:32:32.125	[34minfo[0m	/Volumes/workspace/GoProjects/ApkAdmin/core/server_run.go:48	å…³é—­WEBæœåŠ¡...
[ApkAdmin/server]2025-09-26 16:32:32.126	[34minfo[0m	/Volumes/workspace/GoProjects/ApkAdmin/core/server_run.go:59	WEBæœåŠ¡å·²å…³é—­
[ApkAdmin/server]2025-09-26 16:32:45.291	[34minfo[0m	/Volumes/workspace/GoProjects/ApkAdmin/initialize/gorm.go:78	register table success
[ApkAdmin/server]2025-09-26 16:32:45.292	[34minfo[0m	/Volumes/workspace/GoProjects/ApkAdmin/initialize/router.go:61	register swagger handler
[ApkAdmin/server]2025-09-26 16:32:45.312	[34minfo[0m	/Volumes/workspace/GoProjects/ApkAdmin/initialize/router.go:123	router register success
[ApkAdmin/server]2025-09-26 16:33:08.248	[34minfo[0m	/Volumes/workspace/GoProjects/ApkAdmin/core/server_run.go:48	å…³é—­WEBæœåŠ¡...
[ApkAdmin/server]2025-09-26 16:33:08.249	[34minfo[0m	/Volumes/workspace/GoProjects/ApkAdmin/core/server_run.go:59	WEBæœåŠ¡å·²å…³é—­
[ApkAdmin/server]2025-09-26 16:33:15.394	[34minfo[0m	/Volumes/workspace/GoProjects/ApkAdmin/initialize/gorm.go:78	register table success
[ApkAdmin/server]2025-09-26 16:33:15.395	[34minfo[0m	/Volumes/workspace/GoProjects/ApkAdmin/initialize/router.go:61	register swagger handler
[ApkAdmin/server]2025-09-26 16:33:15.409	[34minfo[0m	/Volumes/workspace/GoProjects/ApkAdmin/initialize/router.go:123	router register success
