[ApkAdmin/server]2025-10-12 09:58:24.134	[31merror[0m	/Volumes/workspace/GoProjects/ApkAdmin/initialize/redis.go:31	redis connect ping failed, err:	{"name": "", "error": "NOAUTH Authentication required."}
[ApkAdmin/server]2025-10-12 10:06:25.496	[31merror[0m	/Volumes/workspace/GoProjects/ApkAdmin/middleware/limit_ip.go:50	limit	{"error": "è¯·æ±‚å¤ªè¿‡é¢‘ç¹, è¯· 38.853s ç§’åå°è¯•"}
[ApkAdmin/server]2025-10-12 10:06:27.865	[31merror[0m	/Volumes/workspace/GoProjects/ApkAdmin/middleware/limit_ip.go:50	limit	{"error": "è¯·æ±‚å¤ªè¿‡é¢‘ç¹, è¯· 36.481s ç§’åå°è¯•"}
[ApkAdmin/server]2025-10-12 10:06:31.561	[31merror[0m	/Volumes/workspace/GoProjects/ApkAdmin/middleware/limit_ip.go:50	limit	{"error": "è¯·æ±‚å¤ªè¿‡é¢‘ç¹, è¯· 32.786s ç§’åå°è¯•"}
[ApkAdmin/server]2025-10-12 10:07:14.814	[31merror[0m	/Volumes/workspace/GoProjects/ApkAdmin/middleware/limit_ip.go:50	limit	{"error": "è¯·æ±‚å¤ªè¿‡é¢‘ç¹, è¯· 56.212s ç§’åå°è¯•"}
[ApkAdmin/server]2025-10-12 10:07:14.947	[31merror[0m	/Volumes/workspace/GoProjects/ApkAdmin/middleware/limit_ip.go:50	limit	{"error": "è¯·æ±‚å¤ªè¿‡é¢‘ç¹, è¯· 56.079s ç§’åå°è¯•"}
[ApkAdmin/server]2025-10-12 10:07:15.102	[31merror[0m	/Volumes/workspace/GoProjects/ApkAdmin/middleware/limit_ip.go:50	limit	{"error": "è¯·æ±‚å¤ªè¿‡é¢‘ç¹, è¯· 55.924s ç§’åå°è¯•"}
[ApkAdmin/server]2025-10-12 10:07:17.696	[31merror[0m	/Volumes/workspace/GoProjects/ApkAdmin/middleware/limit_ip.go:50	limit	{"error": "è¯·æ±‚å¤ªè¿‡é¢‘ç¹, è¯· 53.33s ç§’åå°è¯•"}
[ApkAdmin/server]2025-10-12 10:07:18.525	[31merror[0m	/Volumes/workspace/GoProjects/ApkAdmin/middleware/limit_ip.go:50	limit	{"error": "è¯·æ±‚å¤ªè¿‡é¢‘ç¹, è¯· 52.501s ç§’åå°è¯•"}
[ApkAdmin/server]2025-10-12 10:07:58.925	[31merror[0m	/Volumes/workspace/GoProjects/ApkAdmin/middleware/limit_ip.go:50	limit	{"error": "è¯·æ±‚å¤ªè¿‡é¢‘ç¹, è¯· 12.101s ç§’åå°è¯•"}
[ApkAdmin/server]2025-10-12 10:08:02.276	[31merror[0m	/Volumes/workspace/GoProjects/ApkAdmin/middleware/limit_ip.go:50	limit	{"error": "è¯·æ±‚å¤ªè¿‡é¢‘ç¹, è¯· 8.751s ç§’åå°è¯•"}
[ApkAdmin/server]2025-10-12 10:08:04.156	[31merror[0m	/Volumes/workspace/GoProjects/ApkAdmin/middleware/limit_ip.go:50	limit	{"error": "è¯·æ±‚å¤ªè¿‡é¢‘ç¹, è¯· 6.871s ç§’åå°è¯•"}
[ApkAdmin/server]2025-10-12 10:08:05.576	[31merror[0m	/Volumes/workspace/GoProjects/ApkAdmin/middleware/limit_ip.go:50	limit	{"error": "è¯·æ±‚å¤ªè¿‡é¢‘ç¹, è¯· 5.45s ç§’åå°è¯•"}
[ApkAdmin/server]2025-10-12 10:08:08.943	[31merror[0m	/Volumes/workspace/GoProjects/ApkAdmin/middleware/limit_ip.go:50	limit	{"error": "è¯·æ±‚å¤ªè¿‡é¢‘ç¹, è¯· 2.083s ç§’åå°è¯•"}
[ApkAdmin/server]2025-10-12 10:17:27.323	[31merror[0m	/Volumes/workspace/GoProjects/ApkAdmin/middleware/limit_ip.go:50	limit	{"error": "è¯·æ±‚å¤ªè¿‡é¢‘ç¹, è¯· 51.728s ç§’åå°è¯•"}
[ApkAdmin/server]2025-10-12 10:17:28.552	[31merror[0m	/Volumes/workspace/GoProjects/ApkAdmin/middleware/limit_ip.go:50	limit	{"error": "è¯·æ±‚å¤ªè¿‡é¢‘ç¹, è¯· 50.498s ç§’åå°è¯•"}
[ApkAdmin/server]2025-10-12 10:17:28.697	[31merror[0m	/Volumes/workspace/GoProjects/ApkAdmin/middleware/limit_ip.go:50	limit	{"error": "è¯·æ±‚å¤ªè¿‡é¢‘ç¹, è¯· 50.353s ç§’åå°è¯•"}
[ApkAdmin/server]2025-10-12 10:17:29.015	[31merror[0m	/Volumes/workspace/GoProjects/ApkAdmin/middleware/limit_ip.go:50	limit	{"error": "è¯·æ±‚å¤ªè¿‡é¢‘ç¹, è¯· 50.035s ç§’åå°è¯•"}
[ApkAdmin/server]2025-10-12 10:17:29.177	[31merror[0m	/Volumes/workspace/GoProjects/ApkAdmin/middleware/limit_ip.go:50	limit	{"error": "è¯·æ±‚å¤ªè¿‡é¢‘ç¹, è¯· 49.873s ç§’åå°è¯•"}
[ApkAdmin/server]2025-10-12 10:17:30.836	[31merror[0m	/Volumes/workspace/GoProjects/ApkAdmin/middleware/limit_ip.go:50	limit	{"error": "è¯·æ±‚å¤ªè¿‡é¢‘ç¹, è¯· 48.215s ç§’åå°è¯•"}
[ApkAdmin/server]2025-10-12 10:17:31.473	[31merror[0m	/Volumes/workspace/GoProjects/ApkAdmin/middleware/limit_ip.go:50	limit	{"error": "è¯·æ±‚å¤ªè¿‡é¢‘ç¹, è¯· 47.577s ç§’åå°è¯•"}
[ApkAdmin/server]2025-10-12 10:48:57.145	[31merror[0m	/Volumes/workspace/GoProjects/ApkAdmin/middleware/limit_ip.go:50	limit	{"error": "è¯·æ±‚å¤ªè¿‡é¢‘ç¹, è¯· 38.943s ç§’åå°è¯•"}
[ApkAdmin/server]2025-10-12 10:49:26.590	[31merror[0m	/Volumes/workspace/GoProjects/ApkAdmin/middleware/limit_ip.go:50	limit	{"error": "è¯·æ±‚å¤ªè¿‡é¢‘ç¹, è¯· 9.497s ç§’åå°è¯•"}
[ApkAdmin/server]2025-10-12 14:51:41.225	[31merror[0m	/Volumes/workspace/GoProjects/ApkAdmin/api/v1/web/base.go:155	ç™»é™†å¤±è´¥! ç”¨æˆ·åä¸å­˜åœ¨æˆ–è€…å¯†ç é”™è¯¯!	{"error": "å¯†ç é”™è¯¯"}
[ApkAdmin/server]2025-10-12 17:14:15.031	[31merror[0m	/Volumes/workspace/GoProjects/ApkAdmin/api/v1/project/user.go:30	è·å–å¤±è´¥!	{"error": "sql: Scan error on column index 6, name \"account_status\": unsupported Scan, storing driver.Value type int64 into type *project.AccountStatus; sql: Scan error on column index 6, name \"account_status\": unsupported Scan, storing driver.Value type int64 into type *project.AccountStatus; sql: Scan error on column index 6, name \"account_status\": unsupported Scan, storing driver.Value type int64 into type *project.AccountStatus"}
[ApkAdmin/server]2025-10-12 17:14:19.798	[31merror[0m	/Volumes/workspace/GoProjects/ApkAdmin/api/v1/project/user.go:30	è·å–å¤±è´¥!	{"error": "sql: Scan error on column index 6, name \"account_status\": unsupported Scan, storing driver.Value type int64 into type *project.AccountStatus; sql: Scan error on column index 6, name \"account_status\": unsupported Scan, storing driver.Value type int64 into type *project.AccountStatus; sql: Scan error on column index 6, name \"account_status\": unsupported Scan, storing driver.Value type int64 into type *project.AccountStatus"}
[ApkAdmin/server]2025-10-12 17:14:23.078	[31merror[0m	/Volumes/workspace/GoProjects/ApkAdmin/api/v1/project/user.go:30	è·å–å¤±è´¥!	{"error": "sql: Scan error on column index 6, name \"account_status\": unsupported Scan, storing driver.Value type int64 into type *project.AccountStatus; sql: Scan error on column index 6, name \"account_status\": unsupported Scan, storing driver.Value type int64 into type *project.AccountStatus; sql: Scan error on column index 6, name \"account_status\": unsupported Scan, storing driver.Value type int64 into type *project.AccountStatus"}
[ApkAdmin/server]2025-10-12 17:14:28.679	[31merror[0m	/Volumes/workspace/GoProjects/ApkAdmin/api/v1/project/user.go:30	è·å–å¤±è´¥!	{"error": "sql: Scan error on column index 6, name \"account_status\": unsupported Scan, storing driver.Value type int64 into type *project.AccountStatus; sql: Scan error on column index 6, name \"account_status\": unsupported Scan, storing driver.Value type int64 into type *project.AccountStatus; sql: Scan error on column index 6, name \"account_status\": unsupported Scan, storing driver.Value type int64 into type *project.AccountStatus"}
[ApkAdmin/server]2025-10-12 17:14:34.162	[31merror[0m	/Volumes/workspace/GoProjects/ApkAdmin/api/v1/project/user.go:30	è·å–å¤±è´¥!	{"error": "sql: Scan error on column index 6, name \"account_status\": unsupported Scan, storing driver.Value type int64 into type *project.AccountStatus; sql: Scan error on column index 6, name \"account_status\": unsupported Scan, storing driver.Value type int64 into type *project.AccountStatus; sql: Scan error on column index 6, name \"account_status\": unsupported Scan, storing driver.Value type int64 into type *project.AccountStatus"}
[ApkAdmin/server]2025-10-12 17:14:37.503	[31merror[0m	/Volumes/workspace/GoProjects/ApkAdmin/api/v1/project/user.go:30	è·å–å¤±è´¥!	{"error": "sql: Scan error on column index 6, name \"account_status\": unsupported Scan, storing driver.Value type int64 into type *project.AccountStatus; sql: Scan error on column index 6, name \"account_status\": unsupported Scan, storing driver.Value type int64 into type *project.AccountStatus; sql: Scan error on column index 6, name \"account_status\": unsupported Scan, storing driver.Value type int64 into type *project.AccountStatus"}
[ApkAdmin/server]2025-10-12 17:14:41.910	[31merror[0m	/Volumes/workspace/GoProjects/ApkAdmin/api/v1/project/user.go:30	è·å–å¤±è´¥!	{"error": "sql: Scan error on column index 6, name \"account_status\": unsupported Scan, storing driver.Value type int64 into type *project.AccountStatus; sql: Scan error on column index 6, name \"account_status\": unsupported Scan, storing driver.Value type int64 into type *project.AccountStatus; sql: Scan error on column index 6, name \"account_status\": unsupported Scan, storing driver.Value type int64 into type *project.AccountStatus"}
[ApkAdmin/server]2025-10-12 17:15:30.651	[31merror[0m	/Volumes/workspace/GoProjects/ApkAdmin/api/v1/project/user.go:30	è·å–å¤±è´¥!	{"error": "sql: Scan error on column index 6, name \"account_status\": unsupported Scan, storing driver.Value type int64 into type *project.AccountStatus; sql: Scan error on column index 6, name \"account_status\": unsupported Scan, storing driver.Value type int64 into type *project.AccountStatus; sql: Scan error on column index 6, name \"account_status\": unsupported Scan, storing driver.Value type int64 into type *project.AccountStatus"}
[ApkAdmin/server]2025-10-12 17:15:44.525	[31merror[0m	/Volumes/workspace/GoProjects/ApkAdmin/api/v1/project/user.go:30	è·å–å¤±è´¥!	{"error": "sql: Scan error on column index 6, name \"account_status\": unsupported Scan, storing driver.Value type int64 into type *project.AccountStatus; sql: Scan error on column index 6, name \"account_status\": unsupported Scan, storing driver.Value type int64 into type *project.AccountStatus; sql: Scan error on column index 6, name \"account_status\": unsupported Scan, storing driver.Value type int64 into type *project.AccountStatus"}
[ApkAdmin/server]2025-10-12 17:40:36.356	[31merror[0m	/Volumes/workspace/GoProjects/ApkAdmin/utils/captcha/redis.go:44	RedisStoreGetError!	{"error": "redis: nil"}
