[ApkAdmin/server]2025-10-12 09:46:33.981	[34minfo[0m	/Volumes/workspace/GoProjects/ApkAdmin/core/server_run.go:48	关闭WEB服务...
[ApkAdmin/server]2025-10-12 09:46:33.983	[34minfo[0m	/Volumes/workspace/GoProjects/ApkAdmin/core/server_run.go:59	WEB服务已关闭
[ApkAdmin/server]2025-10-12 09:53:52.955	[34minfo[0m	/Volumes/workspace/GoProjects/ApkAdmin/initialize/gorm.go:78	register table success
[ApkAdmin/server]2025-10-12 09:53:52.956	[34minfo[0m	/Volumes/workspace/GoProjects/ApkAdmin/initialize/router.go:59	use middleware cors
[ApkAdmin/server]2025-10-12 09:53:52.957	[34minfo[0m	/Volumes/workspace/GoProjects/ApkAdmin/initialize/router.go:62	register swagger handler
[ApkAdmin/server]2025-10-12 09:53:52.972	[34minfo[0m	/Volumes/workspace/GoProjects/ApkAdmin/initialize/router.go:122	router register success
[ApkAdmin/server]2025-10-12 09:54:42.414	[34minfo[0m	/Volumes/workspace/GoProjects/ApkAdmin/core/server_run.go:48	关闭WEB服务...
[ApkAdmin/server]2025-10-12 09:54:42.414	[34minfo[0m	/Volumes/workspace/GoProjects/ApkAdmin/core/server_run.go:59	WEB服务已关闭
[ApkAdmin/server]2025-10-12 09:54:48.987	[34minfo[0m	/Volumes/workspace/GoProjects/ApkAdmin/initialize/gorm.go:78	register table success
[ApkAdmin/server]2025-10-12 09:54:48.989	[34minfo[0m	/Volumes/workspace/GoProjects/ApkAdmin/initialize/router.go:59	use middleware cors
[ApkAdmin/server]2025-10-12 09:54:48.989	[34minfo[0m	/Volumes/workspace/GoProjects/ApkAdmin/initialize/router.go:62	register swagger handler
[ApkAdmin/server]2025-10-12 09:54:49.022	[34minfo[0m	/Volumes/workspace/GoProjects/ApkAdmin/initialize/router.go:122	router register success
[ApkAdmin/server]2025-10-12 09:58:17.436	[34minfo[0m	/Volumes/workspace/GoProjects/ApkAdmin/core/server_run.go:48	关闭WEB服务...
[ApkAdmin/server]2025-10-12 09:58:17.437	[34minfo[0m	/Volumes/workspace/GoProjects/ApkAdmin/core/server_run.go:59	WEB服务已关闭
[ApkAdmin/server]2025-10-12 09:58:24.104	[34minfo[0m	/Volumes/workspace/GoProjects/ApkAdmin/initialize/gorm.go:78	register table success
[ApkAdmin/server]2025-10-12 09:59:14.076	[34minfo[0m	/Volumes/workspace/GoProjects/ApkAdmin/initialize/gorm.go:78	register table success
[ApkAdmin/server]2025-10-12 09:59:14.081	[34minfo[0m	/Volumes/workspace/GoProjects/ApkAdmin/initialize/redis.go:35	redis connect ping response:	{"name": "", "pong": "PONG"}
[ApkAdmin/server]2025-10-12 09:59:14.082	[34minfo[0m	/Volumes/workspace/GoProjects/ApkAdmin/initialize/router.go:59	use middleware cors
[ApkAdmin/server]2025-10-12 09:59:14.082	[34minfo[0m	/Volumes/workspace/GoProjects/ApkAdmin/initialize/router.go:62	register swagger handler
[ApkAdmin/server]2025-10-12 09:59:14.096	[34minfo[0m	/Volumes/workspace/GoProjects/ApkAdmin/initialize/router.go:122	router register success
[ApkAdmin/server]2025-10-12 10:13:54.362	[34minfo[0m	/Volumes/workspace/GoProjects/ApkAdmin/core/server_run.go:48	关闭WEB服务...
[ApkAdmin/server]2025-10-12 10:13:54.362	[34minfo[0m	/Volumes/workspace/GoProjects/ApkAdmin/core/server_run.go:59	WEB服务已关闭
[ApkAdmin/server]2025-10-12 10:14:05.400	[34minfo[0m	/Volumes/workspace/GoProjects/ApkAdmin/initialize/gorm.go:78	register table success
[ApkAdmin/server]2025-10-12 10:14:05.402	[34minfo[0m	/Volumes/workspace/GoProjects/ApkAdmin/initialize/redis.go:35	redis connect ping response:	{"name": "", "pong": "PONG"}
[ApkAdmin/server]2025-10-12 10:14:05.403	[34minfo[0m	/Volumes/workspace/GoProjects/ApkAdmin/initialize/router.go:59	use middleware cors
[ApkAdmin/server]2025-10-12 10:14:05.403	[34minfo[0m	/Volumes/workspace/GoProjects/ApkAdmin/initialize/router.go:62	register swagger handler
[ApkAdmin/server]2025-10-12 10:14:05.418	[34minfo[0m	/Volumes/workspace/GoProjects/ApkAdmin/initialize/router.go:122	router register success
[ApkAdmin/server]2025-10-12 10:14:49.810	[34minfo[0m	/Volumes/workspace/GoProjects/ApkAdmin/core/server_run.go:48	关闭WEB服务...
[ApkAdmin/server]2025-10-12 10:14:49.810	[34minfo[0m	/Volumes/workspace/GoProjects/ApkAdmin/core/server_run.go:59	WEB服务已关闭
[ApkAdmin/server]2025-10-12 10:14:56.374	[34minfo[0m	/Volumes/workspace/GoProjects/ApkAdmin/initialize/gorm.go:78	register table success
[ApkAdmin/server]2025-10-12 10:14:56.375	[34minfo[0m	/Volumes/workspace/GoProjects/ApkAdmin/initialize/redis.go:35	redis connect ping response:	{"name": "", "pong": "PONG"}
[ApkAdmin/server]2025-10-12 10:14:56.376	[34minfo[0m	/Volumes/workspace/GoProjects/ApkAdmin/initialize/router.go:59	use middleware cors
[ApkAdmin/server]2025-10-12 10:14:56.376	[34minfo[0m	/Volumes/workspace/GoProjects/ApkAdmin/initialize/router.go:62	register swagger handler
[ApkAdmin/server]2025-10-12 10:14:56.390	[34minfo[0m	/Volumes/workspace/GoProjects/ApkAdmin/initialize/router.go:122	router register success
[ApkAdmin/server]2025-10-12 10:17:07.786	[34minfo[0m	/Volumes/workspace/GoProjects/ApkAdmin/core/server_run.go:48	关闭WEB服务...
[ApkAdmin/server]2025-10-12 10:17:07.787	[34minfo[0m	/Volumes/workspace/GoProjects/ApkAdmin/core/server_run.go:59	WEB服务已关闭
[ApkAdmin/server]2025-10-12 10:17:14.592	[34minfo[0m	/Volumes/workspace/GoProjects/ApkAdmin/initialize/gorm.go:78	register table success
[ApkAdmin/server]2025-10-12 10:17:14.594	[34minfo[0m	/Volumes/workspace/GoProjects/ApkAdmin/initialize/redis.go:35	redis connect ping response:	{"name": "", "pong": "PONG"}
[ApkAdmin/server]2025-10-12 10:17:14.595	[34minfo[0m	/Volumes/workspace/GoProjects/ApkAdmin/initialize/router.go:59	use middleware cors
[ApkAdmin/server]2025-10-12 10:17:14.595	[34minfo[0m	/Volumes/workspace/GoProjects/ApkAdmin/initialize/router.go:62	register swagger handler
[ApkAdmin/server]2025-10-12 10:17:14.610	[34minfo[0m	/Volumes/workspace/GoProjects/ApkAdmin/initialize/router.go:122	router register success
[ApkAdmin/server]2025-10-12 10:44:47.576	[34minfo[0m	/Volumes/workspace/GoProjects/ApkAdmin/core/server_run.go:48	关闭WEB服务...
[ApkAdmin/server]2025-10-12 10:44:47.578	[34minfo[0m	/Volumes/workspace/GoProjects/ApkAdmin/core/server_run.go:59	WEB服务已关闭
[ApkAdmin/server]2025-10-12 10:44:50.358	[34minfo[0m	/Volumes/workspace/GoProjects/ApkAdmin/initialize/gorm.go:78	register table success
[ApkAdmin/server]2025-10-12 10:44:50.360	[34minfo[0m	/Volumes/workspace/GoProjects/ApkAdmin/initialize/redis.go:35	redis connect ping response:	{"name": "", "pong": "PONG"}
[ApkAdmin/server]2025-10-12 10:44:50.360	[34minfo[0m	/Volumes/workspace/GoProjects/ApkAdmin/initialize/router.go:59	use middleware cors
[ApkAdmin/server]2025-10-12 10:44:50.361	[34minfo[0m	/Volumes/workspace/GoProjects/ApkAdmin/initialize/router.go:62	register swagger handler
[ApkAdmin/server]2025-10-12 10:44:50.375	[34minfo[0m	/Volumes/workspace/GoProjects/ApkAdmin/initialize/router.go:122	router register success
[ApkAdmin/server]2025-10-12 11:21:16.608	[34minfo[0m	/Volumes/workspace/GoProjects/ApkAdmin/core/server_run.go:48	关闭WEB服务...
[ApkAdmin/server]2025-10-12 11:21:16.609	[34minfo[0m	/Volumes/workspace/GoProjects/ApkAdmin/core/server_run.go:59	WEB服务已关闭
[ApkAdmin/server]2025-10-12 11:21:31.121	[34minfo[0m	/Volumes/workspace/GoProjects/ApkAdmin/initialize/gorm.go:78	register table success
[ApkAdmin/server]2025-10-12 11:21:31.124	[34minfo[0m	/Volumes/workspace/GoProjects/ApkAdmin/initialize/redis.go:35	redis connect ping response:	{"name": "", "pong": "PONG"}
[ApkAdmin/server]2025-10-12 11:21:31.126	[34minfo[0m	/Volumes/workspace/GoProjects/ApkAdmin/initialize/router.go:59	use middleware cors
[ApkAdmin/server]2025-10-12 11:21:31.126	[34minfo[0m	/Volumes/workspace/GoProjects/ApkAdmin/initialize/router.go:62	register swagger handler
[ApkAdmin/server]2025-10-12 11:21:31.145	[34minfo[0m	/Volumes/workspace/GoProjects/ApkAdmin/initialize/router.go:122	router register success
[ApkAdmin/server]2025-10-12 14:31:30.901	[34minfo[0m	/Volumes/workspace/GoProjects/ApkAdmin/core/server_run.go:48	关闭WEB服务...
[ApkAdmin/server]2025-10-12 14:31:30.902	[34minfo[0m	/Volumes/workspace/GoProjects/ApkAdmin/core/server_run.go:59	WEB服务已关闭
[ApkAdmin/server]2025-10-12 14:36:13.886	[34minfo[0m	/Volumes/workspace/GoProjects/ApkAdmin/initialize/gorm.go:78	register table success
[ApkAdmin/server]2025-10-12 14:36:13.889	[34minfo[0m	/Volumes/workspace/GoProjects/ApkAdmin/initialize/redis.go:35	redis connect ping response:	{"name": "", "pong": "PONG"}
[ApkAdmin/server]2025-10-12 14:36:13.889	[34minfo[0m	/Volumes/workspace/GoProjects/ApkAdmin/initialize/router.go:59	use middleware cors
[ApkAdmin/server]2025-10-12 14:36:13.890	[34minfo[0m	/Volumes/workspace/GoProjects/ApkAdmin/initialize/router.go:62	register swagger handler
[ApkAdmin/server]2025-10-12 14:36:13.902	[34minfo[0m	/Volumes/workspace/GoProjects/ApkAdmin/initialize/router.go:122	router register success
[ApkAdmin/server]2025-10-12 14:57:31.848	[34minfo[0m	/Volumes/workspace/GoProjects/ApkAdmin/core/server_run.go:48	关闭WEB服务...
[ApkAdmin/server]2025-10-12 14:57:31.849	[34minfo[0m	/Volumes/workspace/GoProjects/ApkAdmin/core/server_run.go:59	WEB服务已关闭
[ApkAdmin/server]2025-10-12 14:57:45.300	[34minfo[0m	/Volumes/workspace/GoProjects/ApkAdmin/initialize/gorm.go:78	register table success
[ApkAdmin/server]2025-10-12 14:57:45.303	[34minfo[0m	/Volumes/workspace/GoProjects/ApkAdmin/initialize/redis.go:35	redis connect ping response:	{"name": "", "pong": "PONG"}
[ApkAdmin/server]2025-10-12 14:57:45.304	[34minfo[0m	/Volumes/workspace/GoProjects/ApkAdmin/initialize/router.go:59	use middleware cors
[ApkAdmin/server]2025-10-12 14:57:45.305	[34minfo[0m	/Volumes/workspace/GoProjects/ApkAdmin/initialize/router.go:62	register swagger handler
[ApkAdmin/server]2025-10-12 14:57:45.322	[34minfo[0m	/Volumes/workspace/GoProjects/ApkAdmin/initialize/router.go:122	router register success
[ApkAdmin/server]2025-10-12 16:10:01.720	[34minfo[0m	/Volumes/workspace/GoProjects/ApkAdmin/core/server_run.go:48	关闭WEB服务...
[ApkAdmin/server]2025-10-12 16:10:01.722	[34minfo[0m	/Volumes/workspace/GoProjects/ApkAdmin/core/server_run.go:59	WEB服务已关闭
[ApkAdmin/server]2025-10-12 16:10:16.735	[34minfo[0m	/Volumes/workspace/GoProjects/ApkAdmin/initialize/gorm.go:78	register table success
[ApkAdmin/server]2025-10-12 16:10:16.738	[34minfo[0m	/Volumes/workspace/GoProjects/ApkAdmin/initialize/redis.go:35	redis connect ping response:	{"name": "", "pong": "PONG"}
[ApkAdmin/server]2025-10-12 16:10:16.739	[34minfo[0m	/Volumes/workspace/GoProjects/ApkAdmin/initialize/router.go:59	use middleware cors
[ApkAdmin/server]2025-10-12 16:10:16.740	[34minfo[0m	/Volumes/workspace/GoProjects/ApkAdmin/initialize/router.go:62	register swagger handler
[ApkAdmin/server]2025-10-12 16:10:16.759	[34minfo[0m	/Volumes/workspace/GoProjects/ApkAdmin/initialize/router.go:122	router register success
[ApkAdmin/server]2025-10-12 16:11:07.390	[34minfo[0m	/Volumes/workspace/GoProjects/ApkAdmin/core/server_run.go:48	关闭WEB服务...
[ApkAdmin/server]2025-10-12 16:11:07.390	[34minfo[0m	/Volumes/workspace/GoProjects/ApkAdmin/core/server_run.go:59	WEB服务已关闭
[ApkAdmin/server]2025-10-12 16:11:15.732	[34minfo[0m	/Volumes/workspace/GoProjects/ApkAdmin/initialize/gorm.go:78	register table success
[ApkAdmin/server]2025-10-12 16:11:15.734	[34minfo[0m	/Volumes/workspace/GoProjects/ApkAdmin/initialize/redis.go:35	redis connect ping response:	{"name": "", "pong": "PONG"}
[ApkAdmin/server]2025-10-12 16:11:15.735	[34minfo[0m	/Volumes/workspace/GoProjects/ApkAdmin/initialize/router.go:59	use middleware cors
[ApkAdmin/server]2025-10-12 16:11:15.735	[34minfo[0m	/Volumes/workspace/GoProjects/ApkAdmin/initialize/router.go:62	register swagger handler
[ApkAdmin/server]2025-10-12 16:11:15.749	[34minfo[0m	/Volumes/workspace/GoProjects/ApkAdmin/initialize/router.go:122	router register success
[ApkAdmin/server]2025-10-12 17:35:49.521	[34minfo[0m	/Volumes/workspace/GoProjects/ApkAdmin/core/server_run.go:48	关闭WEB服务...
[ApkAdmin/server]2025-10-12 17:35:49.522	[34minfo[0m	/Volumes/workspace/GoProjects/ApkAdmin/core/server_run.go:59	WEB服务已关闭
[ApkAdmin/server]2025-10-12 17:36:02.276	[34minfo[0m	/Volumes/workspace/GoProjects/ApkAdmin/initialize/gorm.go:78	register table success
[ApkAdmin/server]2025-10-12 17:36:02.279	[34minfo[0m	/Volumes/workspace/GoProjects/ApkAdmin/initialize/redis.go:35	redis connect ping response:	{"name": "", "pong": "PONG"}
[ApkAdmin/server]2025-10-12 17:36:02.279	[34minfo[0m	/Volumes/workspace/GoProjects/ApkAdmin/initialize/router.go:59	use middleware cors
[ApkAdmin/server]2025-10-12 17:36:02.279	[34minfo[0m	/Volumes/workspace/GoProjects/ApkAdmin/initialize/router.go:62	register swagger handler
[ApkAdmin/server]2025-10-12 17:36:02.293	[34minfo[0m	/Volumes/workspace/GoProjects/ApkAdmin/initialize/router.go:122	router register success
[ApkAdmin/server]2025-10-12 17:37:48.234	[34minfo[0m	/Volumes/workspace/GoProjects/ApkAdmin/core/server_run.go:48	关闭WEB服务...
[ApkAdmin/server]2025-10-12 17:37:48.235	[34minfo[0m	/Volumes/workspace/GoProjects/ApkAdmin/core/server_run.go:59	WEB服务已关闭
[ApkAdmin/server]2025-10-12 17:37:57.670	[34minfo[0m	/Volumes/workspace/GoProjects/ApkAdmin/initialize/gorm.go:78	register table success
[ApkAdmin/server]2025-10-12 17:37:57.672	[34minfo[0m	/Volumes/workspace/GoProjects/ApkAdmin/initialize/redis.go:35	redis connect ping response:	{"name": "", "pong": "PONG"}
[ApkAdmin/server]2025-10-12 17:37:57.673	[34minfo[0m	/Volumes/workspace/GoProjects/ApkAdmin/initialize/router.go:59	use middleware cors
[ApkAdmin/server]2025-10-12 17:37:57.673	[34minfo[0m	/Volumes/workspace/GoProjects/ApkAdmin/initialize/router.go:62	register swagger handler
[ApkAdmin/server]2025-10-12 17:37:57.685	[34minfo[0m	/Volumes/workspace/GoProjects/ApkAdmin/initialize/router.go:122	router register success
[ApkAdmin/server]2025-10-12 17:40:42.587	[34minfo[0m	/Volumes/workspace/GoProjects/ApkAdmin/service/project/userService.go:586	用户登录成功	{"phone": "13163707701", "ip": "127.0.0.1", "login_count": 1}
[ApkAdmin/server]2025-10-12 17:45:37.614	[34minfo[0m	/Volumes/workspace/GoProjects/ApkAdmin/service/project/userService.go:586	用户登录成功	{"phone": "13163707701", "ip": "127.0.0.1", "login_count": 2}
[ApkAdmin/server]2025-10-12 17:47:47.389	[34minfo[0m	/Volumes/workspace/GoProjects/ApkAdmin/service/project/userService.go:586	用户登录成功	{"phone": "13163707701", "ip": "127.0.0.1", "login_count": 3}
[ApkAdmin/server]2025-10-12 18:03:24.159	[34minfo[0m	/Volumes/workspace/GoProjects/ApkAdmin/service/project/userService.go:586	用户登录成功	{"phone": "13163707701", "ip": "127.0.0.1", "login_count": 4}
[ApkAdmin/server]2025-10-12 18:16:30.342	[34minfo[0m	/Volumes/workspace/GoProjects/ApkAdmin/core/server_run.go:48	关闭WEB服务...
[ApkAdmin/server]2025-10-12 18:16:30.343	[34minfo[0m	/Volumes/workspace/GoProjects/ApkAdmin/core/server_run.go:59	WEB服务已关闭
[ApkAdmin/server]2025-10-12 18:16:44.641	[34minfo[0m	/Volumes/workspace/GoProjects/ApkAdmin/initialize/gorm.go:78	register table success
[ApkAdmin/server]2025-10-12 18:16:44.643	[34minfo[0m	/Volumes/workspace/GoProjects/ApkAdmin/initialize/redis.go:35	redis connect ping response:	{"name": "", "pong": "PONG"}
[ApkAdmin/server]2025-10-12 18:16:44.643	[34minfo[0m	/Volumes/workspace/GoProjects/ApkAdmin/initialize/router.go:59	use middleware cors
[ApkAdmin/server]2025-10-12 18:16:44.644	[34minfo[0m	/Volumes/workspace/GoProjects/ApkAdmin/initialize/router.go:62	register swagger handler
[ApkAdmin/server]2025-10-12 18:16:44.660	[34minfo[0m	/Volumes/workspace/GoProjects/ApkAdmin/initialize/router.go:122	router register success
[ApkAdmin/server]2025-10-12 18:24:10.183	[34minfo[0m	/Volumes/workspace/GoProjects/ApkAdmin/core/server_run.go:48	关闭WEB服务...
[ApkAdmin/server]2025-10-12 18:24:10.183	[34minfo[0m	/Volumes/workspace/GoProjects/ApkAdmin/core/server_run.go:59	WEB服务已关闭
[ApkAdmin/server]2025-10-12 18:24:24.965	[34minfo[0m	/Volumes/workspace/GoProjects/ApkAdmin/initialize/gorm.go:78	register table success
[ApkAdmin/server]2025-10-12 18:24:24.968	[34minfo[0m	/Volumes/workspace/GoProjects/ApkAdmin/initialize/redis.go:35	redis connect ping response:	{"name": "", "pong": "PONG"}
[ApkAdmin/server]2025-10-12 18:24:24.969	[34minfo[0m	/Volumes/workspace/GoProjects/ApkAdmin/initialize/router.go:59	use middleware cors
[ApkAdmin/server]2025-10-12 18:24:24.970	[34minfo[0m	/Volumes/workspace/GoProjects/ApkAdmin/initialize/router.go:62	register swagger handler
[ApkAdmin/server]2025-10-12 18:24:24.987	[34minfo[0m	/Volumes/workspace/GoProjects/ApkAdmin/initialize/router.go:122	router register success
[ApkAdmin/server]2025-10-12 19:48:19.481	[34minfo[0m	/Volumes/workspace/GoProjects/ApkAdmin/core/server_run.go:48	关闭WEB服务...
[ApkAdmin/server]2025-10-12 19:48:19.483	[34minfo[0m	/Volumes/workspace/GoProjects/ApkAdmin/core/server_run.go:59	WEB服务已关闭
[ApkAdmin/server]2025-10-12 19:48:32.523	[34minfo[0m	/Volumes/workspace/GoProjects/ApkAdmin/initialize/gorm.go:78	register table success
[ApkAdmin/server]2025-10-12 19:48:32.525	[34minfo[0m	/Volumes/workspace/GoProjects/ApkAdmin/initialize/redis.go:35	redis connect ping response:	{"name": "", "pong": "PONG"}
[ApkAdmin/server]2025-10-12 19:48:32.526	[34minfo[0m	/Volumes/workspace/GoProjects/ApkAdmin/initialize/router.go:59	use middleware cors
[ApkAdmin/server]2025-10-12 19:48:32.526	[34minfo[0m	/Volumes/workspace/GoProjects/ApkAdmin/initialize/router.go:62	register swagger handler
[ApkAdmin/server]2025-10-12 19:48:32.538	[34minfo[0m	/Volumes/workspace/GoProjects/ApkAdmin/initialize/router.go:123	router register success
[ApkAdmin/server]2025-10-12 19:49:44.410	[34minfo[0m	/Volumes/workspace/GoProjects/ApkAdmin/core/server_run.go:48	关闭WEB服务...
[ApkAdmin/server]2025-10-12 19:49:44.411	[34minfo[0m	/Volumes/workspace/GoProjects/ApkAdmin/core/server_run.go:59	WEB服务已关闭
[ApkAdmin/server]2025-10-12 19:49:51.954	[34minfo[0m	/Volumes/workspace/GoProjects/ApkAdmin/initialize/gorm.go:78	register table success
[ApkAdmin/server]2025-10-12 19:49:51.955	[34minfo[0m	/Volumes/workspace/GoProjects/ApkAdmin/initialize/redis.go:35	redis connect ping response:	{"name": "", "pong": "PONG"}
[ApkAdmin/server]2025-10-12 19:49:51.956	[34minfo[0m	/Volumes/workspace/GoProjects/ApkAdmin/initialize/router.go:59	use middleware cors
[ApkAdmin/server]2025-10-12 19:49:51.956	[34minfo[0m	/Volumes/workspace/GoProjects/ApkAdmin/initialize/router.go:62	register swagger handler
[ApkAdmin/server]2025-10-12 19:49:51.969	[34minfo[0m	/Volumes/workspace/GoProjects/ApkAdmin/initialize/router.go:123	router register success
[ApkAdmin/server]2025-10-12 19:54:54.477	[34minfo[0m	/Volumes/workspace/GoProjects/ApkAdmin/core/server_run.go:48	关闭WEB服务...
[ApkAdmin/server]2025-10-12 19:54:54.479	[34minfo[0m	/Volumes/workspace/GoProjects/ApkAdmin/core/server_run.go:59	WEB服务已关闭
[ApkAdmin/server]2025-10-12 19:55:05.705	[34minfo[0m	/Volumes/workspace/GoProjects/ApkAdmin/initialize/gorm.go:78	register table success
[ApkAdmin/server]2025-10-12 19:55:05.707	[34minfo[0m	/Volumes/workspace/GoProjects/ApkAdmin/initialize/redis.go:35	redis connect ping response:	{"name": "", "pong": "PONG"}
[ApkAdmin/server]2025-10-12 19:55:05.708	[34minfo[0m	/Volumes/workspace/GoProjects/ApkAdmin/initialize/router.go:59	use middleware cors
[ApkAdmin/server]2025-10-12 19:55:05.708	[34minfo[0m	/Volumes/workspace/GoProjects/ApkAdmin/initialize/router.go:62	register swagger handler
[ApkAdmin/server]2025-10-12 19:55:05.720	[34minfo[0m	/Volumes/workspace/GoProjects/ApkAdmin/initialize/router.go:123	router register success
[ApkAdmin/server]2025-10-12 19:57:22.122	[34minfo[0m	/Volumes/workspace/GoProjects/ApkAdmin/core/server_run.go:48	关闭WEB服务...
[ApkAdmin/server]2025-10-12 19:57:22.125	[34minfo[0m	/Volumes/workspace/GoProjects/ApkAdmin/core/server_run.go:59	WEB服务已关闭
[ApkAdmin/server]2025-10-12 19:57:30.976	[34minfo[0m	/Volumes/workspace/GoProjects/ApkAdmin/initialize/gorm.go:78	register table success
[ApkAdmin/server]2025-10-12 19:57:30.979	[34minfo[0m	/Volumes/workspace/GoProjects/ApkAdmin/initialize/redis.go:35	redis connect ping response:	{"name": "", "pong": "PONG"}
[ApkAdmin/server]2025-10-12 19:57:30.980	[34minfo[0m	/Volumes/workspace/GoProjects/ApkAdmin/initialize/router.go:59	use middleware cors
[ApkAdmin/server]2025-10-12 19:57:30.980	[34minfo[0m	/Volumes/workspace/GoProjects/ApkAdmin/initialize/router.go:62	register swagger handler
[ApkAdmin/server]2025-10-12 19:57:31.000	[34minfo[0m	/Volumes/workspace/GoProjects/ApkAdmin/initialize/router.go:123	router register success
[ApkAdmin/server]2025-10-12 20:01:57.556	[34minfo[0m	/Volumes/workspace/GoProjects/ApkAdmin/core/server_run.go:48	关闭WEB服务...
[ApkAdmin/server]2025-10-12 20:01:57.557	[34minfo[0m	/Volumes/workspace/GoProjects/ApkAdmin/core/server_run.go:59	WEB服务已关闭
[ApkAdmin/server]2025-10-12 20:02:05.853	[34minfo[0m	/Volumes/workspace/GoProjects/ApkAdmin/initialize/gorm.go:78	register table success
[ApkAdmin/server]2025-10-12 20:02:05.855	[34minfo[0m	/Volumes/workspace/GoProjects/ApkAdmin/initialize/redis.go:35	redis connect ping response:	{"name": "", "pong": "PONG"}
[ApkAdmin/server]2025-10-12 20:02:05.855	[34minfo[0m	/Volumes/workspace/GoProjects/ApkAdmin/initialize/router.go:59	use middleware cors
[ApkAdmin/server]2025-10-12 20:02:05.856	[34minfo[0m	/Volumes/workspace/GoProjects/ApkAdmin/initialize/router.go:62	register swagger handler
[ApkAdmin/server]2025-10-12 20:02:05.868	[34minfo[0m	/Volumes/workspace/GoProjects/ApkAdmin/initialize/router.go:123	router register success
